#
# There is insufficient memory for the Java Runtime Environment to continue.
# Native memory allocation (mmap) failed to map 201326592 bytes for Failed to commit area from 0x0000000741600000 to 0x000000074d600000 of length 201326592.
# Possible reasons:
#   The system is out of physical RAM or swap space
#   The process is running with CompressedOops enabled, and the Java Heap may be blocking the growth of the native heap
# Possible solutions:
#   Reduce memory load on the system
#   Increase physical memory or swap space
#   Check if swap backing store is full
#   Decrease Java heap size (-Xmx/-Xms)
#   Decrease number of Java threads
#   Decrease Java thread stack sizes (-Xss)
#   Set larger code cache with -XX:ReservedCodeCacheSize=
# This output file may be truncated or incomplete.
#
#  Out of Memory Error (./src/hotspot/os/windows/os_windows.cpp:3301), pid=14528, tid=16896
#
# JRE version:  (11.0.10) (build )
# Java VM: OpenJDK 64-Bit Server VM (11.0.10+0-b96-7249189, mixed mode, sharing, tiered, compressed oops, g1 gc, windows-amd64)
# No core dump will be written. Minidumps are not enabled by default on client versions of Windows
#

---------------  S U M M A R Y ------------

Command Line: org.jetbrains.kotlin.cli.jvm.K2JVMCompiler @C:\Users\leoba\AndroidStudioProjects\TextRecognizer\CameraXTest\app\build\20220206_3804593524289797952.compiler.options

Host: Intel(R) Core(TM) i3-7020U CPU @ 2.30GHz, 4 cores, 11G,  Windows 10 , 64 bit Build 19041 (10.0.19041.1466)
Time: Sun Feb  6 04:33:15 2022 Hora estándar de Argentina elapsed time: 0.014056 seconds (0d 0h 0m 0s)

---------------  T H R E A D  ---------------

Current thread (0x00000210ffafd000):  JavaThread "Unknown thread" [_thread_in_vm, id=16896, stack(0x00000079acb00000,0x00000079acc00000)]

Stack: [0x00000079acb00000,0x00000079acc00000]
Native frames: (J=compiled Java code, j=interpreted, Vv=VM code, C=native code)
V  [jvm.dll+0x5ecfaa]
V  [jvm.dll+0x722bd5]
V  [jvm.dll+0x72412d]
V  [jvm.dll+0x7247e3]
V  [jvm.dll+0x242928]
V  [jvm.dll+0x5ea374]
V  [jvm.dll+0x5df425]
V  [jvm.dll+0x2fdebb]
V  [jvm.dll+0x2fde2a]
V  [jvm.dll+0x2fdd02]
V  [jvm.dll+0x302bf6]
V  [jvm.dll+0x34b2a3]
V  [jvm.dll+0x34b9a6]
V  [jvm.dll+0x34b3a3]
V  [jvm.dll+0x2d8888]
V  [jvm.dll+0x2d9a37]
V  [jvm.dll+0x701737]
V  [jvm.dll+0x702f2c]
V  [jvm.dll+0x3587d9]
V  [jvm.dll+0x6e4fae]
V  [jvm.dll+0x3c0be3]
V  [jvm.dll+0x3c2e91]
C  [jli.dll+0x5373]
C  [ucrtbase.dll+0x21bb2]
C  [KERNEL32.DLL+0x17034]
C  [ntdll.dll+0x52651]


---------------  P R O C E S S  ---------------

Threads class SMR info:
_java_thread_list=0x00000210fe265ac0, length=0, elements={
}

Java Threads: ( => current thread )

Other Threads:
  0x00000210ffb15000 GCTaskThread "GC Thread#0" [stack: 0x00000079acc00000,0x00000079acd00000] [id=868]
  0x00000210ffb5b800 ConcurrentGCThread "G1 Main Marker" [stack: 0x00000079acd00000,0x00000079ace00000] [id=14944]
  0x00000210ffb5d800 ConcurrentGCThread "G1 Conc#0" [stack: 0x00000079ace00000,0x00000079acf00000] [id=16108]

[error occurred during error reporting (printing all threads), id 0xc0000005, EXCEPTION_ACCESS_VIOLATION (0xc0000005) at pc=0x00007ff876be9107]

VM state:not at safepoint (not fully initialized)

VM Mutex/Monitor currently owned by a thread:  ([mutex/lock_event])
[0x00000210ffafa230] Heap_lock - owner thread: 0x00000210ffafd000

Heap address: 0x0000000741600000, size: 3050 MB, Compressed Oops mode: Non-zero based: 0x0000000741600000
Narrow klass base: 0x0000000000000000, Narrow klass shift: 0

GC Heap History (0 events):
No events

Deoptimization events (0 events):
No events

Classes redefined (0 events):
No events

Internal exceptions (0 events):
No events

Events (1 events):
Event: 0.008 Loaded shared library C:\Program Files\Android\Android Studio4\jre\bin\zip.dll


Dynamic libraries:
0x00007ff7a5820000 - 0x00007ff7a582a000 	C:\Program Files\Android\Android Studio4\jre\bin\java.exe
0x00007ff8c3750000 - 0x00007ff8c3945000 	C:\WINDOWS\SYSTEM32\ntdll.dll
0x00007ff8c3410000 - 0x00007ff8c34ce000 	C:\WINDOWS\System32\KERNEL32.DLL
0x00007ff8c1140000 - 0x00007ff8c1408000 	C:\WINDOWS\System32\KERNELBASE.dll
0x00007ff8c1040000 - 0x00007ff8c1140000 	C:\WINDOWS\System32\ucrtbase.dll
0x00007ff8b73f0000 - 0x00007ff8b7407000 	C:\Program Files\Android\Android Studio4\jre\bin\VCRUNTIME140.dll
0x00007ff8b07d0000 - 0x00007ff8b07e9000 	C:\Program Files\Android\Android Studio4\jre\bin\jli.dll
0x00007ff8c1a20000 - 0x00007ff8c1bc1000 	C:\WINDOWS\System32\USER32.dll
0x00007ff8c15c0000 - 0x00007ff8c15e2000 	C:\WINDOWS\System32\win32u.dll
0x00007ff8ab9a0000 - 0x00007ff8abc3a000 	C:\WINDOWS\WinSxS\amd64_microsoft.windows.common-controls_6595b64144ccf1df_6.0.19041.1110_none_60b5254171f9507e\COMCTL32.dll
0x00007ff8c1bd0000 - 0x00007ff8c1bfb000 	C:\WINDOWS\System32\GDI32.dll
0x00007ff8c3540000 - 0x00007ff8c35de000 	C:\WINDOWS\System32\msvcrt.dll
0x00007ff8c1680000 - 0x00007ff8c178d000 	C:\WINDOWS\System32\gdi32full.dll
0x00007ff8c0f10000 - 0x00007ff8c0fad000 	C:\WINDOWS\System32\msvcp_win.dll
0x00007ff8c1790000 - 0x00007ff8c17c0000 	C:\WINDOWS\System32\IMM32.DLL
0x00007ff88ded0000 - 0x00007ff88df6d000 	C:\Program Files\Android\Android Studio4\jre\bin\msvcp140.dll
0x00007ff876900000 - 0x00007ff8773cf000 	C:\Program Files\Android\Android Studio4\jre\bin\server\jvm.dll
0x00007ff8c2010000 - 0x00007ff8c20be000 	C:\WINDOWS\System32\ADVAPI32.dll
0x00007ff8c17d0000 - 0x00007ff8c186c000 	C:\WINDOWS\System32\sechost.dll
0x00007ff8c35e0000 - 0x00007ff8c3705000 	C:\WINDOWS\System32\RPCRT4.dll
0x00007ff8c17c0000 - 0x00007ff8c17c8000 	C:\WINDOWS\System32\PSAPI.DLL
0x00007ff8ab540000 - 0x00007ff8ab567000 	C:\WINDOWS\SYSTEM32\WINMM.dll
0x00007ff8ac2e0000 - 0x00007ff8ac2e9000 	C:\WINDOWS\SYSTEM32\WSOCK32.dll
0x00007ff8b7220000 - 0x00007ff8b722a000 	C:\WINDOWS\SYSTEM32\VERSION.dll
0x00007ff8c34d0000 - 0x00007ff8c353b000 	C:\WINDOWS\System32\WS2_32.dll
0x00007ff8bf6e0000 - 0x00007ff8bf6f2000 	C:\WINDOWS\SYSTEM32\kernel.appcore.dll
0x00007ff8bd4e0000 - 0x00007ff8bd4f1000 	C:\Program Files\Android\Android Studio4\jre\bin\verify.dll
0x00007ff8bec40000 - 0x00007ff8bee24000 	C:\WINDOWS\SYSTEM32\DBGHELP.DLL
0x00007ff8a6430000 - 0x00007ff8a645c000 	C:\WINDOWS\SYSTEM32\dbgcore.DLL
0x00007ff8c0fb0000 - 0x00007ff8c1032000 	C:\WINDOWS\System32\bcryptPrimitives.dll
0x00007ff8b7cd0000 - 0x00007ff8b7cf9000 	C:\Program Files\Android\Android Studio4\jre\bin\java.dll
0x00007ff8bd4c0000 - 0x00007ff8bd4cb000 	C:\Program Files\Android\Android Studio4\jre\bin\jimage.dll
0x00007ff8b7b80000 - 0x00007ff8b7b98000 	C:\Program Files\Android\Android Studio4\jre\bin\zip.dll

dbghelp: loaded successfully - version: 4.0.5 - missing functions: none
symbol engine: initialized successfully - sym options: 0x614 - pdb path: .;C:\Program Files\Android\Android Studio4\jre\bin;C:\WINDOWS\SYSTEM32;C:\WINDOWS\WinSxS\amd64_microsoft.windows.common-controls_6595b64144ccf1df_6.0.19041.1110_none_60b5254171f9507e;C:\Program Files\Android\Android Studio4\jre\bin\server

VM Arguments:
java_command: org.jetbrains.kotlin.cli.jvm.K2JVMCompiler @C:\Users\leoba\AndroidStudioProjects\TextRecognizer\CameraXTest\app\build\20220206_3804593524289797952.compiler.options
java_class_path (initial): C:\Users\leoba\.gradle\caches\modules-2\files-2.1\org.jetbrains.kotlin\kotlin-compiler-embeddable\1.6.10\88f2073f4020cdb83132cfe940ceb9a60aba54ea\kotlin-compiler-embeddable-1.6.10.jar;C:\Users\leoba\.gradle\caches\modules-2\files-2.1\org.jetbrains.kotlin\kotlin-reflect\1.6.10\1cbe9c92c12a94eea200d23c2bbaedaf3daf5132\kotlin-reflect-1.6.10.jar;C:\Users\leoba\.gradle\caches\modules-2\files-2.1\org.jetbrains.kotlin\kotlin-stdlib\1.6.10\b8af3fe6f1ca88526914929add63cf5e7c5049af\kotlin-stdlib-1.6.10.jar;C:\Users\leoba\.gradle\caches\modules-2\files-2.1\org.jetbrains.kotlin\kotlin-script-runtime\1.6.10\d0a7ff2e2500ef497ed0214ae40ad3c8387a6164\kotlin-script-runtime-1.6.10.jar;C:\Users\leoba\.gradle\caches\modules-2\files-2.1\org.jetbrains.kotlin\kotlin-daemon-embeddable\1.6.10\a56d79bcbea411fa6058e4ecffc2de73e742bd2a\kotlin-daemon-embeddable-1.6.10.jar;C:\Users\leoba\.gradle\caches\modules-2\files-2.1\org.jetbrains.intellij.deps\trove4j\1.0.20181211\216c2e14b070f334479d800987affe4054cd563f\trove4j-1.0.20181211.jar;C:\Users\leoba\.gradle\caches\modules-2\files-2.1\net.java.dev.jna\jna\5.6.0\330f2244e9030119ab3030fc3fededc86713d9cc\jna-5.6.0.jar;C:\Users\leoba\.gradle\caches\modules-2\files-2.1\org.jetbrains\annotations\13.0\919f0dfe192fb4e063e7dacadee7f8bb9a2672a9\annotations-13.0.jar;C:\Users\leoba\.gradle\caches\modules-2\files-2.1\org.jetbrains.kotlin\kotlin-stdlib-common\1.6.10\c118700e3a33c8a0d9adc920e9dec0831171925\kotlin-stdlib-common-1.6.10.jar
Launcher Type: SUN_STANDARD

[Global flags]
     intx CICompilerCount                          = 3                                         {product} {ergonomic}
     uint ConcGCThreads                            = 1                                         {product} {ergonomic}
     uint G1ConcRefinementThreads                  = 4                                         {product} {ergonomic}
   size_t G1HeapRegionSize                         = 1048576                                   {product} {ergonomic}
    uintx GCDrainStackTargetSize                   = 64                                        {product} {ergonomic}
   size_t InitialHeapSize                          = 201326592                                 {product} {ergonomic}
   size_t MarkStackSize                            = 4194304                                   {product} {ergonomic}
   size_t MaxHeapSize                              = 3198156800                                {product} {ergonomic}
   size_t MinHeapDeltaBytes                        = 1048576                                   {product} {ergonomic}
    uintx NonNMethodCodeHeapSize                   = 5830732                                {pd product} {ergonomic}
    uintx NonProfiledCodeHeapSize                  = 122913754                              {pd product} {ergonomic}
    uintx ProfiledCodeHeapSize                     = 122913754                              {pd product} {ergonomic}
    uintx ReservedCodeCacheSize                    = 251658240                              {pd product} {ergonomic}
     bool SegmentedCodeCache                       = true                                      {product} {ergonomic}
     bool UseCompressedClassPointers               = true                                 {lp64_product} {ergonomic}
     bool UseCompressedOops                        = true                                 {lp64_product} {ergonomic}
     bool UseG1GC                                  = true                                      {product} {ergonomic}
     bool UseLargePagesIndividualAllocation        = false                                  {pd product} {ergonomic}

Logging:
Log output configuration:
 #0: stdout all=warning uptime,level,tags
 #1: stderr all=off uptime,level,tags

Environment Variables:
PATH=C:\Program Files (x86)\Intel\Intel(R) Management Engine Components\iCLS\;C:\Program Files\Intel\Intel(R) Management Engine Components\iCLS\;C:\WINDOWS\system32;C:\WINDOWS;C:\WINDOWS\System32\Wbem;C:\WINDOWS\System32\WindowsPowerShell\v1.0\;C:\Program Files (x86)\Intel\Intel(R) Management Engine Components\DAL;C:\Program Files\Intel\Intel(R) Management Engine Components\DAL;C:\Program Files (x86)\Intel\Intel(R) Management Engine Components\IPT;C:\Program Files\Intel\Intel(R) Management Engine Components\IPT;c:\Program Files (x86)\Microsoft SQL Server\100\Tools\Binn\;c:\Program Files\Microsoft SQL Server\100\Tools\Binn\;c:\Program Files\Microsoft SQL Server\100\DTS\Binn\;c:\Program Files (x86)\Microsoft SQL Server\100\Tools\Binn\VSShell\Common7\IDE\;c:\Program Files (x86)\Microsoft SQL Server\100\DTS\Binn\;C:\Users\leoba\.dnx\bin;C:\Program Files\Microsoft DNX\Dnvm\;C:\Program Files\Microsoft SQL Server\130\Tools\Binn\;C:\WINDOWS\System32\OpenSSH\;C:\Program Files\Git\cmd;C:\Users\leoba\AppData\Local\Microsoft\WindowsApps;C:\Users\leoba\AppData\Local\GitHubDesktop\bin;%USERPROFILE%\AppData\Local\Microsoft\WindowsApps;
USERNAME=leoba
OS=Windows_NT
PROCESSOR_IDENTIFIER=Intel64 Family 6 Model 142 Stepping 10, GenuineIntel



---------------  S Y S T E M  ---------------

OS: Windows 10 , 64 bit Build 19041 (10.0.19041.1466)
OS uptime: 12 days 15:33 hours

CPU:total 4 (initial active 4) (2 cores per cpu, 2 threads per core) family 6 model 142 stepping 10 microcode 0xb4, cmov, cx8, fxsr, mmx, sse, sse2, sse3, ssse3, sse4.1, sse4.2, popcnt, avx, avx2, aes, clmul, erms, 3dnowpref, lzcnt, ht, tsc, tscinvbit, bmi1, bmi2, adx, fma

Memory: 4k page, system-wide physical 12197M (984M free)
TotalPageFile size 12197M (AvailPageFile size 177M)
current process WorkingSet (physical memory assigned to process): 9M, peak: 9M
current process commit charge ("private bytes"): 51M, peak: 243M

vm_info: OpenJDK 64-Bit Server VM (11.0.10+0-b96-7249189) for windows-amd64 JRE (11.0.10+0-b96-7249189), built on Mar 31 2021 21:44:00 by "builder" with MS VC++ 14.0 (VS2015)

END.
