#
# There is insufficient memory for the Java Runtime Environment to continue.
# Native memory allocation (malloc) failed to allocate 1260816 bytes for Chunk::new
# Possible reasons:
#   The system is out of physical RAM or swap space
#   The process is running with CompressedOops enabled, and the Java Heap may be blocking the growth of the native heap
# Possible solutions:
#   Reduce memory load on the system
#   Increase physical memory or swap space
#   Check if swap backing store is full
#   Decrease Java heap size (-Xmx/-Xms)
#   Decrease number of Java threads
#   Decrease Java thread stack sizes (-Xss)
#   Set larger code cache with -XX:ReservedCodeCacheSize=
#   JVM is running with Unscaled Compressed Oops mode in which the Java heap is
#     placed in the first 4GB address space. The Java Heap base address is the
#     maximum limit for the native heap growth. Please use -XX:HeapBaseMinAddress
#     to set the Java Heap base and to place the Java Heap above 4GB virtual address.
# This output file may be truncated or incomplete.
#
#  Out of Memory Error (./src/hotspot/share/memory/arena.cpp:197), pid=5696, tid=12192
#
# JRE version: OpenJDK Runtime Environment (11.0.10) (build 11.0.10+0-b96-7249189)
# Java VM: OpenJDK 64-Bit Server VM (11.0.10+0-b96-7249189, mixed mode, tiered, compressed oops, g1 gc, windows-amd64)
# No core dump will be written. Minidumps are not enabled by default on client versions of Windows
#

---------------  S U M M A R Y ------------

Command Line: --add-opens=java.base/java.util=ALL-UNNAMED --add-opens=java.base/java.lang=ALL-UNNAMED --add-opens=java.base/java.lang.invoke=ALL-UNNAMED --add-opens=java.base/java.util=ALL-UNNAMED --add-opens=java.prefs/java.util.prefs=ALL-UNNAMED --add-opens=java.prefs/java.util.prefs=ALL-UNNAMED --add-opens=java.base/java.nio.charset=ALL-UNNAMED --add-opens=java.base/java.net=ALL-UNNAMED --add-opens=java.base/java.util.concurrent.atomic=ALL-UNNAMED -Xmx2048m -Dfile.encoding=UTF-8 -Duser.country=ES -Duser.language=es -Duser.variant org.gradle.launcher.daemon.bootstrap.GradleDaemon 7.0.2

Host: Intel(R) Core(TM) i3-7020U CPU @ 2.30GHz, 4 cores, 11G,  Windows 10 , 64 bit Build 19041 (10.0.19041.1466)
Time: Tue Feb  8 11:25:00 2022 Hora estándar de Argentina elapsed time: 62.627387 seconds (0d 0h 1m 2s)

---------------  T H R E A D  ---------------

Current thread (0x0000014991b6e000):  JavaThread "C2 CompilerThread0" daemon [_thread_in_native, id=12192, stack(0x0000002ff8600000,0x0000002ff8700000)]


Current CompileTask:
C2:  62627 11452       4       org.gradle.api.internal.artifacts.transform.ConsumerProvidedVariantFinder::matchAttributes (68 bytes)

Stack: [0x0000002ff8600000,0x0000002ff8700000]
Native frames: (J=compiled Java code, j=interpreted, Vv=VM code, C=native code)
V  [jvm.dll+0x5ecfaa]
V  [jvm.dll+0x722bd5]
V  [jvm.dll+0x72412d]
V  [jvm.dll+0x7247e3]
V  [jvm.dll+0x242928]
V  [jvm.dll+0xbc4fc]
V  [jvm.dll+0xbca0c]
V  [jvm.dll+0x352d7d]
V  [jvm.dll+0x19800c]
V  [jvm.dll+0x1fb70e]
V  [jvm.dll+0x1fa7f4]
V  [jvm.dll+0x18354c]
V  [jvm.dll+0x208ee7]
V  [jvm.dll+0x207731]
V  [jvm.dll+0x6eb1cf]
V  [jvm.dll+0x6e3d45]
V  [jvm.dll+0x5ebe96]
C  [ucrtbase.dll+0x21bb2]
C  [KERNEL32.DLL+0x17034]
C  [ntdll.dll+0x52651]


---------------  P R O C E S S  ---------------

Threads class SMR info:
_java_thread_list=0x0000014998684c10, length=58, elements={
0x00000149f56fe000, 0x0000014991b11800, 0x0000014991b1f000, 0x0000014991b65000,
0x0000014991b68000, 0x0000014991b6b000, 0x0000014991b6e000, 0x0000014991b6f800,
0x0000014991bcc800, 0x0000014991cca000, 0x000001499454b800, 0x0000014991d96000,
0x00000149958e4800, 0x0000014994bce000, 0x0000014995821800, 0x000001499556b800,
0x0000014995497800, 0x0000014993612000, 0x0000014993613000, 0x0000014993df7800,
0x0000014993df8800, 0x0000014993df2800, 0x0000014993df9000, 0x0000014993df3800,
0x0000014993df4800, 0x0000014993df5000, 0x0000014993df6000, 0x0000014993df6800,
0x0000014992d5a800, 0x0000014992d5b000, 0x0000014992d58000, 0x0000014992d5d000,
0x0000014992d59800, 0x0000014992d61000, 0x0000014992d65000, 0x0000014992d5f800,
0x0000014992d61800, 0x0000014992d66000, 0x0000014992d64000, 0x0000014992d60000,
0x0000014992d62800, 0x0000014992d63800, 0x000001499788a000, 0x0000014997887800,
0x000001499788a800, 0x000001499788b800, 0x0000014997886000, 0x000001499788c800,
0x000001499788e000, 0x000001499788f000, 0x0000014997889000, 0x0000014997890800,
0x0000014997892000, 0x0000014997891000, 0x0000014998ca9800, 0x0000014997893000,
0x0000014997893800, 0x0000014997894800
}

Java Threads: ( => current thread )
  0x00000149f56fe000 JavaThread "main" [_thread_blocked, id=9092, stack(0x0000002ff7a00000,0x0000002ff7b00000)]
  0x0000014991b11800 JavaThread "Reference Handler" daemon [_thread_blocked, id=13420, stack(0x0000002ff8100000,0x0000002ff8200000)]
  0x0000014991b1f000 JavaThread "Finalizer" daemon [_thread_blocked, id=6800, stack(0x0000002ff8200000,0x0000002ff8300000)]
  0x0000014991b65000 JavaThread "Signal Dispatcher" daemon [_thread_blocked, id=6748, stack(0x0000002ff8300000,0x0000002ff8400000)]
  0x0000014991b68000 JavaThread "Attach Listener" daemon [_thread_blocked, id=10168, stack(0x0000002ff8400000,0x0000002ff8500000)]
  0x0000014991b6b000 JavaThread "Service Thread" daemon [_thread_blocked, id=5900, stack(0x0000002ff8500000,0x0000002ff8600000)]
=>0x0000014991b6e000 JavaThread "C2 CompilerThread0" daemon [_thread_in_native, id=12192, stack(0x0000002ff8600000,0x0000002ff8700000)]
  0x0000014991b6f800 JavaThread "C1 CompilerThread0" daemon [_thread_blocked, id=11008, stack(0x0000002ff8700000,0x0000002ff8800000)]
  0x0000014991bcc800 JavaThread "Sweeper thread" daemon [_thread_blocked, id=2700, stack(0x0000002ff8800000,0x0000002ff8900000)]
  0x0000014991cca000 JavaThread "Common-Cleaner" daemon [_thread_blocked, id=13636, stack(0x0000002ff8900000,0x0000002ff8a00000)]
  0x000001499454b800 JavaThread "Daemon health stats" [_thread_blocked, id=14252, stack(0x0000002ff8f00000,0x0000002ff9000000)]
  0x0000014991d96000 JavaThread "Incoming local TCP Connector on port 63502" [_thread_in_native, id=5680, stack(0x0000002ff8b00000,0x0000002ff8c00000)]
  0x00000149958e4800 JavaThread "Daemon periodic checks" [_thread_blocked, id=8876, stack(0x0000002ff9000000,0x0000002ff9100000)]
  0x0000014994bce000 JavaThread "Daemon" [_thread_blocked, id=1284, stack(0x0000002ff9100000,0x0000002ff9200000)]
  0x0000014995821800 JavaThread "Handler for socket connection from /127.0.0.1:63502 to /127.0.0.1:63503" [_thread_in_native, id=14372, stack(0x0000002ff9200000,0x0000002ff9300000)]
  0x000001499556b800 JavaThread "Cancel handler" [_thread_blocked, id=14184, stack(0x0000002ff9300000,0x0000002ff9400000)]
  0x0000014995497800 JavaThread "Daemon worker" [_thread_blocked, id=6268, stack(0x0000002ff9400000,0x0000002ff9500000)]
  0x0000014993612000 JavaThread "Asynchronous log dispatcher for DefaultDaemonConnection: socket connection from /127.0.0.1:63502 to /127.0.0.1:63503" [_thread_blocked, id=10056, stack(0x0000002ff9500000,0x0000002ff9600000)]
  0x0000014993613000 JavaThread "Stdin handler" [_thread_blocked, id=3020, stack(0x0000002ff9600000,0x0000002ff9700000)]
  0x0000014993df7800 JavaThread "Daemon client event forwarder" [_thread_blocked, id=14640, stack(0x0000002ff9700000,0x0000002ff9800000)]
  0x0000014993df8800 JavaThread "Cache worker for file hash cache (C:\Users\leoba\.gradle\caches\7.0.2\fileHashes)" [_thread_blocked, id=8980, stack(0x0000002ff9800000,0x0000002ff9900000)]
  0x0000014993df2800 JavaThread "File lock request listener" [_thread_in_native, id=8608, stack(0x0000002ff9900000,0x0000002ff9a00000)]
  0x0000014993df9000 JavaThread "Cache worker for journal cache (C:\Users\leoba\.gradle\caches\journal-1)" [_thread_blocked, id=15104, stack(0x0000002ff9a00000,0x0000002ff9b00000)]
  0x0000014993df3800 JavaThread "Cache worker for file hash cache (C:\Users\leoba\AndroidStudioProjects\TextRecognizer\CameraXTest\.gradle\7.0.2\fileHashes)" [_thread_blocked, id=8368, stack(0x0000002ff9c00000,0x0000002ff9d00000)]
  0x0000014993df4800 JavaThread "File watcher server" daemon [_thread_in_native, id=11108, stack(0x0000002ff9d00000,0x0000002ff9e00000)]
  0x0000014993df5000 JavaThread "File watcher consumer" daemon [_thread_blocked, id=7516, stack(0x0000002ff9e00000,0x0000002ff9f00000)]
  0x0000014993df6000 JavaThread "Cache worker for checksums cache (C:\Users\leoba\AndroidStudioProjects\TextRecognizer\CameraXTest\.gradle\checksums)" [_thread_blocked, id=12364, stack(0x0000002ff9f00000,0x0000002ffa000000)]
  0x0000014993df6800 JavaThread "Cache worker for cache directory md-supplier (C:\Users\leoba\.gradle\caches\7.0.2\md-supplier)" [_thread_blocked, id=13580, stack(0x0000002ffa000000,0x0000002ffa100000)]
  0x0000014992d5a800 JavaThread "Cache worker for cache directory md-rule (C:\Users\leoba\.gradle\caches\7.0.2\md-rule)" [_thread_blocked, id=13348, stack(0x0000002ffa100000,0x0000002ffa200000)]
  0x0000014992d5b000 JavaThread "Cache worker for execution history cache (C:\Users\leoba\.gradle\caches\7.0.2\executionHistory)" [_thread_blocked, id=6324, stack(0x0000002ffa200000,0x0000002ffa300000)]
  0x0000014992d58000 JavaThread "jar transforms" [_thread_blocked, id=8712, stack(0x0000002ffa300000,0x0000002ffa400000)]
  0x0000014992d5d000 JavaThread "jar transforms Thread 2" [_thread_blocked, id=14316, stack(0x0000002ffa400000,0x0000002ffa500000)]
  0x0000014992d59800 JavaThread "Cache worker for file content cache (C:\Users\leoba\.gradle\caches\7.0.2\fileContent)" [_thread_blocked, id=14124, stack(0x0000002ffa500000,0x0000002ffa600000)]
  0x0000014992d61000 JavaThread "Cache worker for dependencies-accessors (C:\Users\leoba\AndroidStudioProjects\TextRecognizer\CameraXTest\.gradle\7.0.2\dependencies-accessors)" [_thread_blocked, id=14192, stack(0x0000002ffa600000,0x0000002ffa700000)]
  0x0000014992d65000 JavaThread "jar transforms Thread 3" [_thread_blocked, id=12596, stack(0x0000002ffa700000,0x0000002ffa800000)]
  0x0000014992d5f800 JavaThread "Cache worker for Build Output Cleanup Cache (C:\Users\leoba\AndroidStudioProjects\TextRecognizer\CameraXTest\.gradle\buildOutputCleanup)" [_thread_blocked, id=13152, stack(0x0000002ffa800000,0x0000002ffa900000)]
  0x0000014992d61800 JavaThread "Build operations" [_thread_blocked, id=12824, stack(0x0000002ffa900000,0x0000002ffaa00000)]
  0x0000014992d66000 JavaThread "Build operations Thread 2" [_thread_blocked, id=7800, stack(0x0000002ffaa00000,0x0000002ffab00000)]
  0x0000014992d64000 JavaThread "Build operations Thread 3" [_thread_blocked, id=7684, stack(0x0000002ffab00000,0x0000002ffac00000)]
  0x0000014992d60000 JavaThread "Build operations Thread 4" [_thread_blocked, id=13500, stack(0x0000002ffac00000,0x0000002ffad00000)]
  0x0000014992d62800 JavaThread "jar transforms Thread 4" [_thread_blocked, id=14160, stack(0x0000002ffad00000,0x0000002ffae00000)]
  0x0000014992d63800 JavaThread "Memory manager" [_thread_blocked, id=13340, stack(0x0000002ffb000000,0x0000002ffb100000)]
  0x000001499788a000 JavaThread "build event listener" [_thread_blocked, id=8392, stack(0x0000002ffb100000,0x0000002ffb200000)]
  0x0000014997887800 JavaThread "build event listener" [_thread_blocked, id=11820, stack(0x0000002ffb200000,0x0000002ffb300000)]
  0x000001499788a800 JavaThread "Execution worker for ':'" [_thread_blocked, id=4308, stack(0x0000002ffb300000,0x0000002ffb400000)]
  0x000001499788b800 JavaThread "Execution worker for ':' Thread 2" [_thread_in_vm, id=15316, stack(0x0000002ffb400000,0x0000002ffb500000)]
  0x0000014997886000 JavaThread "Execution worker for ':' Thread 3" [_thread_blocked, id=7048, stack(0x0000002ffb500000,0x0000002ffb600000)]
  0x000001499788c800 JavaThread "Cache worker for execution history cache (C:\Users\leoba\AndroidStudioProjects\TextRecognizer\CameraXTest\.gradle\7.0.2\executionHistory)" [_thread_blocked, id=7436, stack(0x0000002ffb600000,0x0000002ffb700000)]
  0x000001499788e000 JavaThread "RMI Scheduler(0)" daemon [_thread_blocked, id=5440, stack(0x0000002ff9b00000,0x0000002ff9c00000)]
  0x000001499788f000 JavaThread "RMI RenewClean-[127.0.0.1:17109,org.jetbrains.kotlin.daemon.common.LoopbackNetworkInterface$ClientLoopbackSocketFactory@212770f3]" daemon [_thread_blocked, id=13452, stack(0x0000002ffb900000,0x0000002ffba00000)]
  0x0000014997889000 JavaThread "RMI GC Daemon" daemon [_thread_blocked, id=7012, stack(0x0000002ffba00000,0x0000002ffbb00000)]
  0x0000014997890800 JavaThread "RMI TCP Accept-0" daemon [_thread_in_native, id=7448, stack(0x0000002ffbb00000,0x0000002ffbc00000)]
  0x0000014997892000 JavaThread "RMI Reaper" [_thread_blocked, id=11120, stack(0x0000002ffbc00000,0x0000002ffbd00000)]
  0x0000014997891000 JavaThread "RMI TCP Connection(2)-127.0.0.1" daemon [_thread_in_native, id=1092, stack(0x0000002ffbd00000,0x0000002ffbe00000)]
  0x0000014998ca9800 JavaThread "C2 CompilerThread1" daemon [_thread_in_native, id=9872, stack(0x0000002ff7700000,0x0000002ff7800000)]
  0x0000014997893000 JavaThread "Cache worker for Java compile cache (C:\Users\leoba\.gradle\caches\7.0.2\javaCompile)" [_thread_blocked, id=8676, stack(0x0000002ff7800000,0x0000002ff7900000)]
  0x0000014997893800 JavaThread "Cache worker for Java compile cache (C:\Users\leoba\AndroidStudioProjects\TextRecognizer\CameraXTest\.gradle\7.0.2\javaCompile)" [_thread_blocked, id=13700, stack(0x0000002ff7900000,0x0000002ff7a00000)]
  0x0000014997894800 JavaThread "WorkerExecutor Queue" [_thread_in_Java, id=11424, stack(0x0000002ffbe00000,0x0000002ffbf00000)]

Other Threads:
  0x00000149912ee000 VMThread "VM Thread" [stack: 0x0000002ff8000000,0x0000002ff8100000] [id=15312]
  0x0000014991ce2000 WatcherThread [stack: 0x0000002ff8a00000,0x0000002ff8b00000] [id=9420]
  0x00000149f5715800 GCTaskThread "GC Thread#0" [stack: 0x0000002ff7b00000,0x0000002ff7c00000] [id=10576]
  0x0000014992840800 GCTaskThread "GC Thread#1" [stack: 0x0000002ff8c00000,0x0000002ff8d00000] [id=5876]
  0x0000014992879000 GCTaskThread "GC Thread#2" [stack: 0x0000002ff8d00000,0x0000002ff8e00000] [id=12868]
  0x00000149920cc000 GCTaskThread "GC Thread#3" [stack: 0x0000002ff8e00000,0x0000002ff8f00000] [id=10624]
  0x00000149f5747800 ConcurrentGCThread "G1 Main Marker" [stack: 0x0000002ff7c00000,0x0000002ff7d00000] [id=13432]
  0x00000149f5749800 ConcurrentGCThread "G1 Conc#0" [stack: 0x0000002ff7d00000,0x0000002ff7e00000] [id=15348]
  0x000001499113e800 ConcurrentGCThread "G1 Refine#0" [stack: 0x0000002ff7e00000,0x0000002ff7f00000] [id=12148]
  0x0000014995d62800 ConcurrentGCThread "G1 Refine#1" [stack: 0x0000002ffae00000,0x0000002ffaf00000] [id=9124]
  0x0000014992157000 ConcurrentGCThread "G1 Refine#2" [stack: 0x0000002ffaf00000,0x0000002ffb000000] [id=14276]
  0x00000149f57de800 ConcurrentGCThread "G1 Young RemSet Sampling" [stack: 0x0000002ff7f00000,0x0000002ff8000000] [id=12836]

Threads with active compile tasks:
C2 CompilerThread0  62680 11452       4       org.gradle.api.internal.artifacts.transform.ConsumerProvidedVariantFinder::matchAttributes (68 bytes)
C2 CompilerThread1  62680 11437   !   4       org.gradle.api.internal.artifacts.transform.TransformingAsyncArtifactListener$TransformedArtifact::finalizeValue (165 bytes)

VM state:not at safepoint (normal execution)

VM Mutex/Monitor currently owned by a thread:  ([mutex/lock_event])
[0x00000149f56f8ed0] CompiledIC_lock - owner thread: 0x0000000000000000

Heap address: 0x0000000080000000, size: 2048 MB, Compressed Oops mode: 32-bit
Narrow klass base: 0x0000000000000000, Narrow klass shift: 3
Compressed class space size: 1073741824 Address: 0x0000000100000000

Heap:
 garbage-first heap   total 196608K, used 146050K [0x0000000080000000, 0x0000000100000000)
  region size 1024K, 61 young (62464K), 10 survivors (10240K)
 Metaspace       used 94576K, capacity 96995K, committed 97176K, reserved 1132544K
  class space    used 12231K, capacity 13144K, committed 13208K, reserved 1048576K
Heap Regions: E=young(eden), S=young(survivor), O=old, HS=humongous(starts), HC=humongous(continues), CS=collection set, F=free, A=archive, TAMS=top-at-mark-start (previous, next)
|   0|0x0000000080000000, 0x0000000080100000, 0x0000000080100000|100%| O|  |TAMS 0x0000000080100000, 0x0000000080000000| Untracked 
|   1|0x0000000080100000, 0x0000000080200000, 0x0000000080200000|100%| O|  |TAMS 0x0000000080200000, 0x0000000080100000| Untracked 
|   2|0x0000000080200000, 0x0000000080300000, 0x0000000080300000|100%| O|  |TAMS 0x0000000080300000, 0x0000000080200000| Untracked 
|   3|0x0000000080300000, 0x0000000080400000, 0x0000000080400000|100%|HS|  |TAMS 0x0000000080400000, 0x0000000080300000| Complete 
|   4|0x0000000080400000, 0x0000000080500000, 0x0000000080500000|100%|HC|  |TAMS 0x0000000080500000, 0x0000000080400000| Complete 
|   5|0x0000000080500000, 0x0000000080600000, 0x0000000080600000|100%|HC|  |TAMS 0x0000000080600000, 0x0000000080500000| Complete 
|   6|0x0000000080600000, 0x0000000080700000, 0x0000000080700000|100%| O|  |TAMS 0x0000000080700000, 0x0000000080600000| Untracked 
|   7|0x0000000080700000, 0x0000000080800000, 0x0000000080800000|100%| O|  |TAMS 0x0000000080800000, 0x0000000080700000| Untracked 
|   8|0x0000000080800000, 0x0000000080900000, 0x0000000080900000|100%| O|  |TAMS 0x0000000080900000, 0x0000000080800000| Untracked 
|   9|0x0000000080900000, 0x0000000080a00000, 0x0000000080a00000|100%| O|  |TAMS 0x0000000080a00000, 0x0000000080900000| Untracked 
|  10|0x0000000080a00000, 0x0000000080b00000, 0x0000000080b00000|100%| O|  |TAMS 0x0000000080b00000, 0x0000000080a00000| Untracked 
|  11|0x0000000080b00000, 0x0000000080c00000, 0x0000000080c00000|100%| O|  |TAMS 0x0000000080c00000, 0x0000000080b00000| Untracked 
|  12|0x0000000080c00000, 0x0000000080d00000, 0x0000000080d00000|100%| O|  |TAMS 0x0000000080d00000, 0x0000000080c00000| Untracked 
|  13|0x0000000080d00000, 0x0000000080e00000, 0x0000000080e00000|100%| O|  |TAMS 0x0000000080e00000, 0x0000000080d00000| Untracked 
|  14|0x0000000080e00000, 0x0000000080f00000, 0x0000000080f00000|100%| O|  |TAMS 0x0000000080f00000, 0x0000000080e00000| Untracked 
|  15|0x0000000080f00000, 0x0000000081000000, 0x0000000081000000|100%| O|  |TAMS 0x0000000081000000, 0x0000000080f00000| Untracked 
|  16|0x0000000081000000, 0x0000000081100000, 0x0000000081100000|100%|HS|  |TAMS 0x0000000081100000, 0x0000000081000000| Complete 
|  17|0x0000000081100000, 0x0000000081200000, 0x0000000081200000|100%|HS|  |TAMS 0x0000000081200000, 0x0000000081100000| Complete 
|  18|0x0000000081200000, 0x0000000081300000, 0x0000000081300000|100%|HS|  |TAMS 0x0000000081300000, 0x0000000081200000| Complete 
|  19|0x0000000081300000, 0x0000000081400000, 0x0000000081400000|100%|HS|  |TAMS 0x0000000081400000, 0x0000000081300000| Complete 
|  20|0x0000000081400000, 0x0000000081500000, 0x0000000081500000|100%|HC|  |TAMS 0x0000000081500000, 0x0000000081400000| Complete 
|  21|0x0000000081500000, 0x0000000081600000, 0x0000000081600000|100%|HC|  |TAMS 0x0000000081600000, 0x0000000081500000| Complete 
|  22|0x0000000081600000, 0x0000000081700000, 0x0000000081700000|100%|HS|  |TAMS 0x0000000081700000, 0x0000000081600000| Complete 
|  23|0x0000000081700000, 0x0000000081800000, 0x0000000081800000|100%|HC|  |TAMS 0x0000000081800000, 0x0000000081700000| Complete 
|  24|0x0000000081800000, 0x0000000081900000, 0x0000000081900000|100%| O|  |TAMS 0x0000000081900000, 0x0000000081800000| Untracked 
|  25|0x0000000081900000, 0x0000000081a00000, 0x0000000081a00000|100%| O|  |TAMS 0x0000000081a00000, 0x0000000081900000| Untracked 
|  26|0x0000000081a00000, 0x0000000081b00000, 0x0000000081b00000|100%| O|  |TAMS 0x0000000081b00000, 0x0000000081a00000| Untracked 
|  27|0x0000000081b00000, 0x0000000081c00000, 0x0000000081c00000|100%| O|  |TAMS 0x0000000081c00000, 0x0000000081b00000| Untracked 
|  28|0x0000000081c00000, 0x0000000081d00000, 0x0000000081d00000|100%| O|  |TAMS 0x0000000081d00000, 0x0000000081c00000| Untracked 
|  29|0x0000000081d00000, 0x0000000081e00000, 0x0000000081e00000|100%| O|  |TAMS 0x0000000081e00000, 0x0000000081d00000| Untracked 
|  30|0x0000000081e00000, 0x0000000081f00000, 0x0000000081f00000|100%| O|  |TAMS 0x0000000081f00000, 0x0000000081e00000| Untracked 
|  31|0x0000000081f00000, 0x0000000082000000, 0x0000000082000000|100%| O|  |TAMS 0x0000000082000000, 0x0000000081f00000| Untracked 
|  32|0x0000000082000000, 0x0000000082100000, 0x0000000082100000|100%| O|  |TAMS 0x0000000082100000, 0x0000000082000000| Untracked 
|  33|0x0000000082100000, 0x0000000082200000, 0x0000000082200000|100%| O|  |TAMS 0x0000000082200000, 0x0000000082100000| Untracked 
|  34|0x0000000082200000, 0x0000000082300000, 0x0000000082300000|100%| O|  |TAMS 0x0000000082300000, 0x0000000082200000| Untracked 
|  35|0x0000000082300000, 0x0000000082400000, 0x0000000082400000|100%| O|  |TAMS 0x0000000082400000, 0x0000000082300000| Untracked 
|  36|0x0000000082400000, 0x0000000082500000, 0x0000000082500000|100%| O|  |TAMS 0x0000000082500000, 0x0000000082400000| Untracked 
|  37|0x0000000082500000, 0x0000000082600000, 0x0000000082600000|100%| O|  |TAMS 0x0000000082600000, 0x0000000082500000| Untracked 
|  38|0x0000000082600000, 0x0000000082700000, 0x0000000082700000|100%| O|  |TAMS 0x0000000082700000, 0x0000000082600000| Untracked 
|  39|0x0000000082700000, 0x0000000082800000, 0x0000000082800000|100%| O|  |TAMS 0x0000000082800000, 0x0000000082700000| Untracked 
|  40|0x0000000082800000, 0x0000000082900000, 0x0000000082900000|100%| O|  |TAMS 0x0000000082900000, 0x0000000082800000| Untracked 
|  41|0x0000000082900000, 0x0000000082a00000, 0x0000000082a00000|100%| O|  |TAMS 0x0000000082a00000, 0x0000000082900000| Untracked 
|  42|0x0000000082a00000, 0x0000000082b00000, 0x0000000082b00000|100%| O|  |TAMS 0x0000000082b00000, 0x0000000082a00000| Untracked 
|  43|0x0000000082b00000, 0x0000000082c00000, 0x0000000082c00000|100%| O|  |TAMS 0x0000000082c00000, 0x0000000082b00000| Untracked 
|  44|0x0000000082c00000, 0x0000000082d00000, 0x0000000082d00000|100%| O|  |TAMS 0x0000000082d00000, 0x0000000082c00000| Untracked 
|  45|0x0000000082d00000, 0x0000000082e00000, 0x0000000082e00000|100%| O|  |TAMS 0x0000000082e00000, 0x0000000082d00000| Untracked 
|  46|0x0000000082e00000, 0x0000000082f00000, 0x0000000082f00000|100%| O|  |TAMS 0x0000000082f00000, 0x0000000082e00000| Untracked 
|  47|0x0000000082f00000, 0x0000000083000000, 0x0000000083000000|100%| O|  |TAMS 0x0000000082f4e800, 0x0000000082f00000| Untracked 
|  48|0x0000000083000000, 0x0000000083100000, 0x0000000083100000|100%| O|  |TAMS 0x0000000083000000, 0x0000000083000000| Untracked 
|  49|0x0000000083100000, 0x0000000083200000, 0x0000000083200000|100%| O|  |TAMS 0x0000000083100000, 0x0000000083100000| Untracked 
|  50|0x0000000083200000, 0x0000000083300000, 0x0000000083300000|100%| O|  |TAMS 0x0000000083200000, 0x0000000083200000| Untracked 
|  51|0x0000000083300000, 0x0000000083400000, 0x0000000083400000|100%| O|  |TAMS 0x0000000083300000, 0x0000000083300000| Untracked 
|  52|0x0000000083400000, 0x0000000083500000, 0x0000000083500000|100%| O|  |TAMS 0x0000000083400000, 0x0000000083400000| Untracked 
|  53|0x0000000083500000, 0x0000000083600000, 0x0000000083600000|100%| O|  |TAMS 0x0000000083500000, 0x0000000083500000| Untracked 
|  54|0x0000000083600000, 0x0000000083700000, 0x0000000083700000|100%| O|  |TAMS 0x0000000083600000, 0x0000000083600000| Untracked 
|  55|0x0000000083700000, 0x0000000083800000, 0x0000000083800000|100%| O|  |TAMS 0x0000000083700000, 0x0000000083700000| Untracked 
|  56|0x0000000083800000, 0x0000000083900000, 0x0000000083900000|100%| O|  |TAMS 0x0000000083800000, 0x0000000083800000| Untracked 
|  57|0x0000000083900000, 0x0000000083a00000, 0x0000000083a00000|100%| O|  |TAMS 0x0000000083900000, 0x0000000083900000| Untracked 
|  58|0x0000000083a00000, 0x0000000083b00000, 0x0000000083b00000|100%| O|  |TAMS 0x0000000083a00000, 0x0000000083a00000| Untracked 
|  59|0x0000000083b00000, 0x0000000083c00000, 0x0000000083c00000|100%| O|  |TAMS 0x0000000083b00000, 0x0000000083b00000| Untracked 
|  60|0x0000000083c00000, 0x0000000083d00000, 0x0000000083d00000|100%| O|  |TAMS 0x0000000083c00000, 0x0000000083c00000| Untracked 
|  61|0x0000000083d00000, 0x0000000083e00000, 0x0000000083e00000|100%| O|  |TAMS 0x0000000083d00000, 0x0000000083d00000| Untracked 
|  62|0x0000000083e00000, 0x0000000083f00000, 0x0000000083f00000|100%| O|  |TAMS 0x0000000083e00000, 0x0000000083e00000| Untracked 
|  63|0x0000000083f00000, 0x0000000084000000, 0x0000000084000000|100%| O|  |TAMS 0x0000000083f00000, 0x0000000083f00000| Untracked 
|  64|0x0000000084000000, 0x0000000084100000, 0x0000000084100000|100%| O|  |TAMS 0x0000000084000000, 0x0000000084000000| Untracked 
|  65|0x0000000084100000, 0x0000000084200000, 0x0000000084200000|100%| O|  |TAMS 0x0000000084100000, 0x0000000084100000| Untracked 
|  66|0x0000000084200000, 0x0000000084300000, 0x0000000084300000|100%| O|  |TAMS 0x0000000084200000, 0x0000000084200000| Untracked 
|  67|0x0000000084300000, 0x0000000084400000, 0x0000000084400000|100%| O|  |TAMS 0x0000000084300000, 0x0000000084300000| Untracked 
|  68|0x0000000084400000, 0x0000000084500000, 0x0000000084500000|100%| O|  |TAMS 0x0000000084400000, 0x0000000084400000| Untracked 
|  69|0x0000000084500000, 0x0000000084600000, 0x0000000084600000|100%| O|  |TAMS 0x0000000084500000, 0x0000000084500000| Untracked 
|  70|0x0000000084600000, 0x0000000084700000, 0x0000000084700000|100%| O|  |TAMS 0x0000000084600000, 0x0000000084600000| Untracked 
|  71|0x0000000084700000, 0x0000000084800000, 0x0000000084800000|100%| O|  |TAMS 0x0000000084700000, 0x0000000084700000| Untracked 
|  72|0x0000000084800000, 0x0000000084900000, 0x0000000084900000|100%| O|  |TAMS 0x0000000084800000, 0x0000000084800000| Untracked 
|  73|0x0000000084900000, 0x0000000084a00000, 0x0000000084a00000|100%| O|  |TAMS 0x0000000084900000, 0x0000000084900000| Untracked 
|  74|0x0000000084a00000, 0x0000000084b00000, 0x0000000084b00000|100%| O|  |TAMS 0x0000000084a00000, 0x0000000084a00000| Untracked 
|  75|0x0000000084b00000, 0x0000000084c00000, 0x0000000084c00000|100%| O|  |TAMS 0x0000000084b00000, 0x0000000084b00000| Untracked 
|  76|0x0000000084c00000, 0x0000000084d00000, 0x0000000084d00000|100%| O|  |TAMS 0x0000000084c00000, 0x0000000084c00000| Untracked 
|  77|0x0000000084d00000, 0x0000000084e00000, 0x0000000084e00000|100%| O|  |TAMS 0x0000000084d00000, 0x0000000084d00000| Untracked 
|  78|0x0000000084e00000, 0x0000000084f00000, 0x0000000084f00000|100%| O|  |TAMS 0x0000000084e00000, 0x0000000084e00000| Untracked 
|  79|0x0000000084f00000, 0x0000000085000000, 0x0000000085000000|100%| O|  |TAMS 0x0000000084f00000, 0x0000000084f00000| Untracked 
|  80|0x0000000085000000, 0x0000000085100000, 0x0000000085100000|100%| O|  |TAMS 0x0000000085000000, 0x0000000085000000| Untracked 
|  81|0x0000000085100000, 0x0000000085200000, 0x0000000085200000|100%| O|  |TAMS 0x0000000085100000, 0x0000000085100000| Untracked 
|  82|0x0000000085200000, 0x0000000085300000, 0x0000000085300000|100%| O|  |TAMS 0x0000000085200000, 0x0000000085200000| Untracked 
|  83|0x0000000085300000, 0x00000000853a0800, 0x0000000085400000| 62%| O|  |TAMS 0x0000000085300000, 0x0000000085300000| Untracked 
|  84|0x0000000085400000, 0x0000000085400000, 0x0000000085500000|  0%| F|  |TAMS 0x0000000085400000, 0x0000000085400000| Untracked 
|  85|0x0000000085500000, 0x0000000085500000, 0x0000000085600000|  0%| F|  |TAMS 0x0000000085500000, 0x0000000085500000| Untracked 
|  86|0x0000000085600000, 0x0000000085600000, 0x0000000085700000|  0%| F|  |TAMS 0x0000000085600000, 0x0000000085600000| Untracked 
|  87|0x0000000085700000, 0x0000000085700000, 0x0000000085800000|  0%| F|  |TAMS 0x0000000085700000, 0x0000000085700000| Untracked 
|  88|0x0000000085800000, 0x0000000085800000, 0x0000000085900000|  0%| F|  |TAMS 0x0000000085800000, 0x0000000085800000| Untracked 
|  89|0x0000000085900000, 0x0000000085900000, 0x0000000085a00000|  0%| F|  |TAMS 0x0000000085900000, 0x0000000085900000| Untracked 
|  90|0x0000000085a00000, 0x0000000085a00000, 0x0000000085b00000|  0%| F|  |TAMS 0x0000000085a00000, 0x0000000085a00000| Untracked 
|  91|0x0000000085b00000, 0x0000000085b00000, 0x0000000085c00000|  0%| F|  |TAMS 0x0000000085b00000, 0x0000000085b00000| Untracked 
|  92|0x0000000085c00000, 0x0000000085c00000, 0x0000000085d00000|  0%| F|  |TAMS 0x0000000085c00000, 0x0000000085c00000| Untracked 
|  93|0x0000000085d00000, 0x0000000085d00000, 0x0000000085e00000|  0%| F|  |TAMS 0x0000000085d00000, 0x0000000085d00000| Untracked 
|  94|0x0000000085e00000, 0x0000000085e00000, 0x0000000085f00000|  0%| F|  |TAMS 0x0000000085e00000, 0x0000000085e00000| Untracked 
|  95|0x0000000085f00000, 0x0000000085f00000, 0x0000000086000000|  0%| F|  |TAMS 0x0000000085f00000, 0x0000000085f00000| Untracked 
|  96|0x0000000086000000, 0x0000000086000000, 0x0000000086100000|  0%| F|  |TAMS 0x0000000086000000, 0x0000000086000000| Untracked 
|  97|0x0000000086100000, 0x0000000086100000, 0x0000000086200000|  0%| F|  |TAMS 0x0000000086100000, 0x0000000086100000| Untracked 
|  98|0x0000000086200000, 0x0000000086200000, 0x0000000086300000|  0%| F|  |TAMS 0x0000000086200000, 0x0000000086200000| Untracked 
|  99|0x0000000086300000, 0x0000000086300000, 0x0000000086400000|  0%| F|  |TAMS 0x0000000086300000, 0x0000000086300000| Untracked 
| 100|0x0000000086400000, 0x0000000086400000, 0x0000000086500000|  0%| F|  |TAMS 0x0000000086400000, 0x0000000086400000| Untracked 
| 101|0x0000000086500000, 0x0000000086500000, 0x0000000086600000|  0%| F|  |TAMS 0x0000000086500000, 0x0000000086500000| Untracked 
| 102|0x0000000086600000, 0x0000000086600000, 0x0000000086700000|  0%| F|  |TAMS 0x0000000086600000, 0x0000000086600000| Untracked 
| 103|0x0000000086700000, 0x0000000086700000, 0x0000000086800000|  0%| F|  |TAMS 0x0000000086700000, 0x0000000086700000| Untracked 
| 104|0x0000000086800000, 0x0000000086900000, 0x0000000086900000|100%| S|CS|TAMS 0x0000000086800000, 0x0000000086800000| Complete 
| 105|0x0000000086900000, 0x0000000086a00000, 0x0000000086a00000|100%| S|CS|TAMS 0x0000000086900000, 0x0000000086900000| Complete 
| 106|0x0000000086a00000, 0x0000000086b00000, 0x0000000086b00000|100%| S|CS|TAMS 0x0000000086a00000, 0x0000000086a00000| Complete 
| 107|0x0000000086b00000, 0x0000000086b00000, 0x0000000086c00000|  0%| F|  |TAMS 0x0000000086b00000, 0x0000000086b00000| Untracked 
| 108|0x0000000086c00000, 0x0000000086c00000, 0x0000000086d00000|  0%| F|  |TAMS 0x0000000086c00000, 0x0000000086c00000| Untracked 
| 109|0x0000000086d00000, 0x0000000086d00000, 0x0000000086e00000|  0%| F|  |TAMS 0x0000000086d00000, 0x0000000086d00000| Untracked 
| 110|0x0000000086e00000, 0x0000000086e00000, 0x0000000086f00000|  0%| F|  |TAMS 0x0000000086e00000, 0x0000000086e00000| Untracked 
| 111|0x0000000086f00000, 0x0000000086f00000, 0x0000000087000000|  0%| F|  |TAMS 0x0000000086f00000, 0x0000000086f00000| Untracked 
| 112|0x0000000087000000, 0x0000000087100000, 0x0000000087100000|100%| S|CS|TAMS 0x0000000087000000, 0x0000000087000000| Complete 
| 113|0x0000000087100000, 0x0000000087100000, 0x0000000087200000|  0%| F|  |TAMS 0x0000000087100000, 0x0000000087100000| Untracked 
| 114|0x0000000087200000, 0x0000000087200000, 0x0000000087300000|  0%| F|  |TAMS 0x0000000087200000, 0x0000000087200000| Untracked 
| 115|0x0000000087300000, 0x0000000087300000, 0x0000000087400000|  0%| F|  |TAMS 0x0000000087300000, 0x0000000087300000| Untracked 
| 116|0x0000000087400000, 0x0000000087400000, 0x0000000087500000|  0%| F|  |TAMS 0x0000000087400000, 0x0000000087400000| Untracked 
| 117|0x0000000087500000, 0x0000000087600000, 0x0000000087600000|100%| S|CS|TAMS 0x0000000087500000, 0x0000000087500000| Complete 
| 118|0x0000000087600000, 0x0000000087700000, 0x0000000087700000|100%| S|CS|TAMS 0x0000000087600000, 0x0000000087600000| Complete 
| 119|0x0000000087700000, 0x0000000087800000, 0x0000000087800000|100%| S|CS|TAMS 0x0000000087700000, 0x0000000087700000| Complete 
| 120|0x0000000087800000, 0x0000000087900000, 0x0000000087900000|100%| S|CS|TAMS 0x0000000087800000, 0x0000000087800000| Complete 
| 121|0x0000000087900000, 0x0000000087a00000, 0x0000000087a00000|100%| S|CS|TAMS 0x0000000087900000, 0x0000000087900000| Complete 
| 122|0x0000000087a00000, 0x0000000087b00000, 0x0000000087b00000|100%| S|CS|TAMS 0x0000000087a00000, 0x0000000087a00000| Complete 
| 123|0x0000000087b00000, 0x0000000087b00000, 0x0000000087c00000|  0%| F|  |TAMS 0x0000000087b00000, 0x0000000087b00000| Untracked 
| 124|0x0000000087c00000, 0x0000000087c00000, 0x0000000087d00000|  0%| F|  |TAMS 0x0000000087c00000, 0x0000000087c00000| Untracked 
| 125|0x0000000087d00000, 0x0000000087d00000, 0x0000000087e00000|  0%| F|  |TAMS 0x0000000087d00000, 0x0000000087d00000| Untracked 
| 126|0x0000000087e00000, 0x0000000087e00000, 0x0000000087f00000|  0%| F|  |TAMS 0x0000000087e00000, 0x0000000087e00000| Untracked 
| 127|0x0000000087f00000, 0x0000000087f00000, 0x0000000088000000|  0%| F|  |TAMS 0x0000000087f00000, 0x0000000087f00000| Untracked 
| 128|0x0000000088000000, 0x0000000088000000, 0x0000000088100000|  0%| F|  |TAMS 0x0000000088000000, 0x0000000088000000| Untracked 
| 129|0x0000000088100000, 0x0000000088100000, 0x0000000088200000|  0%| F|  |TAMS 0x0000000088100000, 0x0000000088100000| Untracked 
| 130|0x0000000088200000, 0x0000000088200000, 0x0000000088300000|  0%| F|  |TAMS 0x0000000088200000, 0x0000000088200000| Untracked 
| 131|0x0000000088300000, 0x0000000088300000, 0x0000000088400000|  0%| F|  |TAMS 0x0000000088300000, 0x0000000088300000| Untracked 
| 132|0x0000000088400000, 0x0000000088400000, 0x0000000088500000|  0%| F|  |TAMS 0x0000000088400000, 0x0000000088400000| Untracked 
| 133|0x0000000088500000, 0x0000000088500000, 0x0000000088600000|  0%| F|  |TAMS 0x0000000088500000, 0x0000000088500000| Untracked 
| 134|0x0000000088600000, 0x0000000088600000, 0x0000000088700000|  0%| F|  |TAMS 0x0000000088600000, 0x0000000088600000| Untracked 
| 135|0x0000000088700000, 0x0000000088700000, 0x0000000088800000|  0%| F|  |TAMS 0x0000000088700000, 0x0000000088700000| Untracked 
| 136|0x0000000088800000, 0x0000000088800000, 0x0000000088900000|  0%| F|  |TAMS 0x0000000088800000, 0x0000000088800000| Untracked 
| 137|0x0000000088900000, 0x0000000088900000, 0x0000000088a00000|  0%| F|  |TAMS 0x0000000088900000, 0x0000000088900000| Untracked 
| 138|0x0000000088a00000, 0x0000000088a00000, 0x0000000088b00000|  0%| F|  |TAMS 0x0000000088a00000, 0x0000000088a00000| Untracked 
| 139|0x0000000088b00000, 0x0000000088b00000, 0x0000000088c00000|  0%| F|  |TAMS 0x0000000088b00000, 0x0000000088b00000| Untracked 
| 140|0x0000000088c00000, 0x0000000088c00000, 0x0000000088d00000|  0%| F|  |TAMS 0x0000000088c00000, 0x0000000088c00000| Untracked 
| 141|0x0000000088d00000, 0x0000000088d9d980, 0x0000000088e00000| 61%| E|  |TAMS 0x0000000088d00000, 0x0000000088d00000| Complete 
| 142|0x0000000088e00000, 0x0000000088f00000, 0x0000000088f00000|100%| E|CS|TAMS 0x0000000088e00000, 0x0000000088e00000| Complete 
| 143|0x0000000088f00000, 0x0000000089000000, 0x0000000089000000|100%| E|CS|TAMS 0x0000000088f00000, 0x0000000088f00000| Complete 
| 144|0x0000000089000000, 0x0000000089100000, 0x0000000089100000|100%| E|CS|TAMS 0x0000000089000000, 0x0000000089000000| Complete 
| 145|0x0000000089100000, 0x0000000089200000, 0x0000000089200000|100%| E|CS|TAMS 0x0000000089100000, 0x0000000089100000| Complete 
| 146|0x0000000089200000, 0x0000000089300000, 0x0000000089300000|100%| E|CS|TAMS 0x0000000089200000, 0x0000000089200000| Complete 
| 147|0x0000000089300000, 0x0000000089400000, 0x0000000089400000|100%| E|CS|TAMS 0x0000000089300000, 0x0000000089300000| Complete 
| 148|0x0000000089400000, 0x0000000089500000, 0x0000000089500000|100%| E|CS|TAMS 0x0000000089400000, 0x0000000089400000| Complete 
| 149|0x0000000089500000, 0x0000000089600000, 0x0000000089600000|100%| E|CS|TAMS 0x0000000089500000, 0x0000000089500000| Complete 
| 150|0x0000000089600000, 0x0000000089700000, 0x0000000089700000|100%| E|CS|TAMS 0x0000000089600000, 0x0000000089600000| Complete 
| 151|0x0000000089700000, 0x0000000089800000, 0x0000000089800000|100%| E|CS|TAMS 0x0000000089700000, 0x0000000089700000| Complete 
| 152|0x0000000089800000, 0x0000000089900000, 0x0000000089900000|100%| E|CS|TAMS 0x0000000089800000, 0x0000000089800000| Complete 
| 153|0x0000000089900000, 0x0000000089a00000, 0x0000000089a00000|100%| E|CS|TAMS 0x0000000089900000, 0x0000000089900000| Complete 
| 154|0x0000000089a00000, 0x0000000089b00000, 0x0000000089b00000|100%| E|CS|TAMS 0x0000000089a00000, 0x0000000089a00000| Complete 
| 155|0x0000000089b00000, 0x0000000089c00000, 0x0000000089c00000|100%| E|CS|TAMS 0x0000000089b00000, 0x0000000089b00000| Complete 
| 156|0x0000000089c00000, 0x0000000089d00000, 0x0000000089d00000|100%| E|CS|TAMS 0x0000000089c00000, 0x0000000089c00000| Complete 
| 157|0x0000000089d00000, 0x0000000089e00000, 0x0000000089e00000|100%| E|CS|TAMS 0x0000000089d00000, 0x0000000089d00000| Complete 
| 158|0x0000000089e00000, 0x0000000089f00000, 0x0000000089f00000|100%| E|CS|TAMS 0x0000000089e00000, 0x0000000089e00000| Complete 
| 159|0x0000000089f00000, 0x000000008a000000, 0x000000008a000000|100%| E|CS|TAMS 0x0000000089f00000, 0x0000000089f00000| Complete 
| 160|0x000000008a000000, 0x000000008a100000, 0x000000008a100000|100%| E|CS|TAMS 0x000000008a000000, 0x000000008a000000| Complete 
| 161|0x000000008a100000, 0x000000008a200000, 0x000000008a200000|100%| E|CS|TAMS 0x000000008a100000, 0x000000008a100000| Complete 
| 162|0x000000008a200000, 0x000000008a300000, 0x000000008a300000|100%| E|CS|TAMS 0x000000008a200000, 0x000000008a200000| Complete 
| 163|0x000000008a300000, 0x000000008a400000, 0x000000008a400000|100%| E|CS|TAMS 0x000000008a300000, 0x000000008a300000| Complete 
| 164|0x000000008a400000, 0x000000008a500000, 0x000000008a500000|100%| E|CS|TAMS 0x000000008a400000, 0x000000008a400000| Complete 
| 165|0x000000008a500000, 0x000000008a600000, 0x000000008a600000|100%| E|CS|TAMS 0x000000008a500000, 0x000000008a500000| Complete 
| 166|0x000000008a600000, 0x000000008a700000, 0x000000008a700000|100%| E|CS|TAMS 0x000000008a600000, 0x000000008a600000| Complete 
| 167|0x000000008a700000, 0x000000008a800000, 0x000000008a800000|100%| E|CS|TAMS 0x000000008a700000, 0x000000008a700000| Complete 
| 168|0x000000008a800000, 0x000000008a900000, 0x000000008a900000|100%| E|  |TAMS 0x000000008a800000, 0x000000008a800000| Complete 
| 169|0x000000008a900000, 0x000000008aa00000, 0x000000008aa00000|100%| E|CS|TAMS 0x000000008a900000, 0x000000008a900000| Complete 
| 170|0x000000008aa00000, 0x000000008ab00000, 0x000000008ab00000|100%| E|CS|TAMS 0x000000008aa00000, 0x000000008aa00000| Complete 
| 171|0x000000008ab00000, 0x000000008ac00000, 0x000000008ac00000|100%| E|CS|TAMS 0x000000008ab00000, 0x000000008ab00000| Complete 
| 172|0x000000008ac00000, 0x000000008ad00000, 0x000000008ad00000|100%| E|CS|TAMS 0x000000008ac00000, 0x000000008ac00000| Complete 
| 173|0x000000008ad00000, 0x000000008ae00000, 0x000000008ae00000|100%| E|CS|TAMS 0x000000008ad00000, 0x000000008ad00000| Complete 
| 174|0x000000008ae00000, 0x000000008af00000, 0x000000008af00000|100%| E|CS|TAMS 0x000000008ae00000, 0x000000008ae00000| Complete 
| 175|0x000000008af00000, 0x000000008b000000, 0x000000008b000000|100%| E|CS|TAMS 0x000000008af00000, 0x000000008af00000| Complete 
| 176|0x000000008b000000, 0x000000008b100000, 0x000000008b100000|100%| E|CS|TAMS 0x000000008b000000, 0x000000008b000000| Complete 
| 177|0x000000008b100000, 0x000000008b200000, 0x000000008b200000|100%| E|CS|TAMS 0x000000008b100000, 0x000000008b100000| Complete 
| 178|0x000000008b200000, 0x000000008b300000, 0x000000008b300000|100%| E|CS|TAMS 0x000000008b200000, 0x000000008b200000| Complete 
| 179|0x000000008b300000, 0x000000008b400000, 0x000000008b400000|100%| E|CS|TAMS 0x000000008b300000, 0x000000008b300000| Complete 
| 180|0x000000008b400000, 0x000000008b500000, 0x000000008b500000|100%| E|CS|TAMS 0x000000008b400000, 0x000000008b400000| Complete 
| 181|0x000000008b500000, 0x000000008b600000, 0x000000008b600000|100%| E|CS|TAMS 0x000000008b500000, 0x000000008b500000| Complete 
| 182|0x000000008b600000, 0x000000008b700000, 0x000000008b700000|100%| E|CS|TAMS 0x000000008b600000, 0x000000008b600000| Complete 
| 183|0x000000008b700000, 0x000000008b800000, 0x000000008b800000|100%| E|CS|TAMS 0x000000008b700000, 0x000000008b700000| Complete 
| 184|0x000000008b800000, 0x000000008b900000, 0x000000008b900000|100%| E|CS|TAMS 0x000000008b800000, 0x000000008b800000| Complete 
| 185|0x000000008b900000, 0x000000008ba00000, 0x000000008ba00000|100%| E|CS|TAMS 0x000000008b900000, 0x000000008b900000| Complete 
| 186|0x000000008ba00000, 0x000000008bb00000, 0x000000008bb00000|100%| E|CS|TAMS 0x000000008ba00000, 0x000000008ba00000| Complete 
| 187|0x000000008bb00000, 0x000000008bc00000, 0x000000008bc00000|100%| E|CS|TAMS 0x000000008bb00000, 0x000000008bb00000| Complete 
| 188|0x000000008bc00000, 0x000000008bd00000, 0x000000008bd00000|100%| E|CS|TAMS 0x000000008bc00000, 0x000000008bc00000| Complete 
| 189|0x000000008bd00000, 0x000000008be00000, 0x000000008be00000|100%| E|CS|TAMS 0x000000008bd00000, 0x000000008bd00000| Complete 
| 190|0x000000008be00000, 0x000000008bf00000, 0x000000008bf00000|100%| E|CS|TAMS 0x000000008be00000, 0x000000008be00000| Complete 
| 191|0x000000008bf00000, 0x000000008c000000, 0x000000008c000000|100%| E|CS|TAMS 0x000000008bf00000, 0x000000008bf00000| Complete 

Card table byte_map: [0x00000149fb3f0000,0x00000149fb7f0000] _byte_map_base: 0x00000149faff0000

Marking Bits (Prev, Next): (CMBitMap*) 0x00000149f573ebf8, (CMBitMap*) 0x00000149f573ec30
 Prev Bits: [0x00000149fbbf0000, 0x00000149fdbf0000)
 Next Bits: [0x00000149fdbf0000, 0x00000149ffbf0000)

Polling page: 0x00000149f57e0000

Metaspace:

Usage:
  Non-class:     81.95 MB capacity,    80.47 MB ( 98%) used,     1.21 MB (  1%) free+waste,   276.63 KB ( <1%) overhead. 
      Class:     12.84 MB capacity,    11.95 MB ( 93%) used,   785.10 KB (  6%) free+waste,   124.31 KB ( <1%) overhead. 
       Both:     94.79 MB capacity,    92.42 MB ( 98%) used,     1.98 MB (  2%) free+waste,   400.94 KB ( <1%) overhead. 

Virtual space:
  Non-class space:       82.00 MB reserved,      82.00 MB (100%) committed 
      Class space:        1.00 GB reserved,      12.90 MB (  1%) committed 
             Both:        1.08 GB reserved,      94.90 MB (  9%) committed 

Chunk freelists:
   Non-Class:  48.00 KB
       Class:  7.00 KB
        Both:  55.00 KB

MaxMetaspaceSize: 17179869184.00 GB
CompressedClassSpaceSize: 1.00 GB

CodeHeap 'non-profiled nmethods': size=120064Kb used=7441Kb max_used=7441Kb free=112622Kb
 bounds [0x0000014987ac0000, 0x0000014988210000, 0x000001498f000000]
CodeHeap 'profiled nmethods': size=120000Kb used=25464Kb max_used=25464Kb free=94536Kb
 bounds [0x0000014980590000, 0x0000014981e70000, 0x0000014987ac0000]
CodeHeap 'non-nmethods': size=5696Kb used=2325Kb max_used=2359Kb free=3370Kb
 bounds [0x0000014980000000, 0x0000014980270000, 0x0000014980590000]
 total_blobs=12403 nmethods=11456 adapters=858
 compilation: enabled
              stopped_count=0, restarted_count=0
 full_count=0

Compilation events (20 events):
Event: 62.537 Thread 0x0000014991b6f800 11508       3       net.rubygrapefruit.platform.internal.jni.AbstractFileEventFunctions$NativeFileWatcherCallback::reportChangeEvent (21 bytes)
Event: 62.537 Thread 0x0000014991b6f800 nmethod 11508 0x0000014981e53a10 code [0x0000014981e53c00, 0x0000014981e54158]
Event: 62.537 Thread 0x0000014991b6f800 11509       3       net.rubygrapefruit.platform.internal.jni.AbstractFileEventFunctions$ChangeEvent::<init> (15 bytes)
Event: 62.538 Thread 0x0000014991b6f800 nmethod 11509 0x0000014981e54390 code [0x0000014981e54540, 0x0000014981e54758]
Event: 62.538 Thread 0x0000014991b6f800 11510       3       net.rubygrapefruit.platform.internal.jni.AbstractFileEventFunctions$NativeFileWatcherCallback::queueEvent (39 bytes)
Event: 62.539 Thread 0x0000014991b6f800 nmethod 11510 0x0000014981e54810 code [0x0000014981e54a80, 0x0000014981e55428]
Event: 62.598 Thread 0x0000014991b6f800 11511       3       java.util.zip.ZipFile$Source::getEntryPos (206 bytes)
Event: 62.600 Thread 0x0000014991b6f800 nmethod 11511 0x0000014981e55810 code [0x0000014981e55a80, 0x0000014981e56718]
Event: 62.615 Thread 0x0000014991b6f800 11514       2       java.util.zip.ZipUtils::CENVEM_FA (8 bytes)
Event: 62.615 Thread 0x0000014991b6f800 nmethod 11514 0x0000014981e56d90 code [0x0000014981e56f40, 0x0000014981e57058]
Event: 62.615 Thread 0x0000014991b6f800 11517       2       java.util.zip.ZipFile::getZipEntry (325 bytes)
Event: 62.618 Thread 0x0000014991b6f800 nmethod 11517 0x0000014981e57190 code [0x0000014981e57400, 0x0000014981e57f08]
Event: 62.618 Thread 0x0000014991b6f800 11518   !   2       java.util.zip.ZipFile$ZipEntryIterator::next (76 bytes)
Event: 62.618 Thread 0x0000014991b6f800 nmethod 11518 0x0000014981e58610 code [0x0000014981e58800, 0x0000014981e58c68]
Event: 62.618 Thread 0x0000014991b6f800 11516       2       java.util.zip.ZipUtils::CENATX_PERMS (9 bytes)
Event: 62.619 Thread 0x0000014991b6f800 nmethod 11516 0x0000014981e59010 code [0x0000014981e591c0, 0x0000014981e592f8]
Event: 62.619 Thread 0x0000014991b6f800 11515       2       java.util.zip.ZipUtils::CH (8 bytes)
Event: 62.619 Thread 0x0000014991b6f800 nmethod 11515 0x0000014981e59410 code [0x0000014981e595c0, 0x0000014981e596d8]
Event: 62.619 Thread 0x0000014991b6f800 11519       1       com.android.tools.r8.ArchiveClassFileProvider::a (2 bytes)
Event: 62.619 Thread 0x0000014991b6f800 nmethod 11519 0x0000014988204410 code [0x00000149882045c0, 0x0000014988204658]

GC Heap History (20 events):
Event: 15.883 GC heap before
{Heap before GC invocations=9 (full 0):
 garbage-first heap   total 196608K, used 140467K [0x0000000080000000, 0x0000000100000000)
  region size 1024K, 115 young (117760K), 12 survivors (12288K)
 Metaspace       used 48699K, capacity 50009K, committed 50252K, reserved 1093632K
  class space    used 6191K, capacity 6658K, committed 6732K, reserved 1048576K
}
Event: 15.923 GC heap after
{Heap after GC invocations=10 (full 0):
 garbage-first heap   total 196608K, used 48066K [0x0000000080000000, 0x0000000100000000)
  region size 1024K, 15 young (15360K), 15 survivors (15360K)
 Metaspace       used 48699K, capacity 50009K, committed 50252K, reserved 1093632K
  class space    used 6191K, capacity 6658K, committed 6732K, reserved 1048576K
}
Event: 19.183 GC heap before
{Heap before GC invocations=10 (full 0):
 garbage-first heap   total 196608K, used 114626K [0x0000000080000000, 0x0000000100000000)
  region size 1024K, 81 young (82944K), 15 survivors (15360K)
 Metaspace       used 58676K, capacity 60158K, committed 60236K, reserved 1101824K
  class space    used 7414K, capacity 7968K, committed 8012K, reserved 1048576K
}
Event: 19.219 GC heap after
{Heap after GC invocations=11 (full 0):
 garbage-first heap   total 196608K, used 52538K [0x0000000080000000, 0x0000000100000000)
  region size 1024K, 4 young (4096K), 4 survivors (4096K)
 Metaspace       used 58676K, capacity 60158K, committed 60236K, reserved 1101824K
  class space    used 7414K, capacity 7968K, committed 8012K, reserved 1048576K
}
Event: 21.780 GC heap before
{Heap before GC invocations=12 (full 0):
 garbage-first heap   total 196608K, used 135482K [0x0000000080000000, 0x0000000100000000)
  region size 1024K, 85 young (87040K), 4 survivors (4096K)
 Metaspace       used 65747K, capacity 67288K, committed 67608K, reserved 1107968K
  class space    used 8304K, capacity 8855K, committed 8984K, reserved 1048576K
}
Event: 21.802 GC heap after
{Heap after GC invocations=13 (full 0):
 garbage-first heap   total 196608K, used 57164K [0x0000000080000000, 0x0000000100000000)
  region size 1024K, 9 young (9216K), 9 survivors (9216K)
 Metaspace       used 65747K, capacity 67288K, committed 67608K, reserved 1107968K
  class space    used 8304K, capacity 8855K, committed 8984K, reserved 1048576K
}
Event: 24.215 GC heap before
{Heap before GC invocations=14 (full 0):
 garbage-first heap   total 196608K, used 140108K [0x0000000080000000, 0x0000000100000000)
  region size 1024K, 90 young (92160K), 9 survivors (9216K)
 Metaspace       used 72185K, capacity 73823K, committed 74008K, reserved 1114112K
  class space    used 9280K, capacity 9894K, committed 10008K, reserved 1048576K
}
Event: 24.238 GC heap after
{Heap after GC invocations=15 (full 0):
 garbage-first heap   total 196608K, used 63488K [0x0000000080000000, 0x0000000100000000)
  region size 1024K, 12 young (12288K), 12 survivors (12288K)
 Metaspace       used 72185K, capacity 73823K, committed 74008K, reserved 1114112K
  class space    used 9280K, capacity 9894K, committed 10008K, reserved 1048576K
}
Event: 27.819 GC heap before
{Heap before GC invocations=15 (full 0):
 garbage-first heap   total 196608K, used 146432K [0x0000000080000000, 0x0000000100000000)
  region size 1024K, 93 young (95232K), 12 survivors (12288K)
 Metaspace       used 80419K, capacity 82194K, committed 82328K, reserved 1120256K
  class space    used 10399K, capacity 11057K, committed 11160K, reserved 1048576K
}
Event: 27.846 GC heap after
{Heap after GC invocations=16 (full 0):
 garbage-first heap   total 196608K, used 69373K [0x0000000080000000, 0x0000000100000000)
  region size 1024K, 12 young (12288K), 12 survivors (12288K)
 Metaspace       used 80419K, capacity 82194K, committed 82328K, reserved 1120256K
  class space    used 10399K, capacity 11057K, committed 11160K, reserved 1048576K
}
Event: 30.465 GC heap before
{Heap before GC invocations=16 (full 0):
 garbage-first heap   total 196608K, used 149245K [0x0000000080000000, 0x0000000100000000)
  region size 1024K, 91 young (93184K), 12 survivors (12288K)
 Metaspace       used 82894K, capacity 84984K, committed 85272K, reserved 1122304K
  class space    used 10746K, capacity 11505K, committed 11544K, reserved 1048576K
}
Event: 30.498 GC heap after
{Heap after GC invocations=17 (full 0):
 garbage-first heap   total 196608K, used 76257K [0x0000000080000000, 0x0000000100000000)
  region size 1024K, 12 young (12288K), 12 survivors (12288K)
 Metaspace       used 82894K, capacity 84984K, committed 85272K, reserved 1122304K
  class space    used 10746K, capacity 11505K, committed 11544K, reserved 1048576K
}
Event: 32.936 GC heap before
{Heap before GC invocations=17 (full 0):
 garbage-first heap   total 196608K, used 152033K [0x0000000080000000, 0x0000000100000000)
  region size 1024K, 87 young (89088K), 12 survivors (12288K)
 Metaspace       used 83700K, capacity 85727K, committed 85912K, reserved 1124352K
  class space    used 10814K, capacity 11562K, committed 11672K, reserved 1048576K
}
Event: 32.962 GC heap after
{Heap after GC invocations=18 (full 0):
 garbage-first heap   total 196608K, used 82025K [0x0000000080000000, 0x0000000100000000)
  region size 1024K, 8 young (8192K), 8 survivors (8192K)
 Metaspace       used 83700K, capacity 85727K, committed 85912K, reserved 1124352K
  class space    used 10814K, capacity 11562K, committed 11672K, reserved 1048576K
}
Event: 34.545 GC heap before
{Heap before GC invocations=18 (full 0):
 garbage-first heap   total 196608K, used 153705K [0x0000000080000000, 0x0000000100000000)
  region size 1024K, 79 young (80896K), 8 survivors (8192K)
 Metaspace       used 85843K, capacity 87915K, committed 87960K, reserved 1126400K
  class space    used 11116K, capacity 11892K, committed 11928K, reserved 1048576K
}
Event: 34.562 GC heap after
{Heap after GC invocations=19 (full 0):
 garbage-first heap   total 196608K, used 84992K [0x0000000080000000, 0x0000000100000000)
  region size 1024K, 5 young (5120K), 5 survivors (5120K)
 Metaspace       used 85843K, capacity 87915K, committed 87960K, reserved 1126400K
  class space    used 11116K, capacity 11892K, committed 11928K, reserved 1048576K
}
Event: 37.346 GC heap before
{Heap before GC invocations=19 (full 0):
 garbage-first heap   total 196608K, used 157696K [0x0000000080000000, 0x0000000100000000)
  region size 1024K, 76 young (77824K), 5 survivors (5120K)
 Metaspace       used 90845K, capacity 92956K, committed 93208K, reserved 1130496K
  class space    used 11740K, capacity 12523K, committed 12568K, reserved 1048576K
}
Event: 37.364 GC heap after
{Heap after GC invocations=20 (full 0):
 garbage-first heap   total 196608K, used 88879K [0x0000000080000000, 0x0000000100000000)
  region size 1024K, 9 young (9216K), 9 survivors (9216K)
 Metaspace       used 90845K, capacity 92956K, committed 93208K, reserved 1130496K
  class space    used 11740K, capacity 12523K, committed 12568K, reserved 1048576K
}
Event: 61.780 GC heap before
{Heap before GC invocations=20 (full 0):
 garbage-first heap   total 196608K, used 158511K [0x0000000080000000, 0x0000000100000000)
  region size 1024K, 78 young (79872K), 9 survivors (9216K)
 Metaspace       used 94012K, capacity 96386K, committed 96536K, reserved 1132544K
  class space    used 12148K, capacity 13034K, committed 13080K, reserved 1048576K
}
Event: 61.810 GC heap after
{Heap after GC invocations=21 (full 0):
 garbage-first heap   total 196608K, used 95874K [0x0000000080000000, 0x0000000100000000)
  region size 1024K, 10 young (10240K), 10 survivors (10240K)
 Metaspace       used 94012K, capacity 96386K, committed 96536K, reserved 1132544K
  class space    used 12148K, capacity 13034K, committed 13080K, reserved 1048576K
}

Deoptimization events (20 events):
Event: 62.614 Thread 0x000001499788b800 Uncommon trap: trap_request=0xffffffc6 fr.pc=0x0000014987e7fd20 relative=0x0000000000001660
Event: 62.614 Thread 0x000001499788b800 Uncommon trap: reason=bimorphic_or_optimized_type_check action=maybe_recompile pc=0x0000014987e7fd20 method=java.util.zip.ZipFile.getZipEntry(Ljava/lang/String;[BILjava/util/function/Function;)Ljava/util/zip/ZipEntry; @ 108 c2
Event: 62.614 Thread 0x000001499788b800 DEOPT PACKING pc=0x0000014987e7fd20 sp=0x0000002ffb4fa2a0
Event: 62.614 Thread 0x000001499788b800 DEOPT UNPACKING pc=0x00000149800278af sp=0x0000002ffb4fa1e8 mode 2
Event: 62.614 Thread 0x000001499788b800 Uncommon trap: trap_request=0xffffffc6 fr.pc=0x0000014987e7fd20 relative=0x0000000000001660
Event: 62.614 Thread 0x000001499788b800 Uncommon trap: reason=bimorphic_or_optimized_type_check action=maybe_recompile pc=0x0000014987e7fd20 method=java.util.zip.ZipFile.getZipEntry(Ljava/lang/String;[BILjava/util/function/Function;)Ljava/util/zip/ZipEntry; @ 108 c2
Event: 62.614 Thread 0x000001499788b800 DEOPT PACKING pc=0x0000014987e7fd20 sp=0x0000002ffb4fa2a0
Event: 62.614 Thread 0x000001499788b800 DEOPT UNPACKING pc=0x00000149800278af sp=0x0000002ffb4fa1e8 mode 2
Event: 62.614 Thread 0x000001499788b800 Uncommon trap: trap_request=0xffffffc6 fr.pc=0x0000014987e7fd20 relative=0x0000000000001660
Event: 62.614 Thread 0x000001499788b800 Uncommon trap: reason=bimorphic_or_optimized_type_check action=maybe_recompile pc=0x0000014987e7fd20 method=java.util.zip.ZipFile.getZipEntry(Ljava/lang/String;[BILjava/util/function/Function;)Ljava/util/zip/ZipEntry; @ 108 c2
Event: 62.614 Thread 0x000001499788b800 DEOPT PACKING pc=0x0000014987e7fd20 sp=0x0000002ffb4fa2a0
Event: 62.615 Thread 0x000001499788b800 DEOPT UNPACKING pc=0x00000149800278af sp=0x0000002ffb4fa1e8 mode 2
Event: 62.615 Thread 0x000001499788b800 Uncommon trap: trap_request=0xffffffc6 fr.pc=0x0000014987e7b8a4 relative=0x0000000000001164
Event: 62.615 Thread 0x000001499788b800 Uncommon trap: reason=bimorphic_or_optimized_type_check action=maybe_recompile pc=0x0000014987e7b8a4 method=java.util.zip.ZipFile.getZipEntry(Ljava/lang/String;[BILjava/util/function/Function;)Ljava/util/zip/ZipEntry; @ 108 c2
Event: 62.615 Thread 0x000001499788b800 DEOPT PACKING pc=0x0000014987e7b8a4 sp=0x0000002ffb4fa200
Event: 62.615 Thread 0x000001499788b800 DEOPT UNPACKING pc=0x00000149800278af sp=0x0000002ffb4fa1e0 mode 2
Event: 62.616 Thread 0x000001499788b800 Uncommon trap: trap_request=0xffffff4d fr.pc=0x0000014987e7a480 relative=0x0000000000000060
Event: 62.616 Thread 0x000001499788b800 Uncommon trap: reason=unstable_if action=reinterpret pc=0x0000014987e7a480 method=java.util.zip.ZipFile$ZipEntryIterator.hasNext()Z @ 8 c2
Event: 62.616 Thread 0x000001499788b800 DEOPT PACKING pc=0x0000014987e7a480 sp=0x0000002ffb4fa350
Event: 62.616 Thread 0x000001499788b800 DEOPT UNPACKING pc=0x00000149800278af sp=0x0000002ffb4fa288 mode 2

Classes redefined (0 events):
No events

Internal exceptions (20 events):
Event: 39.395 Thread 0x0000014995497800 Exception <a 'java/lang/NoSuchMethodError'{0x000000008bcc9488}: 'java.lang.Object java.lang.invoke.DirectMethodHandle$Holder.invokeStatic(java.lang.Object, java.lang.Object, java.lang.Object, java.lang.Object, java.lang.Object, java.lang.Object, java.lang.Object, java.lang.Object, int, int, java.lang.Object)'> (0x000000008bcc9488) thrown at [./src/hotspot/share/interpreter/linkResolver.cpp, line 773]
Event: 39.398 Thread 0x0000014995497800 Exception <a 'java/lang/NoSuchMethodError'{0x000000008bce71f8}: 'java.lang.Object java.lang.invoke.DirectMethodHandle$Holder.invokeStatic(java.lang.Object, java.lang.Object, java.lang.Object, java.lang.Object, java.lang.Object, java.lang.Object, java.lang.Object, java.lang.Object, int, int, java.lang.Object, java.lang.Object)'> (0x000000008bce71f8) thrown at [./src/hotspot/share/interpreter/linkResolver.cpp, line 773]
Event: 39.413 Thread 0x0000014995497800 Exception <a 'java/lang/NoSuchMethodError'{0x000000008bb1ab28}: <clinit>> (0x000000008bb1ab28) thrown at [./src/hotspot/share/prims/jni.cpp, line 1362]
Event: 39.419 Thread 0x0000014995497800 Exception <a 'java/lang/NoSuchMethodError'{0x000000008bb5d9a0}: <clinit>> (0x000000008bb5d9a0) thrown at [./src/hotspot/share/prims/jni.cpp, line 1362]
Event: 39.437 Thread 0x000001499788f000 Exception <a 'java/lang/InterruptedException'{0x000000008bb98110}> (0x000000008bb98110) thrown at [./src/hotspot/share/runtime/objectMonitor.cpp, line 1635]
Event: 39.438 Thread 0x000001499788f000 Exception <a 'java/lang/NoSuchMethodError'{0x000000008bb9ff18}: 'java.lang.Object java.lang.invoke.DirectMethodHandle$Holder.invokeStatic(java.lang.Object, java.lang.Object, int, java.lang.Object, long)'> (0x000000008bb9ff18) thrown at [./src/hotspot/share/interpreter/linkResolver.cpp, line 773]
Event: 39.460 Thread 0x0000014995497800 Exception <a 'java/lang/NoSuchMethodError'{0x000000008bbda1f0}: <clinit>> (0x000000008bbda1f0) thrown at [./src/hotspot/share/prims/jni.cpp, line 1362]
Event: 39.462 Thread 0x0000014995497800 Exception <a 'java/lang/NoSuchMethodError'{0x000000008bbf1f88}: <clinit>> (0x000000008bbf1f88) thrown at [./src/hotspot/share/prims/jni.cpp, line 1362]
Event: 39.464 Thread 0x0000014995497800 Exception <a 'java/lang/NoSuchMethodError'{0x000000008ba091d0}: <clinit>> (0x000000008ba091d0) thrown at [./src/hotspot/share/prims/jni.cpp, line 1362]
Event: 39.476 Thread 0x0000014995497800 Exception <a 'java/lang/NoSuchMethodError'{0x000000008ba371f0}: <clinit>> (0x000000008ba371f0) thrown at [./src/hotspot/share/prims/jni.cpp, line 1362]
Event: 39.522 Thread 0x0000014995497800 Exception <a 'java/lang/NoSuchMethodError'{0x000000008b82c2d0}: <clinit>> (0x000000008b82c2d0) thrown at [./src/hotspot/share/prims/jni.cpp, line 1362]
Event: 39.529 Thread 0x0000014995497800 Exception <a 'java/lang/NoSuchMethodError'{0x000000008b889ee8}: <clinit>> (0x000000008b889ee8) thrown at [./src/hotspot/share/prims/jni.cpp, line 1362]
Event: 39.529 Thread 0x0000014995497800 Exception <a 'java/lang/NoSuchMethodError'{0x000000008b8a8930}: <clinit>> (0x000000008b8a8930) thrown at [./src/hotspot/share/prims/jni.cpp, line 1362]
Event: 39.530 Thread 0x0000014995497800 Exception <a 'java/lang/NoSuchMethodError'{0x000000008b8c7638}: <clinit>> (0x000000008b8c7638) thrown at [./src/hotspot/share/prims/jni.cpp, line 1362]
Event: 39.717 Thread 0x0000014997891000 Exception <a 'java/lang/NoSuchMethodError'{0x000000008b6d9a50}: 'java.lang.Object java.lang.invoke.DirectMethodHandle$Holder.invokeStatic(java.lang.Object, java.lang.Object, java.lang.Object, java.lang.Object, java.lang.Object, java.lang.Object, java.lang.Object, java.lang.Object, java.lang.Object, java.lang.Object, java.lang.Object, java.lang.Object, java.lang.Object, int)'> (0x000000008b6d9a50) thrown at [./src/hotspot/share/interpreter/linkResolver.cpp, line 773]
Event: 39.721 Thread 0x0000014997891000 Exception <a 'java/lang/NoSuchMethodError'{0x000000008b6e6278}: 'java.lang.Object java.lang.invoke.DirectMethodHandle$Holder.invokeStatic(java.lang.Object, java.lang.Object, java.lang.Object, java.lang.Object, java.lang.Object, java.lang.Object, java.lang.Object, java.lang.Object, java.lang.Object, java.lang.Object, java.lang.Object, java.lang.Object, java.lang.Object, int, int)'> (0x000000008b6e6278) thrown at [./src/hotspot/share/interpreter/linkResolver.cpp, line 773]
Event: 60.677 Thread 0x0000014995497800 Exception <a 'java/lang/NoSuchMethodError'{0x000000008b33ed00}: 'void java.lang.invoke.DirectMethodHandle$Holder.invokeStatic(java.lang.Object, java.lang.Object, java.lang.Object, java.lang.Object, java.lang.Object, java.lang.Object, java.lang.Object)'> (0x000000008b33ed00) thrown at [./src/hotspot/share/interpreter/linkResolver.cpp, line 773]
Event: 60.707 Thread 0x0000014993df7800 Exception <a 'java/lang/NoSuchMethodError'{0x000000008b2d9670}: <clinit>> (0x000000008b2d9670) thrown at [./src/hotspot/share/prims/jni.cpp, line 1362]
Event: 61.345 Thread 0x0000014995497800 Implicit null exception at 0x0000014987d7bdf7 to 0x0000014987d7bf9c
Event: 61.362 Thread 0x0000014993df7800 Exception <a 'java/lang/NoSuchMethodError'{0x0000000089540c98}: <clinit>> (0x0000000089540c98) thrown at [./src/hotspot/share/prims/jni.cpp, line 1362]

Events (20 events):
Event: 62.603 loading class com/android/tools/r8/internal/Pf
Event: 62.603 loading class com/android/tools/r8/internal/Pf done
Event: 62.604 loading class com/android/tools/r8/internal/yf
Event: 62.604 loading class com/android/tools/r8/internal/yf done
Event: 62.604 loading class com/android/tools/r8/internal/if
Event: 62.604 loading class com/android/tools/r8/internal/if done
Event: 62.605 loading class com/android/tools/r8/internal/c0
Event: 62.605 loading class com/android/tools/r8/internal/c0 done
Event: 62.608 loading class com/android/tools/r8/internal/xf
Event: 62.608 loading class com/android/tools/r8/internal/xf done
Event: 62.610 loading class com/android/tools/r8/internal/zA
Event: 62.610 loading class com/android/tools/r8/internal/zA done
Event: 62.611 loading class com/android/tools/r8/internal/pf
Event: 62.611 loading class com/android/tools/r8/internal/pf done
Event: 62.612 loading class com/android/tools/r8/internal/Xv
Event: 62.612 loading class com/android/tools/r8/internal/Xv done
Event: 62.614 loading class com/android/tools/r8/internal/Ae
Event: 62.614 loading class com/android/tools/r8/internal/Ae done
Event: 62.617 loading class com/android/tools/r8/DirectoryClassFileProvider
Event: 62.617 loading class com/android/tools/r8/DirectoryClassFileProvider done


Dynamic libraries:
0x00007ff76bef0000 - 0x00007ff76befa000 	C:\Program Files\Android\Android Studio4\jre\bin\java.exe
0x00007ffe61dd0000 - 0x00007ffe61fc5000 	C:\WINDOWS\SYSTEM32\ntdll.dll
0x00007ffe60c70000 - 0x00007ffe60d2e000 	C:\WINDOWS\System32\KERNEL32.DLL
0x00007ffe5f4e0000 - 0x00007ffe5f7a8000 	C:\WINDOWS\System32\KERNELBASE.dll
0x00007ffe5f870000 - 0x00007ffe5f970000 	C:\WINDOWS\System32\ucrtbase.dll
0x00007ffe4f940000 - 0x00007ffe4f957000 	C:\Program Files\Android\Android Studio4\jre\bin\VCRUNTIME140.dll
0x00007ffe4b170000 - 0x00007ffe4b189000 	C:\Program Files\Android\Android Studio4\jre\bin\jli.dll
0x00007ffe608b0000 - 0x00007ffe60a51000 	C:\WINDOWS\System32\USER32.dll
0x00007ffe5f7b0000 - 0x00007ffe5f7d2000 	C:\WINDOWS\System32\win32u.dll
0x00007ffe61180000 - 0x00007ffe611ab000 	C:\WINDOWS\System32\GDI32.dll
0x00007ffe5f970000 - 0x00007ffe5fa7d000 	C:\WINDOWS\System32\gdi32full.dll
0x00007ffe5fc90000 - 0x00007ffe5fd2d000 	C:\WINDOWS\System32\msvcp_win.dll
0x00007ffe4a630000 - 0x00007ffe4a8ca000 	C:\WINDOWS\WinSxS\amd64_microsoft.windows.common-controls_6595b64144ccf1df_6.0.19041.1110_none_60b5254171f9507e\COMCTL32.dll
0x00007ffe5fe40000 - 0x00007ffe5fede000 	C:\WINDOWS\System32\msvcrt.dll
0x00007ffe5fe10000 - 0x00007ffe5fe40000 	C:\WINDOWS\System32\IMM32.DLL
0x00007ffe2c880000 - 0x00007ffe2c91d000 	C:\Program Files\Android\Android Studio4\jre\bin\msvcp140.dll
0x00007ffdef180000 - 0x00007ffdefc4f000 	C:\Program Files\Android\Android Studio4\jre\bin\server\jvm.dll
0x00007ffe60800000 - 0x00007ffe608ae000 	C:\WINDOWS\System32\ADVAPI32.dll
0x00007ffe61b60000 - 0x00007ffe61bfc000 	C:\WINDOWS\System32\sechost.dll
0x00007ffe61960000 - 0x00007ffe61a85000 	C:\WINDOWS\System32\RPCRT4.dll
0x00007ffe61170000 - 0x00007ffe61178000 	C:\WINDOWS\System32\PSAPI.DLL
0x00007ffe45c60000 - 0x00007ffe45c87000 	C:\WINDOWS\SYSTEM32\WINMM.dll
0x00007ffe4afb0000 - 0x00007ffe4afb9000 	C:\WINDOWS\SYSTEM32\WSOCK32.dll
0x00007ffe60790000 - 0x00007ffe607fb000 	C:\WINDOWS\System32\WS2_32.dll
0x00007ffe5d360000 - 0x00007ffe5d36a000 	C:\WINDOWS\SYSTEM32\VERSION.dll
0x00007ffe5dd60000 - 0x00007ffe5dd72000 	C:\WINDOWS\SYSTEM32\kernel.appcore.dll
0x00007ffe5a0f0000 - 0x00007ffe5a101000 	C:\Program Files\Android\Android Studio4\jre\bin\verify.dll
0x00007ffe5c900000 - 0x00007ffe5cae4000 	C:\WINDOWS\SYSTEM32\DBGHELP.DLL
0x00007ffe44d80000 - 0x00007ffe44dac000 	C:\WINDOWS\SYSTEM32\dbgcore.DLL
0x00007ffe5fd80000 - 0x00007ffe5fe02000 	C:\WINDOWS\System32\bcryptPrimitives.dll
0x00007ffe58020000 - 0x00007ffe58049000 	C:\Program Files\Android\Android Studio4\jre\bin\java.dll
0x00007ffe5d370000 - 0x00007ffe5d37b000 	C:\Program Files\Android\Android Studio4\jre\bin\jimage.dll
0x00007ffe4a220000 - 0x00007ffe4a238000 	C:\Program Files\Android\Android Studio4\jre\bin\zip.dll
0x00007ffe61210000 - 0x00007ffe61954000 	C:\WINDOWS\System32\SHELL32.dll
0x00007ffe5d5b0000 - 0x00007ffe5dd45000 	C:\WINDOWS\SYSTEM32\windows.storage.dll
0x00007ffe60e10000 - 0x00007ffe61165000 	C:\WINDOWS\System32\combase.dll
0x00007ffe5ef30000 - 0x00007ffe5ef5e000 	C:\WINDOWS\SYSTEM32\Wldp.dll
0x00007ffe61c00000 - 0x00007ffe61cad000 	C:\WINDOWS\System32\SHCORE.dll
0x00007ffe60a60000 - 0x00007ffe60ab5000 	C:\WINDOWS\System32\shlwapi.dll
0x00007ffe5f420000 - 0x00007ffe5f43f000 	C:\WINDOWS\SYSTEM32\profapi.dll
0x00007ffe49b90000 - 0x00007ffe49baa000 	C:\Program Files\Android\Android Studio4\jre\bin\net.dll
0x00007ffe4d230000 - 0x00007ffe4d33c000 	C:\WINDOWS\SYSTEM32\WINHTTP.dll
0x00007ffe5ec90000 - 0x00007ffe5ecfa000 	C:\WINDOWS\system32\mswsock.dll
0x00007ffe41c70000 - 0x00007ffe41c84000 	C:\Program Files\Android\Android Studio4\jre\bin\nio.dll
0x00007ffe4fa30000 - 0x00007ffe4fa57000 	C:\Users\leoba\.gradle\native\8bec1ad78214c89d9ad589b4d07fe93259594b29d510b10fafb7a158f7737e5d\windows-amd64\native-platform.dll
0x00007ffe24410000 - 0x00007ffe2454d000 	C:\Users\leoba\.gradle\native\53dbd7edfb1c66fb8903c78663c9afc45aea4f116125fa6feffd364cf09443e8\windows-amd64\native-platform-file-events.dll
0x00007ffe5a0e0000 - 0x00007ffe5a0ea000 	C:\Program Files\Android\Android Studio4\jre\bin\management.dll
0x00007ffe580b0000 - 0x00007ffe580bc000 	C:\Program Files\Android\Android Studio4\jre\bin\management_ext.dll
0x00007ffe5ee80000 - 0x00007ffe5ee98000 	C:\WINDOWS\SYSTEM32\CRYPTSP.dll
0x00007ffe5e5a0000 - 0x00007ffe5e5d4000 	C:\WINDOWS\system32\rsaenh.dll
0x00007ffe5f7e0000 - 0x00007ffe5f807000 	C:\WINDOWS\System32\bcrypt.dll
0x00007ffe5f3e0000 - 0x00007ffe5f40e000 	C:\WINDOWS\SYSTEM32\USERENV.dll
0x00007ffe5eea0000 - 0x00007ffe5eeac000 	C:\WINDOWS\SYSTEM32\CRYPTBASE.dll
0x00007ffe5e930000 - 0x00007ffe5e96b000 	C:\WINDOWS\SYSTEM32\IPHLPAPI.DLL
0x00007ffe61a90000 - 0x00007ffe61a98000 	C:\WINDOWS\System32\NSI.dll
0x00007ffe4e0f0000 - 0x00007ffe4e107000 	C:\WINDOWS\SYSTEM32\dhcpcsvc6.DLL
0x00007ffe53000000 - 0x00007ffe5301d000 	C:\WINDOWS\SYSTEM32\dhcpcsvc.DLL
0x00007ffe5e980000 - 0x00007ffe5ea4b000 	C:\WINDOWS\SYSTEM32\DNSAPI.dll
0x00007ffe57750000 - 0x00007ffe5776e000 	C:\Users\leoba\AppData\Local\Temp\native-platform13612500782595616955dir\native-platform.dll
0x00007ffe5d3c0000 - 0x00007ffe5d3c8000 	C:\Program Files\Android\Android Studio4\jre\bin\rmi.dll
0x00007ffe41c50000 - 0x00007ffe41c67000 	C:\WINDOWS\system32\napinsp.dll
0x00007ffe41c10000 - 0x00007ffe41c2b000 	C:\WINDOWS\system32\pnrpnsp.dll
0x00007ffe59670000 - 0x00007ffe59685000 	C:\WINDOWS\system32\wshbth.dll
0x00007ffe5c030000 - 0x00007ffe5c04d000 	C:\WINDOWS\system32\NLAapi.dll
0x00007ffe41bf0000 - 0x00007ffe41c02000 	C:\WINDOWS\System32\winrnr.dll
0x00007ffe55720000 - 0x00007ffe5572a000 	C:\Windows\System32\rasadhlp.dll
0x00007ffe4c660000 - 0x00007ffe4c6df000 	C:\WINDOWS\System32\fwpuclnt.dll

dbghelp: loaded successfully - version: 4.0.5 - missing functions: none
symbol engine: initialized successfully - sym options: 0x614 - pdb path: .;C:\Program Files\Android\Android Studio4\jre\bin;C:\WINDOWS\SYSTEM32;C:\WINDOWS\WinSxS\amd64_microsoft.windows.common-controls_6595b64144ccf1df_6.0.19041.1110_none_60b5254171f9507e;C:\Program Files\Android\Android Studio4\jre\bin\server;C:\Users\leoba\.gradle\native\8bec1ad78214c89d9ad589b4d07fe93259594b29d510b10fafb7a158f7737e5d\windows-amd64;C:\Users\leoba\.gradle\native\53dbd7edfb1c66fb8903c78663c9afc45aea4f116125fa6feffd364cf09443e8\windows-amd64;C:\Users\leoba\AppData\Local\Temp\native-platform13612500782595616955dir

VM Arguments:
jvm_args: --add-opens=java.base/java.util=ALL-UNNAMED --add-opens=java.base/java.lang=ALL-UNNAMED --add-opens=java.base/java.lang.invoke=ALL-UNNAMED --add-opens=java.base/java.util=ALL-UNNAMED --add-opens=java.prefs/java.util.prefs=ALL-UNNAMED --add-opens=java.prefs/java.util.prefs=ALL-UNNAMED --add-opens=java.base/java.nio.charset=ALL-UNNAMED --add-opens=java.base/java.net=ALL-UNNAMED --add-opens=java.base/java.util.concurrent.atomic=ALL-UNNAMED -Xmx2048m -Dfile.encoding=UTF-8 -Duser.country=ES -Duser.language=es -Duser.variant 
java_command: org.gradle.launcher.daemon.bootstrap.GradleDaemon 7.0.2
java_class_path (initial): C:\Users\leoba\.gradle\wrapper\dists\gradle-7.0.2-bin\857tjihv64xamwrf0h14cai3r\gradle-7.0.2\lib\gradle-launcher-7.0.2.jar
Launcher Type: SUN_STANDARD

[Global flags]
     intx CICompilerCount                          = 3                                         {product} {ergonomic}
     uint ConcGCThreads                            = 1                                         {product} {ergonomic}
     uint G1ConcRefinementThreads                  = 4                                         {product} {ergonomic}
   size_t G1HeapRegionSize                         = 1048576                                   {product} {ergonomic}
    uintx GCDrainStackTargetSize                   = 64                                        {product} {ergonomic}
   size_t InitialHeapSize                          = 201326592                                 {product} {ergonomic}
   size_t MarkStackSize                            = 4194304                                   {product} {ergonomic}
   size_t MaxHeapSize                              = 2147483648                                {product} {command line}
   size_t MaxNewSize                               = 1287651328                                {product} {ergonomic}
   size_t MinHeapDeltaBytes                        = 1048576                                   {product} {ergonomic}
    uintx NonNMethodCodeHeapSize                   = 5830732                                {pd product} {ergonomic}
    uintx NonProfiledCodeHeapSize                  = 122913754                              {pd product} {ergonomic}
    uintx ProfiledCodeHeapSize                     = 122913754                              {pd product} {ergonomic}
    uintx ReservedCodeCacheSize                    = 251658240                              {pd product} {ergonomic}
     bool SegmentedCodeCache                       = true                                      {product} {ergonomic}
     bool UseCompressedClassPointers               = true                                 {lp64_product} {ergonomic}
     bool UseCompressedOops                        = true                                 {lp64_product} {ergonomic}
     bool UseG1GC                                  = true                                      {product} {ergonomic}
     bool UseLargePagesIndividualAllocation        = false                                  {pd product} {ergonomic}

Logging:
Log output configuration:
 #0: stdout all=warning uptime,level,tags
 #1: stderr all=off uptime,level,tags

Environment Variables:
PATH=C:\Program Files (x86)\Intel\Intel(R) Management Engine Components\iCLS\;C:\Program Files\Intel\Intel(R) Management Engine Components\iCLS\;C:\WINDOWS\system32;C:\WINDOWS;C:\WINDOWS\System32\Wbem;C:\WINDOWS\System32\WindowsPowerShell\v1.0\;C:\Program Files (x86)\Intel\Intel(R) Management Engine Components\DAL;C:\Program Files\Intel\Intel(R) Management Engine Components\DAL;C:\Program Files (x86)\Intel\Intel(R) Management Engine Components\IPT;C:\Program Files\Intel\Intel(R) Management Engine Components\IPT;c:\Program Files (x86)\Microsoft SQL Server\100\Tools\Binn\;c:\Program Files\Microsoft SQL Server\100\Tools\Binn\;c:\Program Files\Microsoft SQL Server\100\DTS\Binn\;c:\Program Files (x86)\Microsoft SQL Server\100\Tools\Binn\VSShell\Common7\IDE\;c:\Program Files (x86)\Microsoft SQL Server\100\DTS\Binn\;C:\WINDOWS\system32\config\systemprofile\.dnx\bin;C:\Program Files\Microsoft DNX\Dnvm\;C:\Program Files\Microsoft SQL Server\130\Tools\Binn\;C:\WINDOWS\System32\OpenSSH\;C:\Program Files\Git\cmd;C:\Users\leoba\AppData\Local\Microsoft\WindowsApps;C:\Users\leoba\AppData\Local\GitHubDesktop\bin;%USERPROFILE%\AppData\Local\Microsoft\WindowsApps;
USERNAME=leoba
OS=Windows_NT
PROCESSOR_IDENTIFIER=Intel64 Family 6 Model 142 Stepping 10, GenuineIntel



---------------  S Y S T E M  ---------------

OS: Windows 10 , 64 bit Build 19041 (10.0.19041.1466)
OS uptime: 0 days 17:51 hours

CPU:total 4 (initial active 4) (2 cores per cpu, 2 threads per core) family 6 model 142 stepping 10 microcode 0xb4, cmov, cx8, fxsr, mmx, sse, sse2, sse3, ssse3, sse4.1, sse4.2, popcnt, avx, avx2, aes, clmul, erms, 3dnowpref, lzcnt, ht, tsc, tscinvbit, bmi1, bmi2, adx, fma

Memory: 4k page, system-wide physical 12197M (1734M free)
TotalPageFile size 12197M (AvailPageFile size 4M)
current process WorkingSet (physical memory assigned to process): 450M, peak: 452M
current process commit charge ("private bytes"): 479M, peak: 480M

vm_info: OpenJDK 64-Bit Server VM (11.0.10+0-b96-7249189) for windows-amd64 JRE (11.0.10+0-b96-7249189), built on Mar 31 2021 21:44:00 by "builder" with MS VC++ 14.0 (VS2015)

END.
