#
# There is insufficient memory for the Java Runtime Environment to continue.
# Native memory allocation (mmap) failed to map 65536 bytes for Failed to commit area from 0x000001727aa70000 to 0x000001727aa80000 of length 65536.
# Possible reasons:
#   The system is out of physical RAM or swap space
#   The process is running with CompressedOops enabled, and the Java Heap may be blocking the growth of the native heap
# Possible solutions:
#   Reduce memory load on the system
#   Increase physical memory or swap space
#   Check if swap backing store is full
#   Decrease Java heap size (-Xmx/-Xms)
#   Decrease number of Java threads
#   Decrease Java thread stack sizes (-Xss)
#   Set larger code cache with -XX:ReservedCodeCacheSize=
#   JVM is running with Unscaled Compressed Oops mode in which the Java heap is
#     placed in the first 4GB address space. The Java Heap base address is the
#     maximum limit for the native heap growth. Please use -XX:HeapBaseMinAddress
#     to set the Java Heap base and to place the Java Heap above 4GB virtual address.
# This output file may be truncated or incomplete.
#
#  Out of Memory Error (./src/hotspot/os/windows/os_windows.cpp:3301), pid=12444, tid=15756
#
# JRE version: OpenJDK Runtime Environment (11.0.10) (build 11.0.10+0-b96-7249189)
# Java VM: OpenJDK 64-Bit Server VM (11.0.10+0-b96-7249189, mixed mode, tiered, compressed oops, g1 gc, windows-amd64)
# No core dump will be written. Minidumps are not enabled by default on client versions of Windows
#

---------------  S U M M A R Y ------------

Command Line: --add-opens=java.base/java.util=ALL-UNNAMED --add-opens=java.base/java.lang=ALL-UNNAMED --add-opens=java.base/java.lang.invoke=ALL-UNNAMED --add-opens=java.base/java.util=ALL-UNNAMED --add-opens=java.prefs/java.util.prefs=ALL-UNNAMED --add-opens=java.prefs/java.util.prefs=ALL-UNNAMED --add-opens=java.base/java.nio.charset=ALL-UNNAMED --add-opens=java.base/java.net=ALL-UNNAMED --add-opens=java.base/java.util.concurrent.atomic=ALL-UNNAMED -Xmx2048m -Dfile.encoding=UTF-8 -Duser.country=ES -Duser.language=es -Duser.variant org.gradle.launcher.daemon.bootstrap.GradleDaemon 7.0.2

Host: Intel(R) Core(TM) i3-7020U CPU @ 2.30GHz, 4 cores, 11G,  Windows 10 , 64 bit Build 19041 (10.0.19041.1466)
Time: Wed Feb  9 11:56:25 2022 Hora estándar de Argentina elapsed time: 9620.542719 seconds (0d 2h 40m 20s)

---------------  T H R E A D  ---------------

Current thread (0x000001727ea89000):  VMThread "VM Thread" [stack: 0x0000002ce3000000,0x0000002ce3100000] [id=15756]

Stack: [0x0000002ce3000000,0x0000002ce3100000]
[error occurred during error reporting (printing stack bounds), id 0xc0000005, EXCEPTION_ACCESS_VIOLATION (0xc0000005) at pc=0x00000172689b0f2d]

Native frames: (J=compiled Java code, j=interpreted, Vv=VM code, C=native code)
V  [jvm.dll+0x5ecfaa]
V  [jvm.dll+0x722bd5]
V  [jvm.dll+0x72412d]
V  [jvm.dll+0x724745]
V  [jvm.dll+0x7246fb]
V  [jvm.dll+0x5ec348]
V  [jvm.dll+0x5ecad8]
C  [ntdll.dll+0xa20cf]
C  [ntdll.dll+0x51454]
C  [ntdll.dll+0xa0bfe]
C  0x00000172689b0f2d

VM_Operation (0x0000002ce58f94b0): G1CollectForAllocation, mode: safepoint, requested by thread 0x00000172071f7000


---------------  P R O C E S S  ---------------

Threads class SMR info:
_java_thread_list=0x0000017206fec620, length=62, elements={
0x0000017264ebd800, 0x000001727eac3800, 0x000001727eac9000, 0x000001727f32b800,
0x000001727f32e800, 0x000001727f332800, 0x000001727f33a000, 0x000001727f33c000,
0x000001727f344000, 0x000001727f491800, 0x00000172014f7800, 0x0000017201d4b000,
0x0000017200a6f800, 0x0000017200b3c000, 0x0000017200b3c800, 0x0000017200b3d800,
0x0000017200b3f000, 0x0000017200b40000, 0x0000017203090800, 0x000001720308d000,
0x0000017203092000, 0x000001720308f000, 0x0000017203093800, 0x0000017203097000,
0x000001720309b000, 0x00000172071f8800, 0x0000017204911000, 0x000001720491f000,
0x000001720308f800, 0x0000017203096000, 0x000001720491e000, 0x0000017204913800,
0x0000017204914800, 0x0000017204912000, 0x0000017204915800, 0x0000017204913000,
0x0000017204910800, 0x000001720491b000, 0x0000017204919800, 0x000001720491a000,
0x000001720491c000, 0x0000017204917000, 0x000001720491d800, 0x00000172071fa000,
0x00000172071fc800, 0x00000172071f7000, 0x00000172071fb000, 0x00000172071f9800,
0x00000172071fd800, 0x00000172071f7800, 0x0000017203093000, 0x0000017203099800,
0x0000017203098000, 0x000001720309a000, 0x0000017200ad9800, 0x000001720309c000,
0x0000017200b3e000, 0x0000017200b3a000, 0x0000017200b40800, 0x0000017200b3b000,
0x0000017204d24000, 0x0000017204d20800
}

Java Threads: ( => current thread )
  0x0000017264ebd800 JavaThread "main" [_thread_blocked, id=3876, stack(0x0000002ce2a00000,0x0000002ce2b00000)]
  0x000001727eac3800 JavaThread "Reference Handler" daemon [_thread_blocked, id=3436, stack(0x0000002ce3100000,0x0000002ce3200000)]
  0x000001727eac9000 JavaThread "Finalizer" daemon [_thread_blocked, id=16112, stack(0x0000002ce3200000,0x0000002ce3300000)]
  0x000001727f32b800 JavaThread "Signal Dispatcher" daemon [_thread_blocked, id=6800, stack(0x0000002ce3300000,0x0000002ce3400000)]
  0x000001727f32e800 JavaThread "Attach Listener" daemon [_thread_blocked, id=10764, stack(0x0000002ce3400000,0x0000002ce3500000)]
  0x000001727f332800 JavaThread "Service Thread" daemon [_thread_blocked, id=6204, stack(0x0000002ce3500000,0x0000002ce3600000)]
  0x000001727f33a000 JavaThread "C2 CompilerThread0" daemon [_thread_blocked, id=5396, stack(0x0000002ce3600000,0x0000002ce3700000)]
  0x000001727f33c000 JavaThread "C1 CompilerThread0" daemon [_thread_blocked, id=14108, stack(0x0000002ce3700000,0x0000002ce3800000)]
  0x000001727f344000 JavaThread "Sweeper thread" daemon [_thread_blocked, id=11032, stack(0x0000002ce3800000,0x0000002ce3900000)]
  0x000001727f491800 JavaThread "Common-Cleaner" daemon [_thread_blocked, id=2332, stack(0x0000002ce3900000,0x0000002ce3a00000)]
  0x00000172014f7800 JavaThread "Daemon health stats" [_thread_blocked, id=8120, stack(0x0000002ce3f00000,0x0000002ce4000000)]
  0x0000017201d4b000 JavaThread "Incoming local TCP Connector on port 64671" [_thread_in_native, id=8408, stack(0x0000002ce3b00000,0x0000002ce3c00000)]
  0x0000017200a6f800 JavaThread "Daemon periodic checks" [_thread_blocked, id=12204, stack(0x0000002ce4000000,0x0000002ce4100000)]
  0x0000017200b3c000 JavaThread "Cache worker for file hash cache (C:\Users\leoba\.gradle\caches\7.0.2\fileHashes)" [_thread_blocked, id=6468, stack(0x0000002ce4800000,0x0000002ce4900000)]
  0x0000017200b3c800 JavaThread "File lock request listener" [_thread_in_native, id=14212, stack(0x0000002ce4900000,0x0000002ce4a00000)]
  0x0000017200b3d800 JavaThread "Cache worker for journal cache (C:\Users\leoba\.gradle\caches\journal-1)" [_thread_blocked, id=16008, stack(0x0000002ce4a00000,0x0000002ce4b00000)]
  0x0000017200b3f000 JavaThread "File watcher server" daemon [_thread_blocked, id=108, stack(0x0000002ce4d00000,0x0000002ce4e00000)]
  0x0000017200b40000 JavaThread "File watcher consumer" daemon [_thread_blocked, id=6880, stack(0x0000002ce4e00000,0x0000002ce4f00000)]
  0x0000017203090800 JavaThread "Cache worker for execution history cache (C:\Users\leoba\.gradle\caches\7.0.2\executionHistory)" [_thread_blocked, id=10588, stack(0x0000002ce5200000,0x0000002ce5300000)]
  0x000001720308d000 JavaThread "jar transforms" [_thread_blocked, id=16192, stack(0x0000002ce5300000,0x0000002ce5400000)]
  0x0000017203092000 JavaThread "jar transforms Thread 2" [_thread_blocked, id=14464, stack(0x0000002ce5400000,0x0000002ce5500000)]
  0x000001720308f000 JavaThread "Cache worker for file content cache (C:\Users\leoba\.gradle\caches\7.0.2\fileContent)" [_thread_blocked, id=11208, stack(0x0000002ce5500000,0x0000002ce5600000)]
  0x0000017203093800 JavaThread "jar transforms Thread 3" [_thread_blocked, id=12888, stack(0x0000002ce5700000,0x0000002ce5800000)]
  0x0000017203097000 JavaThread "jar transforms Thread 4" [_thread_blocked, id=9176, stack(0x0000002ce5d00000,0x0000002ce5e00000)]
  0x000001720309b000 JavaThread "Memory manager" [_thread_blocked, id=14248, stack(0x0000002ce5e00000,0x0000002ce5f00000)]
  0x00000172071f8800 JavaThread "RMI Scheduler(0)" daemon [_thread_blocked, id=2180, stack(0x0000002ce4b00000,0x0000002ce4c00000)]
  0x0000017204911000 JavaThread "RMI TCP Accept-0" daemon [_thread_in_native, id=5836, stack(0x0000002ce6700000,0x0000002ce6800000)]
  0x000001720491f000 JavaThread "RMI GC Daemon" daemon [_thread_blocked, id=6136, stack(0x0000002ce6c00000,0x0000002ce6d00000)]
  0x000001720308f800 JavaThread "RMI Reaper" [_thread_blocked, id=10472, stack(0x0000002ce6d00000,0x0000002ce6e00000)]
  0x0000017203096000 JavaThread "Cache worker for Java compile cache (C:\Users\leoba\.gradle\caches\7.0.2\javaCompile)" [_thread_blocked, id=14384, stack(0x0000002ce6b00000,0x0000002ce6c00000)]
  0x000001720491e000 JavaThread "ForkJoinPool.commonPool-worker-5" daemon [_thread_blocked, id=2920, stack(0x0000002ce7500000,0x0000002ce7600000)]
  0x0000017204913800 JavaThread "Daemon Thread 10" [_thread_blocked, id=468, stack(0x0000002ce2700000,0x0000002ce2800000)]
  0x0000017204914800 JavaThread "Handler for socket connection from /127.0.0.1:64671 to /127.0.0.1:52325" [_thread_in_native, id=9452, stack(0x0000002ce2800000,0x0000002ce2900000)]
  0x0000017204912000 JavaThread "Cancel handler" [_thread_blocked, id=7940, stack(0x0000002ce2900000,0x0000002ce2a00000)]
  0x0000017204915800 JavaThread "Daemon worker Thread 10" [_thread_blocked, id=10528, stack(0x0000002ce4100000,0x0000002ce4200000)]
  0x0000017204913000 JavaThread "Asynchronous log dispatcher for DefaultDaemonConnection: socket connection from /127.0.0.1:64671 to /127.0.0.1:52325" [_thread_blocked, id=12144, stack(0x0000002ce4200000,0x0000002ce4300000)]
  0x0000017204910800 JavaThread "Stdin handler" [_thread_blocked, id=7584, stack(0x0000002ce4300000,0x0000002ce4400000)]
  0x000001720491b000 JavaThread "Daemon client event forwarder" [_thread_blocked, id=728, stack(0x0000002ce4400000,0x0000002ce4500000)]
  0x0000017204919800 JavaThread "Cache worker for file hash cache (C:\Users\leoba\AndroidStudioProjects\TextRecognizer\CameraXTest\.gradle\7.0.2\fileHashes)" [_thread_blocked, id=12088, stack(0x0000002ce4500000,0x0000002ce4600000)]
  0x000001720491a000 JavaThread "Cache worker for checksums cache (C:\Users\leoba\AndroidStudioProjects\TextRecognizer\CameraXTest\.gradle\checksums)" [_thread_blocked, id=2712, stack(0x0000002ce4600000,0x0000002ce4700000)]
  0x000001720491c000 JavaThread "Cache worker for cache directory md-supplier (C:\Users\leoba\.gradle\caches\7.0.2\md-supplier)" [_thread_blocked, id=13652, stack(0x0000002ce4700000,0x0000002ce4800000)]
  0x0000017204917000 JavaThread "Cache worker for cache directory md-rule (C:\Users\leoba\.gradle\caches\7.0.2\md-rule)" [_thread_blocked, id=3696, stack(0x0000002ce4c00000,0x0000002ce4d00000)]
  0x000001720491d800 JavaThread "Cache worker for dependencies-accessors (C:\Users\leoba\AndroidStudioProjects\TextRecognizer\CameraXTest\.gradle\7.0.2\dependencies-accessors)" [_thread_blocked, id=12544, stack(0x0000002ce4f00000,0x0000002ce5000000)]
  0x00000172071fa000 JavaThread "Cache worker for Build Output Cleanup Cache (C:\Users\leoba\AndroidStudioProjects\TextRecognizer\CameraXTest\.gradle\buildOutputCleanup)" [_thread_blocked, id=16252, stack(0x0000002ce5000000,0x0000002ce5100000)]
  0x00000172071fc800 JavaThread "Build operations" [_thread_blocked, id=11548, stack(0x0000002ce5600000,0x0000002ce5700000)]
  0x00000172071f7000 JavaThread "Build operations Thread 2" [_thread_blocked, id=4848, stack(0x0000002ce5800000,0x0000002ce5900000)]
  0x00000172071fb000 JavaThread "Build operations Thread 3" [_thread_blocked, id=9808, stack(0x0000002ce5900000,0x0000002ce5a00000)]
  0x00000172071f9800 JavaThread "Build operations Thread 4" [_thread_blocked, id=3032, stack(0x0000002ce5a00000,0x0000002ce5b00000)]
  0x00000172071fd800 JavaThread "build event listener" [_thread_blocked, id=3956, stack(0x0000002ce5b00000,0x0000002ce5c00000)]
  0x00000172071f7800 JavaThread "build event listener" [_thread_blocked, id=10128, stack(0x0000002ce5c00000,0x0000002ce5d00000)]
  0x0000017203093000 JavaThread "Execution worker for ':'" [_thread_blocked, id=7520, stack(0x0000002ce5f00000,0x0000002ce6000000)]
  0x0000017203099800 JavaThread "Execution worker for ':' Thread 2" [_thread_blocked, id=6260, stack(0x0000002ce6000000,0x0000002ce6100000)]
  0x0000017203098000 JavaThread "Execution worker for ':' Thread 3" [_thread_blocked, id=8700, stack(0x0000002ce6100000,0x0000002ce6200000)]
  0x000001720309a000 JavaThread "Cache worker for execution history cache (C:\Users\leoba\AndroidStudioProjects\TextRecognizer\CameraXTest\.gradle\7.0.2\executionHistory)" [_thread_blocked, id=3156, stack(0x0000002ce6200000,0x0000002ce6300000)]
  0x0000017200ad9800 JavaThread "C2 CompilerThread1" daemon [_thread_in_native, id=7912, stack(0x0000002ce5100000,0x0000002ce5200000)]
  0x000001720309c000 JavaThread "WorkerExecutor Queue Thread 2" [_thread_blocked, id=12592, stack(0x0000002ce6400000,0x0000002ce6500000)]
  0x0000017200b3e000 JavaThread "WorkerExecutor Queue Thread 3" [_thread_blocked, id=1480, stack(0x0000002ce6500000,0x0000002ce6600000)]
  0x0000017200b3a000 JavaThread "WorkerExecutor Queue Thread 4" [_thread_blocked, id=8108, stack(0x0000002ce6600000,0x0000002ce6700000)]
  0x0000017200b40800 JavaThread "WorkerExecutor Queue Thread 5" [_thread_blocked, id=15004, stack(0x0000002ce6800000,0x0000002ce6900000)]
  0x0000017200b3b000 JavaThread "pool-45-thread-1" [_thread_blocked, id=10892, stack(0x0000002ce6a00000,0x0000002ce6b00000)]
  0x0000017204d24000 JavaThread "stderr" [_thread_in_native, id=2056, stack(0x0000002ce6e00000,0x0000002ce6f00000)]
  0x0000017204d20800 JavaThread "stdout" [_thread_in_native, id=11092, stack(0x0000002ce6f00000,0x0000002ce7000000)]

Other Threads:
=>0x000001727ea89000 VMThread "VM Thread" [stack: 0x0000002ce3000000,0x0000002ce3100000] [id=15756]
  0x000001727f4e2000 WatcherThread [stack: 0x0000002ce3a00000,0x0000002ce3b00000] [id=7748]
  0x0000017264ed6800 GCTaskThread "GC Thread#0" [stack: 0x0000002ce2b00000,0x0000002ce2c00000] [id=12960]
  0x000001727fc1f000 GCTaskThread "GC Thread#1" [stack: 0x0000002ce3c00000,0x0000002ce3d00000] [id=12224]
  0x000001727f952800 GCTaskThread "GC Thread#2" [stack: 0x0000002ce3d00000,0x0000002ce3e00000] [id=8520]
  0x000001727febe000 GCTaskThread "GC Thread#3" [stack: 0x0000002ce3e00000,0x0000002ce3f00000] [id=10108]
  0x0000017264f09800 ConcurrentGCThread "G1 Main Marker" [stack: 0x0000002ce2c00000,0x0000002ce2d00000] [id=1028]
  0x0000017264f0b800 ConcurrentGCThread "G1 Conc#0" [stack: 0x0000002ce2d00000,0x0000002ce2e00000] [id=3480]
  0x0000017264f9d800 ConcurrentGCThread "G1 Refine#0" [stack: 0x0000002ce2e00000,0x0000002ce2f00000] [id=6728]
  0x0000017264f9e800 ConcurrentGCThread "G1 Young RemSet Sampling" [stack: 0x0000002ce2f00000,0x0000002ce3000000] [id=1344]

Threads with active compile tasks:
C2 CompilerThread09620580 30772       4       org.gradle.api.internal.artifacts.transform.AbstractTransformedArtifactSet::visit (97 bytes)
C2 CompilerThread19620581 30753       4       com.android.tools.r8.internal.T6::a (6044 bytes)

VM state:at safepoint (normal execution)

VM Mutex/Monitor currently owned by a thread:  ([mutex/lock_event])
[0x0000017264eb9cc0] Threads_lock - owner thread: 0x000001727ea89000
[0x0000017264eb81c0] Heap_lock - owner thread: 0x00000172071f7000

Heap address: 0x0000000080000000, size: 2048 MB, Compressed Oops mode: 32-bit
Narrow klass base: 0x0000000000000000, Narrow klass shift: 3
Compressed class space size: 1073741824 Address: 0x0000000100000000

Heap:
 garbage-first heap   total 376832K, used 136518K [0x0000000080000000, 0x0000000100000000)
  region size 1024K, 8 young (8192K), 8 survivors (8192K)
 Metaspace       used 139247K, capacity 143520K, committed 143820K, reserved 1175552K
  class space    used 17020K, capacity 18601K, committed 18688K, reserved 1048576K
Heap Regions: E=young(eden), S=young(survivor), O=old, HS=humongous(starts), HC=humongous(continues), CS=collection set, F=free, A=archive, TAMS=top-at-mark-start (previous, next)
|   0|0x0000000080000000, 0x0000000080100000, 0x0000000080100000|100%| O|  |TAMS 0x0000000080100000, 0x0000000080100000| Untracked 
|   1|0x0000000080100000, 0x0000000080200000, 0x0000000080200000|100%| O|  |TAMS 0x0000000080200000, 0x0000000080200000| Untracked 
|   2|0x0000000080200000, 0x0000000080300000, 0x0000000080300000|100%| O|  |TAMS 0x0000000080300000, 0x0000000080300000| Untracked 
|   3|0x0000000080300000, 0x0000000080400000, 0x0000000080400000|100%|HS|  |TAMS 0x0000000080400000, 0x0000000080400000| Complete 
|   4|0x0000000080400000, 0x0000000080500000, 0x0000000080500000|100%|HC|  |TAMS 0x0000000080500000, 0x0000000080500000| Complete 
|   5|0x0000000080500000, 0x0000000080600000, 0x0000000080600000|100%|HC|  |TAMS 0x0000000080600000, 0x0000000080600000| Complete 
|   6|0x0000000080600000, 0x0000000080700000, 0x0000000080700000|100%| O|  |TAMS 0x0000000080700000, 0x0000000080700000| Untracked 
|   7|0x0000000080700000, 0x0000000080800000, 0x0000000080800000|100%| O|  |TAMS 0x0000000080800000, 0x0000000080800000| Untracked 
|   8|0x0000000080800000, 0x0000000080900000, 0x0000000080900000|100%| O|  |TAMS 0x0000000080900000, 0x0000000080900000| Untracked 
|   9|0x0000000080900000, 0x0000000080a00000, 0x0000000080a00000|100%| O|  |TAMS 0x0000000080a00000, 0x0000000080a00000| Untracked 
|  10|0x0000000080a00000, 0x0000000080b00000, 0x0000000080b00000|100%| O|  |TAMS 0x0000000080b00000, 0x0000000080b00000| Untracked 
|  11|0x0000000080b00000, 0x0000000080c00000, 0x0000000080c00000|100%| O|  |TAMS 0x0000000080c00000, 0x0000000080c00000| Untracked 
|  12|0x0000000080c00000, 0x0000000080d00000, 0x0000000080d00000|100%| O|  |TAMS 0x0000000080d00000, 0x0000000080d00000| Untracked 
|  13|0x0000000080d00000, 0x0000000080e00000, 0x0000000080e00000|100%| O|  |TAMS 0x0000000080e00000, 0x0000000080e00000| Untracked 
|  14|0x0000000080e00000, 0x0000000080f00000, 0x0000000080f00000|100%| O|  |TAMS 0x0000000080f00000, 0x0000000080f00000| Untracked 
|  15|0x0000000080f00000, 0x0000000081000000, 0x0000000081000000|100%| O|  |TAMS 0x0000000081000000, 0x0000000081000000| Untracked 
|  16|0x0000000081000000, 0x0000000081100000, 0x0000000081100000|100%| O|  |TAMS 0x0000000081100000, 0x0000000081100000| Untracked 
|  17|0x0000000081100000, 0x0000000081200000, 0x0000000081200000|100%|HS|  |TAMS 0x0000000081200000, 0x0000000081200000| Complete 
|  18|0x0000000081200000, 0x0000000081300000, 0x0000000081300000|100%|HS|  |TAMS 0x0000000081300000, 0x0000000081300000| Complete 
|  19|0x0000000081300000, 0x0000000081400000, 0x0000000081400000|100%|HS|  |TAMS 0x0000000081400000, 0x0000000081400000| Complete 
|  20|0x0000000081400000, 0x0000000081500000, 0x0000000081500000|100%|HS|  |TAMS 0x0000000081500000, 0x0000000081500000| Complete 
|  21|0x0000000081500000, 0x0000000081600000, 0x0000000081600000|100%|HC|  |TAMS 0x0000000081600000, 0x0000000081600000| Complete 
|  22|0x0000000081600000, 0x0000000081700000, 0x0000000081700000|100%|HC|  |TAMS 0x0000000081700000, 0x0000000081700000| Complete 
|  23|0x0000000081700000, 0x0000000081800000, 0x0000000081800000|100%|HS|  |TAMS 0x0000000081800000, 0x0000000081800000| Complete 
|  24|0x0000000081800000, 0x0000000081900000, 0x0000000081900000|100%|HC|  |TAMS 0x0000000081900000, 0x0000000081900000| Complete 
|  25|0x0000000081900000, 0x0000000081a00000, 0x0000000081a00000|100%| O|  |TAMS 0x0000000081a00000, 0x0000000081a00000| Untracked 
|  26|0x0000000081a00000, 0x0000000081b00000, 0x0000000081b00000|100%| O|  |TAMS 0x0000000081b00000, 0x0000000081b00000| Untracked 
|  27|0x0000000081b00000, 0x0000000081c00000, 0x0000000081c00000|100%| O|  |TAMS 0x0000000081c00000, 0x0000000081c00000| Untracked 
|  28|0x0000000081c00000, 0x0000000081d00000, 0x0000000081d00000|100%| O|  |TAMS 0x0000000081d00000, 0x0000000081d00000| Untracked 
|  29|0x0000000081d00000, 0x0000000081e00000, 0x0000000081e00000|100%| O|  |TAMS 0x0000000081e00000, 0x0000000081e00000| Untracked 
|  30|0x0000000081e00000, 0x0000000081f00000, 0x0000000081f00000|100%| O|  |TAMS 0x0000000081f00000, 0x0000000081f00000| Untracked 
|  31|0x0000000081f00000, 0x0000000082000000, 0x0000000082000000|100%| O|  |TAMS 0x0000000082000000, 0x0000000082000000| Untracked 
|  32|0x0000000082000000, 0x0000000082100000, 0x0000000082100000|100%| O|  |TAMS 0x0000000082100000, 0x0000000082100000| Untracked 
|  33|0x0000000082100000, 0x0000000082200000, 0x0000000082200000|100%| O|  |TAMS 0x0000000082200000, 0x0000000082200000| Untracked 
|  34|0x0000000082200000, 0x0000000082300000, 0x0000000082300000|100%| O|  |TAMS 0x0000000082300000, 0x0000000082300000| Untracked 
|  35|0x0000000082300000, 0x0000000082400000, 0x0000000082400000|100%| O|  |TAMS 0x0000000082400000, 0x0000000082400000| Untracked 
|  36|0x0000000082400000, 0x0000000082500000, 0x0000000082500000|100%| O|  |TAMS 0x0000000082500000, 0x0000000082500000| Untracked 
|  37|0x0000000082500000, 0x0000000082600000, 0x0000000082600000|100%| O|  |TAMS 0x0000000082600000, 0x0000000082600000| Untracked 
|  38|0x0000000082600000, 0x0000000082700000, 0x0000000082700000|100%| O|  |TAMS 0x0000000082700000, 0x0000000082700000| Untracked 
|  39|0x0000000082700000, 0x0000000082800000, 0x0000000082800000|100%| O|  |TAMS 0x0000000082800000, 0x0000000082800000| Untracked 
|  40|0x0000000082800000, 0x0000000082900000, 0x0000000082900000|100%| O|  |TAMS 0x0000000082900000, 0x0000000082900000| Untracked 
|  41|0x0000000082900000, 0x0000000082a00000, 0x0000000082a00000|100%| O|  |TAMS 0x0000000082a00000, 0x0000000082a00000| Untracked 
|  42|0x0000000082a00000, 0x0000000082b00000, 0x0000000082b00000|100%| O|  |TAMS 0x0000000082b00000, 0x0000000082b00000| Untracked 
|  43|0x0000000082b00000, 0x0000000082c00000, 0x0000000082c00000|100%| O|  |TAMS 0x0000000082c00000, 0x0000000082c00000| Untracked 
|  44|0x0000000082c00000, 0x0000000082d00000, 0x0000000082d00000|100%| O|  |TAMS 0x0000000082d00000, 0x0000000082d00000| Untracked 
|  45|0x0000000082d00000, 0x0000000082e00000, 0x0000000082e00000|100%| O|  |TAMS 0x0000000082e00000, 0x0000000082e00000| Untracked 
|  46|0x0000000082e00000, 0x0000000082f00000, 0x0000000082f00000|100%| O|  |TAMS 0x0000000082f00000, 0x0000000082f00000| Untracked 
|  47|0x0000000082f00000, 0x0000000083000000, 0x0000000083000000|100%| O|  |TAMS 0x0000000083000000, 0x0000000083000000| Untracked 
|  48|0x0000000083000000, 0x0000000083100000, 0x0000000083100000|100%| O|  |TAMS 0x0000000083100000, 0x0000000083100000| Untracked 
|  49|0x0000000083100000, 0x0000000083200000, 0x0000000083200000|100%| O|  |TAMS 0x0000000083200000, 0x0000000083200000| Untracked 
|  50|0x0000000083200000, 0x0000000083300000, 0x0000000083300000|100%| O|  |TAMS 0x0000000083300000, 0x0000000083300000| Untracked 
|  51|0x0000000083300000, 0x0000000083400000, 0x0000000083400000|100%| O|  |TAMS 0x0000000083400000, 0x0000000083400000| Untracked 
|  52|0x0000000083400000, 0x0000000083500000, 0x0000000083500000|100%| O|  |TAMS 0x0000000083500000, 0x0000000083500000| Untracked 
|  53|0x0000000083500000, 0x0000000083600000, 0x0000000083600000|100%| O|  |TAMS 0x0000000083600000, 0x0000000083600000| Untracked 
|  54|0x0000000083600000, 0x0000000083700000, 0x0000000083700000|100%| O|  |TAMS 0x0000000083700000, 0x0000000083700000| Untracked 
|  55|0x0000000083700000, 0x0000000083800000, 0x0000000083800000|100%| O|  |TAMS 0x0000000083800000, 0x0000000083800000| Untracked 
|  56|0x0000000083800000, 0x0000000083900000, 0x0000000083900000|100%| O|  |TAMS 0x0000000083900000, 0x0000000083900000| Untracked 
|  57|0x0000000083900000, 0x0000000083a00000, 0x0000000083a00000|100%| O|  |TAMS 0x0000000083a00000, 0x0000000083a00000| Untracked 
|  58|0x0000000083a00000, 0x0000000083b00000, 0x0000000083b00000|100%| O|  |TAMS 0x0000000083b00000, 0x0000000083b00000| Untracked 
|  59|0x0000000083b00000, 0x0000000083c00000, 0x0000000083c00000|100%| O|  |TAMS 0x0000000083c00000, 0x0000000083c00000| Untracked 
|  60|0x0000000083c00000, 0x0000000083d00000, 0x0000000083d00000|100%| O|  |TAMS 0x0000000083d00000, 0x0000000083d00000| Untracked 
|  61|0x0000000083d00000, 0x0000000083e00000, 0x0000000083e00000|100%| O|  |TAMS 0x0000000083e00000, 0x0000000083e00000| Untracked 
|  62|0x0000000083e00000, 0x0000000083f00000, 0x0000000083f00000|100%| O|  |TAMS 0x0000000083f00000, 0x0000000083f00000| Untracked 
|  63|0x0000000083f00000, 0x0000000084000000, 0x0000000084000000|100%| O|  |TAMS 0x0000000084000000, 0x0000000084000000| Untracked 
|  64|0x0000000084000000, 0x0000000084100000, 0x0000000084100000|100%| O|  |TAMS 0x0000000084100000, 0x0000000084100000| Untracked 
|  65|0x0000000084100000, 0x0000000084200000, 0x0000000084200000|100%| O|  |TAMS 0x0000000084200000, 0x0000000084200000| Untracked 
|  66|0x0000000084200000, 0x0000000084300000, 0x0000000084300000|100%| O|  |TAMS 0x0000000084300000, 0x0000000084300000| Untracked 
|  67|0x0000000084300000, 0x0000000084400000, 0x0000000084400000|100%| O|  |TAMS 0x0000000084400000, 0x0000000084400000| Untracked 
|  68|0x0000000084400000, 0x0000000084500000, 0x0000000084500000|100%| O|  |TAMS 0x0000000084500000, 0x0000000084500000| Untracked 
|  69|0x0000000084500000, 0x0000000084600000, 0x0000000084600000|100%| O|  |TAMS 0x0000000084600000, 0x0000000084600000| Untracked 
|  70|0x0000000084600000, 0x0000000084700000, 0x0000000084700000|100%| O|  |TAMS 0x0000000084700000, 0x0000000084700000| Untracked 
|  71|0x0000000084700000, 0x0000000084800000, 0x0000000084800000|100%| O|  |TAMS 0x0000000084800000, 0x0000000084800000| Untracked 
|  72|0x0000000084800000, 0x0000000084900000, 0x0000000084900000|100%| O|  |TAMS 0x0000000084900000, 0x0000000084900000| Untracked 
|  73|0x0000000084900000, 0x0000000084a00000, 0x0000000084a00000|100%| O|  |TAMS 0x0000000084a00000, 0x0000000084a00000| Untracked 
|  74|0x0000000084a00000, 0x0000000084b00000, 0x0000000084b00000|100%| O|  |TAMS 0x0000000084b00000, 0x0000000084b00000| Untracked 
|  75|0x0000000084b00000, 0x0000000084c00000, 0x0000000084c00000|100%| O|  |TAMS 0x0000000084c00000, 0x0000000084c00000| Untracked 
|  76|0x0000000084c00000, 0x0000000084d00000, 0x0000000084d00000|100%| O|  |TAMS 0x0000000084d00000, 0x0000000084d00000| Untracked 
|  77|0x0000000084d00000, 0x0000000084e00000, 0x0000000084e00000|100%| O|  |TAMS 0x0000000084e00000, 0x0000000084e00000| Untracked 
|  78|0x0000000084e00000, 0x0000000084f00000, 0x0000000084f00000|100%| O|  |TAMS 0x0000000084f00000, 0x0000000084f00000| Untracked 
|  79|0x0000000084f00000, 0x0000000085000000, 0x0000000085000000|100%| O|  |TAMS 0x0000000085000000, 0x0000000085000000| Untracked 
|  80|0x0000000085000000, 0x0000000085100000, 0x0000000085100000|100%| O|  |TAMS 0x0000000085100000, 0x0000000085100000| Untracked 
|  81|0x0000000085100000, 0x0000000085200000, 0x0000000085200000|100%| O|  |TAMS 0x0000000085200000, 0x0000000085200000| Untracked 
|  82|0x0000000085200000, 0x0000000085300000, 0x0000000085300000|100%| O|  |TAMS 0x0000000085300000, 0x0000000085300000| Untracked 
|  83|0x0000000085300000, 0x0000000085400000, 0x0000000085400000|100%| O|  |TAMS 0x0000000085400000, 0x0000000085400000| Untracked 
|  84|0x0000000085400000, 0x0000000085500000, 0x0000000085500000|100%| O|  |TAMS 0x0000000085500000, 0x0000000085500000| Untracked 
|  85|0x0000000085500000, 0x0000000085600000, 0x0000000085600000|100%| O|  |TAMS 0x0000000085600000, 0x0000000085600000| Untracked 
|  86|0x0000000085600000, 0x0000000085700000, 0x0000000085700000|100%| O|  |TAMS 0x0000000085700000, 0x0000000085700000| Untracked 
|  87|0x0000000085700000, 0x0000000085800000, 0x0000000085800000|100%| O|  |TAMS 0x0000000085800000, 0x0000000085800000| Untracked 
|  88|0x0000000085800000, 0x0000000085900000, 0x0000000085900000|100%| O|  |TAMS 0x0000000085900000, 0x0000000085900000| Untracked 
|  89|0x0000000085900000, 0x0000000085a00000, 0x0000000085a00000|100%| O|  |TAMS 0x0000000085a00000, 0x0000000085a00000| Untracked 
|  90|0x0000000085a00000, 0x0000000085b00000, 0x0000000085b00000|100%| O|  |TAMS 0x0000000085a00000, 0x0000000085b00000| Untracked 
|  91|0x0000000085b00000, 0x0000000085c00000, 0x0000000085c00000|100%| O|  |TAMS 0x0000000085c00000, 0x0000000085c00000| Untracked 
|  92|0x0000000085c00000, 0x0000000085d00000, 0x0000000085d00000|100%| O|  |TAMS 0x0000000085c00000, 0x0000000085d00000| Untracked 
|  93|0x0000000085d00000, 0x0000000085e00000, 0x0000000085e00000|100%| O|  |TAMS 0x0000000085e00000, 0x0000000085e00000| Untracked 
|  94|0x0000000085e00000, 0x0000000085f00000, 0x0000000085f00000|100%| O|  |TAMS 0x0000000085f00000, 0x0000000085f00000| Untracked 
|  95|0x0000000085f00000, 0x0000000086000000, 0x0000000086000000|100%| O|  |TAMS 0x0000000086000000, 0x0000000086000000| Untracked 
|  96|0x0000000086000000, 0x0000000086100000, 0x0000000086100000|100%| O|  |TAMS 0x0000000086100000, 0x0000000086100000| Untracked 
|  97|0x0000000086100000, 0x0000000086200000, 0x0000000086200000|100%| O|  |TAMS 0x0000000086200000, 0x0000000086200000| Untracked 
|  98|0x0000000086200000, 0x0000000086300000, 0x0000000086300000|100%|HS|  |TAMS 0x0000000086300000, 0x0000000086300000| Complete 
|  99|0x0000000086300000, 0x0000000086400000, 0x0000000086400000|100%|HC|  |TAMS 0x0000000086400000, 0x0000000086400000| Complete 
| 100|0x0000000086400000, 0x0000000086500000, 0x0000000086500000|100%| O|  |TAMS 0x0000000086500000, 0x0000000086500000| Untracked 
| 101|0x0000000086500000, 0x0000000086600000, 0x0000000086600000|100%| O|  |TAMS 0x0000000086600000, 0x0000000086600000| Untracked 
| 102|0x0000000086600000, 0x0000000086700000, 0x0000000086700000|100%| O|  |TAMS 0x0000000086700000, 0x0000000086700000| Untracked 
| 103|0x0000000086700000, 0x0000000086800000, 0x0000000086800000|100%| O|  |TAMS 0x000000008678b800, 0x0000000086800000| Untracked 
| 104|0x0000000086800000, 0x0000000086900000, 0x0000000086900000|100%| O|  |TAMS 0x0000000086900000, 0x0000000086900000| Untracked 
| 105|0x0000000086900000, 0x0000000086a00000, 0x0000000086a00000|100%| O|  |TAMS 0x0000000086a00000, 0x0000000086a00000| Untracked 
| 106|0x0000000086a00000, 0x0000000086b00000, 0x0000000086b00000|100%| O|  |TAMS 0x0000000086b00000, 0x0000000086b00000| Untracked 
| 107|0x0000000086b00000, 0x0000000086c00000, 0x0000000086c00000|100%| O|  |TAMS 0x0000000086c00000, 0x0000000086c00000| Untracked 
| 108|0x0000000086c00000, 0x0000000086d00000, 0x0000000086d00000|100%| O|  |TAMS 0x0000000086c00000, 0x0000000086d00000| Untracked 
| 109|0x0000000086d00000, 0x0000000086e00000, 0x0000000086e00000|100%| O|  |TAMS 0x0000000086d00000, 0x0000000086e00000| Untracked 
| 110|0x0000000086e00000, 0x0000000086f00000, 0x0000000086f00000|100%| O|  |TAMS 0x0000000086f00000, 0x0000000086f00000| Untracked 
| 111|0x0000000086f00000, 0x0000000087000000, 0x0000000087000000|100%| O|  |TAMS 0x0000000086f00000, 0x0000000087000000| Untracked 
| 112|0x0000000087000000, 0x0000000087100000, 0x0000000087100000|100%| O|  |TAMS 0x0000000087000000, 0x0000000087100000| Untracked 
| 113|0x0000000087100000, 0x0000000087200000, 0x0000000087200000|100%| O|  |TAMS 0x0000000087100000, 0x0000000087200000| Untracked 
| 114|0x0000000087200000, 0x0000000087300000, 0x0000000087300000|100%| O|  |TAMS 0x0000000087300000, 0x0000000087300000| Untracked 
| 115|0x0000000087300000, 0x0000000087400000, 0x0000000087400000|100%| O|  |TAMS 0x0000000087400000, 0x0000000087400000| Untracked 
| 116|0x0000000087400000, 0x0000000087500000, 0x0000000087500000|100%| O|  |TAMS 0x0000000087500000, 0x0000000087500000| Untracked 
| 117|0x0000000087500000, 0x0000000087600000, 0x0000000087600000|100%| O|  |TAMS 0x0000000087600000, 0x0000000087600000| Untracked 
| 118|0x0000000087600000, 0x0000000087700000, 0x0000000087700000|100%| O|  |TAMS 0x0000000087600000, 0x0000000087700000| Untracked 
| 119|0x0000000087700000, 0x0000000087800000, 0x0000000087800000|100%| O|  |TAMS 0x0000000087700000, 0x0000000087800000| Untracked 
| 120|0x0000000087800000, 0x0000000087900000, 0x0000000087900000|100%| O|  |TAMS 0x0000000087900000, 0x0000000087900000| Untracked 
| 121|0x0000000087900000, 0x0000000087a00000, 0x0000000087a00000|100%| O|  |TAMS 0x0000000087900000, 0x0000000087a00000| Untracked 
| 122|0x0000000087a00000, 0x0000000087a6be00, 0x0000000087b00000| 42%| O|  |TAMS 0x0000000087a00000, 0x0000000087a6be00| Untracked 
| 123|0x0000000087b00000, 0x0000000087b00000, 0x0000000087c00000|  0%| F|  |TAMS 0x0000000087b00000, 0x0000000087b00000| Untracked 
| 124|0x0000000087c00000, 0x0000000087c00000, 0x0000000087d00000|  0%| F|  |TAMS 0x0000000087c00000, 0x0000000087c00000| Untracked 
| 125|0x0000000087d00000, 0x0000000087d00000, 0x0000000087e00000|  0%| F|  |TAMS 0x0000000087d00000, 0x0000000087d00000| Untracked 
| 126|0x0000000087e00000, 0x0000000087e00000, 0x0000000087f00000|  0%| F|  |TAMS 0x0000000087e00000, 0x0000000087e00000| Untracked 
| 127|0x0000000087f00000, 0x0000000087f00000, 0x0000000088000000|  0%| F|  |TAMS 0x0000000087f00000, 0x0000000087f00000| Untracked 
| 128|0x0000000088000000, 0x0000000088000000, 0x0000000088100000|  0%| F|  |TAMS 0x0000000088000000, 0x0000000088000000| Untracked 
| 129|0x0000000088100000, 0x0000000088100000, 0x0000000088200000|  0%| F|  |TAMS 0x0000000088100000, 0x0000000088100000| Untracked 
| 130|0x0000000088200000, 0x0000000088200000, 0x0000000088300000|  0%| F|  |TAMS 0x0000000088200000, 0x0000000088200000| Untracked 
| 131|0x0000000088300000, 0x0000000088300000, 0x0000000088400000|  0%| F|  |TAMS 0x0000000088300000, 0x0000000088300000| Untracked 
| 132|0x0000000088400000, 0x0000000088400000, 0x0000000088500000|  0%| F|  |TAMS 0x0000000088400000, 0x0000000088400000| Untracked 
| 133|0x0000000088500000, 0x0000000088500000, 0x0000000088600000|  0%| F|  |TAMS 0x0000000088500000, 0x0000000088500000| Untracked 
| 134|0x0000000088600000, 0x0000000088600000, 0x0000000088700000|  0%| F|  |TAMS 0x0000000088600000, 0x0000000088600000| Untracked 
| 135|0x0000000088700000, 0x0000000088700000, 0x0000000088800000|  0%| F|  |TAMS 0x0000000088700000, 0x0000000088700000| Untracked 
| 136|0x0000000088800000, 0x0000000088800000, 0x0000000088900000|  0%| F|  |TAMS 0x0000000088800000, 0x0000000088800000| Untracked 
| 137|0x0000000088900000, 0x0000000088900000, 0x0000000088a00000|  0%| F|  |TAMS 0x0000000088900000, 0x0000000088900000| Untracked 
| 138|0x0000000088a00000, 0x0000000088a00000, 0x0000000088b00000|  0%| F|  |TAMS 0x0000000088a00000, 0x0000000088a00000| Untracked 
| 139|0x0000000088b00000, 0x0000000088b00000, 0x0000000088c00000|  0%| F|  |TAMS 0x0000000088b00000, 0x0000000088b00000| Untracked 
| 140|0x0000000088c00000, 0x0000000088c00000, 0x0000000088d00000|  0%| F|  |TAMS 0x0000000088c00000, 0x0000000088c00000| Untracked 
| 141|0x0000000088d00000, 0x0000000088d00000, 0x0000000088e00000|  0%| F|  |TAMS 0x0000000088d00000, 0x0000000088d00000| Untracked 
| 142|0x0000000088e00000, 0x0000000088e00000, 0x0000000088f00000|  0%| F|  |TAMS 0x0000000088e00000, 0x0000000088e00000| Untracked 
| 143|0x0000000088f00000, 0x0000000088f00000, 0x0000000089000000|  0%| F|  |TAMS 0x0000000088f00000, 0x0000000088f00000| Untracked 
| 144|0x0000000089000000, 0x0000000089000000, 0x0000000089100000|  0%| F|  |TAMS 0x0000000089000000, 0x0000000089000000| Untracked 
| 145|0x0000000089100000, 0x0000000089100000, 0x0000000089200000|  0%| F|  |TAMS 0x0000000089100000, 0x0000000089100000| Untracked 
| 146|0x0000000089200000, 0x0000000089200000, 0x0000000089300000|  0%| F|  |TAMS 0x0000000089200000, 0x0000000089200000| Untracked 
| 147|0x0000000089300000, 0x0000000089300000, 0x0000000089400000|  0%| F|  |TAMS 0x0000000089300000, 0x0000000089300000| Untracked 
| 148|0x0000000089400000, 0x0000000089400000, 0x0000000089500000|  0%| F|  |TAMS 0x0000000089400000, 0x0000000089400000| Untracked 
| 149|0x0000000089500000, 0x0000000089500000, 0x0000000089600000|  0%| F|  |TAMS 0x0000000089500000, 0x0000000089500000| Untracked 
| 150|0x0000000089600000, 0x0000000089600000, 0x0000000089700000|  0%| F|  |TAMS 0x0000000089600000, 0x0000000089600000| Untracked 
| 151|0x0000000089700000, 0x0000000089700000, 0x0000000089800000|  0%| F|  |TAMS 0x0000000089700000, 0x0000000089700000| Untracked 
| 152|0x0000000089800000, 0x0000000089800000, 0x0000000089900000|  0%| F|  |TAMS 0x0000000089800000, 0x0000000089800000| Untracked 
| 153|0x0000000089900000, 0x0000000089a00000, 0x0000000089a00000|100%| O|  |TAMS 0x0000000089a00000, 0x0000000089a00000| Untracked 
| 154|0x0000000089a00000, 0x0000000089b00000, 0x0000000089b00000|100%| O|  |TAMS 0x0000000089b00000, 0x0000000089b00000| Untracked 
| 155|0x0000000089b00000, 0x0000000089c00000, 0x0000000089c00000|100%| O|  |TAMS 0x0000000089c00000, 0x0000000089c00000| Untracked 
| 156|0x0000000089c00000, 0x0000000089c00000, 0x0000000089d00000|  0%| F|  |TAMS 0x0000000089c00000, 0x0000000089c00000| Untracked 
| 157|0x0000000089d00000, 0x0000000089d00000, 0x0000000089e00000|  0%| F|  |TAMS 0x0000000089d00000, 0x0000000089d00000| Untracked 
| 158|0x0000000089e00000, 0x0000000089e00000, 0x0000000089f00000|  0%| F|  |TAMS 0x0000000089e00000, 0x0000000089e00000| Untracked 
| 159|0x0000000089f00000, 0x0000000089f00000, 0x000000008a000000|  0%| F|  |TAMS 0x0000000089f00000, 0x0000000089f00000| Untracked 
| 160|0x000000008a000000, 0x000000008a000000, 0x000000008a100000|  0%| F|  |TAMS 0x000000008a000000, 0x000000008a000000| Untracked 
| 161|0x000000008a100000, 0x000000008a100000, 0x000000008a200000|  0%| F|  |TAMS 0x000000008a100000, 0x000000008a100000| Untracked 
| 162|0x000000008a200000, 0x000000008a200000, 0x000000008a300000|  0%| F|  |TAMS 0x000000008a200000, 0x000000008a200000| Untracked 
| 163|0x000000008a300000, 0x000000008a300000, 0x000000008a400000|  0%| F|  |TAMS 0x000000008a300000, 0x000000008a300000| Untracked 
| 164|0x000000008a400000, 0x000000008a400000, 0x000000008a500000|  0%| F|  |TAMS 0x000000008a400000, 0x000000008a400000| Untracked 
| 165|0x000000008a500000, 0x000000008a500000, 0x000000008a600000|  0%| F|  |TAMS 0x000000008a500000, 0x000000008a500000| Untracked 
| 166|0x000000008a600000, 0x000000008a600000, 0x000000008a700000|  0%| F|  |TAMS 0x000000008a600000, 0x000000008a600000| Untracked 
| 167|0x000000008a700000, 0x000000008a700000, 0x000000008a800000|  0%| F|  |TAMS 0x000000008a700000, 0x000000008a700000| Untracked 
| 168|0x000000008a800000, 0x000000008a800000, 0x000000008a900000|  0%| F|  |TAMS 0x000000008a800000, 0x000000008a800000| Untracked 
| 169|0x000000008a900000, 0x000000008a900000, 0x000000008aa00000|  0%| F|  |TAMS 0x000000008a900000, 0x000000008a900000| Untracked 
| 170|0x000000008aa00000, 0x000000008aa00000, 0x000000008ab00000|  0%| F|  |TAMS 0x000000008aa00000, 0x000000008aa00000| Untracked 
| 171|0x000000008ab00000, 0x000000008ab00000, 0x000000008ac00000|  0%| F|  |TAMS 0x000000008ab00000, 0x000000008ab00000| Untracked 
| 172|0x000000008ac00000, 0x000000008ac00000, 0x000000008ad00000|  0%| F|  |TAMS 0x000000008ac00000, 0x000000008ac00000| Untracked 
| 173|0x000000008ad00000, 0x000000008ad00000, 0x000000008ae00000|  0%| F|  |TAMS 0x000000008ad00000, 0x000000008ad00000| Untracked 
| 174|0x000000008ae00000, 0x000000008ae00000, 0x000000008af00000|  0%| F|  |TAMS 0x000000008ae00000, 0x000000008ae00000| Untracked 
| 175|0x000000008af00000, 0x000000008af00000, 0x000000008b000000|  0%| F|  |TAMS 0x000000008af00000, 0x000000008af00000| Untracked 
| 176|0x000000008b000000, 0x000000008b000000, 0x000000008b100000|  0%| F|  |TAMS 0x000000008b000000, 0x000000008b000000| Untracked 
| 177|0x000000008b100000, 0x000000008b100000, 0x000000008b200000|  0%| F|  |TAMS 0x000000008b100000, 0x000000008b100000| Untracked 
| 178|0x000000008b200000, 0x000000008b200000, 0x000000008b300000|  0%| F|  |TAMS 0x000000008b200000, 0x000000008b200000| Untracked 
| 179|0x000000008b300000, 0x000000008b3e5cf8, 0x000000008b400000| 89%| S|CS|TAMS 0x000000008b300000, 0x000000008b300000| Complete 
| 180|0x000000008b400000, 0x000000008b500000, 0x000000008b500000|100%| S|CS|TAMS 0x000000008b400000, 0x000000008b400000| Complete 
| 181|0x000000008b500000, 0x000000008b600000, 0x000000008b600000|100%| S|CS|TAMS 0x000000008b500000, 0x000000008b500000| Complete 
| 182|0x000000008b600000, 0x000000008b700000, 0x000000008b700000|100%| S|CS|TAMS 0x000000008b600000, 0x000000008b600000| Complete 
| 183|0x000000008b700000, 0x000000008b800000, 0x000000008b800000|100%| S|CS|TAMS 0x000000008b700000, 0x000000008b700000| Complete 
| 184|0x000000008b800000, 0x000000008b900000, 0x000000008b900000|100%| S|CS|TAMS 0x000000008b800000, 0x000000008b800000| Complete 
| 185|0x000000008b900000, 0x000000008ba00000, 0x000000008ba00000|100%| S|CS|TAMS 0x000000008b900000, 0x000000008b900000| Complete 
| 186|0x000000008ba00000, 0x000000008bb00000, 0x000000008bb00000|100%| S|CS|TAMS 0x000000008ba00000, 0x000000008ba00000| Complete 
| 187|0x000000008bb00000, 0x000000008bb00000, 0x000000008bc00000|  0%| F|  |TAMS 0x000000008bb00000, 0x000000008bb00000| Untracked 
| 188|0x000000008bc00000, 0x000000008bc00000, 0x000000008bd00000|  0%| F|  |TAMS 0x000000008bc00000, 0x000000008bc00000| Untracked 
| 189|0x000000008bd00000, 0x000000008bd00000, 0x000000008be00000|  0%| F|  |TAMS 0x000000008bd00000, 0x000000008bd00000| Untracked 
| 190|0x000000008be00000, 0x000000008be00000, 0x000000008bf00000|  0%| F|  |TAMS 0x000000008be00000, 0x000000008be00000| Untracked 
| 191|0x000000008bf00000, 0x000000008bf00000, 0x000000008c000000|  0%| F|  |TAMS 0x000000008bf00000, 0x000000008bf00000| Untracked 
| 192|0x000000008c000000, 0x000000008c000000, 0x000000008c100000|  0%| F|  |TAMS 0x000000008c000000, 0x000000008c000000| Untracked 
| 193|0x000000008c100000, 0x000000008c100000, 0x000000008c200000|  0%| F|  |TAMS 0x000000008c100000, 0x000000008c100000| Untracked 
| 194|0x000000008c200000, 0x000000008c200000, 0x000000008c300000|  0%| F|  |TAMS 0x000000008c200000, 0x000000008c200000| Untracked 
| 195|0x000000008c300000, 0x000000008c300000, 0x000000008c400000|  0%| F|  |TAMS 0x000000008c300000, 0x000000008c300000| Untracked 
| 196|0x000000008c400000, 0x000000008c400000, 0x000000008c500000|  0%| F|  |TAMS 0x000000008c400000, 0x000000008c400000| Untracked 
| 197|0x000000008c500000, 0x000000008c500000, 0x000000008c600000|  0%| F|  |TAMS 0x000000008c500000, 0x000000008c500000| Untracked 
| 198|0x000000008c600000, 0x000000008c600000, 0x000000008c700000|  0%| F|  |TAMS 0x000000008c600000, 0x000000008c600000| Untracked 
| 199|0x000000008c700000, 0x000000008c700000, 0x000000008c800000|  0%| F|  |TAMS 0x000000008c700000, 0x000000008c700000| Untracked 
| 200|0x000000008c800000, 0x000000008c800000, 0x000000008c900000|  0%| F|  |TAMS 0x000000008c800000, 0x000000008c800000| Untracked 
| 201|0x000000008c900000, 0x000000008c900000, 0x000000008ca00000|  0%| F|  |TAMS 0x000000008c900000, 0x000000008c900000| Untracked 
| 202|0x000000008ca00000, 0x000000008ca00000, 0x000000008cb00000|  0%| F|  |TAMS 0x000000008ca00000, 0x000000008ca00000| Untracked 
| 203|0x000000008cb00000, 0x000000008cb00000, 0x000000008cc00000|  0%| F|  |TAMS 0x000000008cb00000, 0x000000008cb00000| Untracked 
| 204|0x000000008cc00000, 0x000000008cc00000, 0x000000008cd00000|  0%| F|  |TAMS 0x000000008cc00000, 0x000000008cc00000| Untracked 
| 205|0x000000008cd00000, 0x000000008cd00000, 0x000000008ce00000|  0%| F|  |TAMS 0x000000008cd00000, 0x000000008cd00000| Untracked 
| 206|0x000000008ce00000, 0x000000008ce00000, 0x000000008cf00000|  0%| F|  |TAMS 0x000000008ce00000, 0x000000008ce00000| Untracked 
| 207|0x000000008cf00000, 0x000000008cf00000, 0x000000008d000000|  0%| F|  |TAMS 0x000000008cf00000, 0x000000008cf00000| Untracked 
| 208|0x000000008d000000, 0x000000008d000000, 0x000000008d100000|  0%| F|  |TAMS 0x000000008d000000, 0x000000008d000000| Untracked 
| 209|0x000000008d100000, 0x000000008d100000, 0x000000008d200000|  0%| F|  |TAMS 0x000000008d100000, 0x000000008d100000| Untracked 
| 210|0x000000008d200000, 0x000000008d200000, 0x000000008d300000|  0%| F|  |TAMS 0x000000008d200000, 0x000000008d200000| Untracked 
| 211|0x000000008d300000, 0x000000008d300000, 0x000000008d400000|  0%| F|  |TAMS 0x000000008d300000, 0x000000008d300000| Untracked 
| 212|0x000000008d400000, 0x000000008d400000, 0x000000008d500000|  0%| F|  |TAMS 0x000000008d400000, 0x000000008d400000| Untracked 
| 213|0x000000008d500000, 0x000000008d500000, 0x000000008d600000|  0%| F|  |TAMS 0x000000008d500000, 0x000000008d500000| Untracked 
| 214|0x000000008d600000, 0x000000008d600000, 0x000000008d700000|  0%| F|  |TAMS 0x000000008d600000, 0x000000008d600000| Untracked 
| 215|0x000000008d700000, 0x000000008d700000, 0x000000008d800000|  0%| F|  |TAMS 0x000000008d700000, 0x000000008d700000| Untracked 
| 216|0x000000008d800000, 0x000000008d800000, 0x000000008d900000|  0%| F|  |TAMS 0x000000008d800000, 0x000000008d800000| Untracked 
| 217|0x000000008d900000, 0x000000008d900000, 0x000000008da00000|  0%| F|  |TAMS 0x000000008d900000, 0x000000008d900000| Untracked 
| 218|0x000000008da00000, 0x000000008da00000, 0x000000008db00000|  0%| F|  |TAMS 0x000000008da00000, 0x000000008da00000| Untracked 
| 219|0x000000008db00000, 0x000000008db00000, 0x000000008dc00000|  0%| F|  |TAMS 0x000000008db00000, 0x000000008db00000| Untracked 
| 220|0x000000008dc00000, 0x000000008dc00000, 0x000000008dd00000|  0%| F|  |TAMS 0x000000008dc00000, 0x000000008dc00000| Untracked 
| 221|0x000000008dd00000, 0x000000008dd00000, 0x000000008de00000|  0%| F|  |TAMS 0x000000008dd00000, 0x000000008dd00000| Untracked 
| 222|0x000000008de00000, 0x000000008de00000, 0x000000008df00000|  0%| F|  |TAMS 0x000000008de00000, 0x000000008de00000| Untracked 
| 223|0x000000008df00000, 0x000000008df00000, 0x000000008e000000|  0%| F|  |TAMS 0x000000008df00000, 0x000000008df00000| Untracked 
| 224|0x000000008e000000, 0x000000008e000000, 0x000000008e100000|  0%| F|  |TAMS 0x000000008e000000, 0x000000008e000000| Untracked 
| 225|0x000000008e100000, 0x000000008e100000, 0x000000008e200000|  0%| F|  |TAMS 0x000000008e100000, 0x000000008e100000| Untracked 
| 226|0x000000008e200000, 0x000000008e200000, 0x000000008e300000|  0%| F|  |TAMS 0x000000008e200000, 0x000000008e200000| Untracked 
| 227|0x000000008e300000, 0x000000008e300000, 0x000000008e400000|  0%| F|  |TAMS 0x000000008e300000, 0x000000008e300000| Untracked 
| 228|0x000000008e400000, 0x000000008e400000, 0x000000008e500000|  0%| F|  |TAMS 0x000000008e400000, 0x000000008e400000| Untracked 
| 229|0x000000008e500000, 0x000000008e500000, 0x000000008e600000|  0%| F|  |TAMS 0x000000008e500000, 0x000000008e500000| Untracked 
| 230|0x000000008e600000, 0x000000008e600000, 0x000000008e700000|  0%| F|  |TAMS 0x000000008e600000, 0x000000008e600000| Untracked 
| 231|0x000000008e700000, 0x000000008e700000, 0x000000008e800000|  0%| F|  |TAMS 0x000000008e700000, 0x000000008e700000| Untracked 
| 232|0x000000008e800000, 0x000000008e800000, 0x000000008e900000|  0%| F|  |TAMS 0x000000008e800000, 0x000000008e800000| Untracked 
| 233|0x000000008e900000, 0x000000008e900000, 0x000000008ea00000|  0%| F|  |TAMS 0x000000008e900000, 0x000000008e900000| Untracked 
| 234|0x000000008ea00000, 0x000000008ea00000, 0x000000008eb00000|  0%| F|  |TAMS 0x000000008ea00000, 0x000000008ea00000| Untracked 
| 235|0x000000008eb00000, 0x000000008eb00000, 0x000000008ec00000|  0%| F|  |TAMS 0x000000008eb00000, 0x000000008eb00000| Untracked 
| 236|0x000000008ec00000, 0x000000008ec00000, 0x000000008ed00000|  0%| F|  |TAMS 0x000000008ec00000, 0x000000008ec00000| Untracked 
| 237|0x000000008ed00000, 0x000000008ed00000, 0x000000008ee00000|  0%| F|  |TAMS 0x000000008ed00000, 0x000000008ed00000| Untracked 
| 238|0x000000008ee00000, 0x000000008ee00000, 0x000000008ef00000|  0%| F|  |TAMS 0x000000008ee00000, 0x000000008ee00000| Untracked 
| 239|0x000000008ef00000, 0x000000008ef00000, 0x000000008f000000|  0%| F|  |TAMS 0x000000008ef00000, 0x000000008ef00000| Untracked 
| 240|0x000000008f000000, 0x000000008f000000, 0x000000008f100000|  0%| F|  |TAMS 0x000000008f000000, 0x000000008f000000| Untracked 
| 241|0x000000008f100000, 0x000000008f100000, 0x000000008f200000|  0%| F|  |TAMS 0x000000008f100000, 0x000000008f100000| Untracked 
| 242|0x000000008f200000, 0x000000008f200000, 0x000000008f300000|  0%| F|  |TAMS 0x000000008f200000, 0x000000008f200000| Untracked 
| 243|0x000000008f300000, 0x000000008f300000, 0x000000008f400000|  0%| F|  |TAMS 0x000000008f300000, 0x000000008f300000| Untracked 
| 244|0x000000008f400000, 0x000000008f400000, 0x000000008f500000|  0%| F|  |TAMS 0x000000008f400000, 0x000000008f400000| Untracked 
| 245|0x000000008f500000, 0x000000008f500000, 0x000000008f600000|  0%| F|  |TAMS 0x000000008f500000, 0x000000008f500000| Untracked 
| 246|0x000000008f600000, 0x000000008f600000, 0x000000008f700000|  0%| F|  |TAMS 0x000000008f600000, 0x000000008f600000| Untracked 
| 247|0x000000008f700000, 0x000000008f700000, 0x000000008f800000|  0%| F|  |TAMS 0x000000008f700000, 0x000000008f700000| Untracked 
| 248|0x000000008f800000, 0x000000008f800000, 0x000000008f900000|  0%| F|  |TAMS 0x000000008f800000, 0x000000008f800000| Untracked 
| 249|0x000000008f900000, 0x000000008f900000, 0x000000008fa00000|  0%| F|  |TAMS 0x000000008f900000, 0x000000008f900000| Untracked 
| 250|0x000000008fa00000, 0x000000008fa00000, 0x000000008fb00000|  0%| F|  |TAMS 0x000000008fa00000, 0x000000008fa00000| Untracked 
| 251|0x000000008fb00000, 0x000000008fb00000, 0x000000008fc00000|  0%| F|  |TAMS 0x000000008fb00000, 0x000000008fb00000| Untracked 
| 252|0x000000008fc00000, 0x000000008fc00000, 0x000000008fd00000|  0%| F|  |TAMS 0x000000008fc00000, 0x000000008fc00000| Untracked 
| 253|0x000000008fd00000, 0x000000008fd00000, 0x000000008fe00000|  0%| F|  |TAMS 0x000000008fd00000, 0x000000008fd00000| Untracked 
| 254|0x000000008fe00000, 0x000000008fe00000, 0x000000008ff00000|  0%| F|  |TAMS 0x000000008fe00000, 0x000000008fe00000| Untracked 
| 255|0x000000008ff00000, 0x000000008ff00000, 0x0000000090000000|  0%| F|  |TAMS 0x000000008ff00000, 0x000000008ff00000| Untracked 
| 256|0x0000000090000000, 0x0000000090000000, 0x0000000090100000|  0%| F|  |TAMS 0x0000000090000000, 0x0000000090000000| Untracked 
| 257|0x0000000090100000, 0x0000000090100000, 0x0000000090200000|  0%| F|  |TAMS 0x0000000090100000, 0x0000000090100000| Untracked 
| 258|0x0000000090200000, 0x0000000090200000, 0x0000000090300000|  0%| F|  |TAMS 0x0000000090200000, 0x0000000090200000| Untracked 
| 259|0x0000000090300000, 0x0000000090300000, 0x0000000090400000|  0%| F|  |TAMS 0x0000000090300000, 0x0000000090300000| Untracked 
| 260|0x0000000090400000, 0x0000000090400000, 0x0000000090500000|  0%| F|  |TAMS 0x0000000090400000, 0x0000000090400000| Untracked 
| 261|0x0000000090500000, 0x0000000090500000, 0x0000000090600000|  0%| F|  |TAMS 0x0000000090500000, 0x0000000090500000| Untracked 
| 262|0x0000000090600000, 0x0000000090600000, 0x0000000090700000|  0%| F|  |TAMS 0x0000000090600000, 0x0000000090600000| Untracked 
| 263|0x0000000090700000, 0x0000000090700000, 0x0000000090800000|  0%| F|  |TAMS 0x0000000090700000, 0x0000000090700000| Untracked 
| 264|0x0000000090800000, 0x0000000090800000, 0x0000000090900000|  0%| F|  |TAMS 0x0000000090800000, 0x0000000090800000| Untracked 
| 265|0x0000000090900000, 0x0000000090900000, 0x0000000090a00000|  0%| F|  |TAMS 0x0000000090900000, 0x0000000090900000| Untracked 
| 266|0x0000000090a00000, 0x0000000090a00000, 0x0000000090b00000|  0%| F|  |TAMS 0x0000000090a00000, 0x0000000090a00000| Untracked 
| 267|0x0000000090b00000, 0x0000000090b00000, 0x0000000090c00000|  0%| F|  |TAMS 0x0000000090b00000, 0x0000000090b00000| Untracked 
| 268|0x0000000090c00000, 0x0000000090c00000, 0x0000000090d00000|  0%| F|  |TAMS 0x0000000090c00000, 0x0000000090c00000| Untracked 
| 269|0x0000000090d00000, 0x0000000090d00000, 0x0000000090e00000|  0%| F|  |TAMS 0x0000000090d00000, 0x0000000090d00000| Untracked 
| 270|0x0000000090e00000, 0x0000000090e00000, 0x0000000090f00000|  0%| F|  |TAMS 0x0000000090e00000, 0x0000000090e00000| Untracked 
| 271|0x0000000090f00000, 0x0000000090f00000, 0x0000000091000000|  0%| F|  |TAMS 0x0000000090f00000, 0x0000000090f00000| Untracked 
| 272|0x0000000091000000, 0x0000000091000000, 0x0000000091100000|  0%| F|  |TAMS 0x0000000091000000, 0x0000000091000000| Untracked 
| 273|0x0000000091100000, 0x0000000091100000, 0x0000000091200000|  0%| F|  |TAMS 0x0000000091100000, 0x0000000091100000| Untracked 
| 274|0x0000000091200000, 0x0000000091200000, 0x0000000091300000|  0%| F|  |TAMS 0x0000000091200000, 0x0000000091200000| Untracked 
| 275|0x0000000091300000, 0x0000000091300000, 0x0000000091400000|  0%| F|  |TAMS 0x0000000091300000, 0x0000000091300000| Untracked 
| 276|0x0000000091400000, 0x0000000091400000, 0x0000000091500000|  0%| F|  |TAMS 0x0000000091400000, 0x0000000091400000| Untracked 
| 277|0x0000000091500000, 0x0000000091500000, 0x0000000091600000|  0%| F|  |TAMS 0x0000000091500000, 0x0000000091500000| Untracked 
| 278|0x0000000091600000, 0x0000000091600000, 0x0000000091700000|  0%| F|  |TAMS 0x0000000091600000, 0x0000000091600000| Untracked 
| 279|0x0000000091700000, 0x0000000091700000, 0x0000000091800000|  0%| F|  |TAMS 0x0000000091700000, 0x0000000091700000| Untracked 
| 280|0x0000000091800000, 0x0000000091800000, 0x0000000091900000|  0%| F|  |TAMS 0x0000000091800000, 0x0000000091800000| Untracked 
| 281|0x0000000091900000, 0x0000000091900000, 0x0000000091a00000|  0%| F|  |TAMS 0x0000000091900000, 0x0000000091900000| Untracked 
| 282|0x0000000091a00000, 0x0000000091a00000, 0x0000000091b00000|  0%| F|  |TAMS 0x0000000091a00000, 0x0000000091a00000| Untracked 
| 283|0x0000000091b00000, 0x0000000091b00000, 0x0000000091c00000|  0%| F|  |TAMS 0x0000000091b00000, 0x0000000091b00000| Untracked 
| 284|0x0000000091c00000, 0x0000000091c00000, 0x0000000091d00000|  0%| F|  |TAMS 0x0000000091c00000, 0x0000000091c00000| Untracked 
| 285|0x0000000091d00000, 0x0000000091d00000, 0x0000000091e00000|  0%| F|  |TAMS 0x0000000091d00000, 0x0000000091d00000| Untracked 

Card table byte_map: [0x0000017277db0000,0x00000172781b0000] _byte_map_base: 0x00000172779b0000

Marking Bits (Prev, Next): (CMBitMap*) 0x0000017264f00c18, (CMBitMap*) 0x0000017264f00c50
 Prev Bits: [0x00000172785b0000, 0x000001727a5b0000)
 Next Bits: [0x000001727a5b0000, 0x000001727c5b0000)

Polling page: 0x00000172646a0000

Metaspace:

Usage:
  Non-class:    121.99 MB capacity,   119.36 MB ( 98%) used,     2.12 MB (  2%) free+waste,   522.38 KB ( <1%) overhead. 
      Class:     18.17 MB capacity,    16.62 MB ( 92%) used,     1.32 MB (  7%) free+waste,   226.94 KB (  1%) overhead. 
       Both:    140.16 MB capacity,   135.98 MB ( 97%) used,     3.44 MB (  2%) free+waste,   749.31 KB ( <1%) overhead. 

Virtual space:
  Non-class space:      124.00 MB reserved,     122.20 MB ( 99%) committed 
      Class space:        1.00 GB reserved,      18.25 MB (  2%) committed 
             Both:        1.12 GB reserved,     140.45 MB ( 12%) committed 

Chunk freelists:
   Non-Class:  21.00 KB
       Class:  9.00 KB
        Both:  30.00 KB

MaxMetaspaceSize: 17179869184.00 GB
CompressedClassSpaceSize: 1.00 GB

CodeHeap 'non-profiled nmethods': size=120064Kb used=20839Kb max_used=21244Kb free=99224Kb
 bounds [0x0000017270470000, 0x0000017271980000, 0x00000172779b0000]
CodeHeap 'profiled nmethods': size=120000Kb used=60077Kb max_used=60338Kb free=59922Kb
 bounds [0x0000017268f40000, 0x000001726cad0000, 0x0000017270470000]
CodeHeap 'non-nmethods': size=5696Kb used=2391Kb max_used=2455Kb free=3304Kb
 bounds [0x00000172689b0000, 0x0000017268c20000, 0x0000017268f40000]
 total_blobs=27296 nmethods=26269 adapters=937
 compilation: enabled
              stopped_count=0, restarted_count=0
 full_count=0

Compilation events (20 events):
Event: 9620.436 Thread 0x000001727f33c000 30892       2       com.android.tools.r8.internal.Lp::a (241 bytes)
Event: 9620.438 Thread 0x000001727f33c000 nmethod 30892 0x000001726adea290 code [0x000001726adea560, 0x000001726adeaf88]
Event: 9620.444 Thread 0x000001727f33c000 30894 %     3       com.android.tools.r8.internal.W4::a @ 90 (366 bytes)
Event: 9620.447 Thread 0x000001727f33c000 nmethod 30894% 0x000001726b9f8290 code [0x000001726b9f87c0, 0x000001726b9fb778]
Event: 9620.459 Thread 0x000001727f33c000 30898       3       com.android.tools.r8.internal.E7::u (845 bytes)
Event: 9620.471 Thread 0x000001727f33c000 nmethod 30898 0x000001726cab9990 code [0x000001726caba620, 0x000001726cac42e8]
Event: 9620.471 Thread 0x000001727f33c000 30899       3       com.android.tools.r8.internal.W4::a (366 bytes)
Event: 9620.474 Thread 0x000001727f33c000 nmethod 30899 0x000001726ba62990 code [0x000001726ba62ec0, 0x000001726ba65c98]
Event: 9620.478 Thread 0x000001727f33c000 30901       2       com.android.tools.r8.internal.Yc::hashCode (7 bytes)
Event: 9620.478 Thread 0x000001727f33c000 nmethod 30901 0x000001726a648690 code [0x000001726a648840, 0x000001726a648968]
Event: 9620.482 Thread 0x000001727f33c000 30902       3       com.android.tools.r8.internal.Lv::a (270 bytes)
Event: 9620.487 Thread 0x000001727f33c000 nmethod 30902 0x000001726bf94910 code [0x000001726bf94ee0, 0x000001726bf987e8]
Event: 9620.498 Thread 0x000001727f33c000 30903       2       com.android.tools.r8.internal.Fg::l1 (37 bytes)
Event: 9620.498 Thread 0x000001727f33c000 nmethod 30903 0x000001726a654010 code [0x000001726a6541c0, 0x000001726a6543d8]
Event: 9620.499 Thread 0x000001727f33c000 30904       1       com.android.tools.r8.internal.EE::a2 (3 bytes)
Event: 9620.499 Thread 0x000001727f33c000 nmethod 30904 0x00000172708aaf10 code [0x00000172708ab0c0, 0x00000172708ab178]
Event: 9620.499 Thread 0x000001727f33c000 30905       1       com.android.tools.r8.internal.Vr::a2 (3 bytes)
Event: 9620.499 Thread 0x000001727f33c000 nmethod 30905 0x00000172708aac10 code [0x00000172708aadc0, 0x00000172708aae78]
Event: 9620.504 Thread 0x000001727f33c000 30906       2       com.android.tools.r8.internal.EE::i (36 bytes)
Event: 9620.505 Thread 0x000001727f33c000 nmethod 30906 0x000001726a670c90 code [0x000001726a670e60, 0x000001726a671068]

GC Heap History (20 events):
Event: 9614.527 GC heap after
{Heap after GC invocations=166 (full 0):
 garbage-first heap   total 243712K, used 118610K [0x0000000080000000, 0x0000000100000000)
  region size 1024K, 1 young (1024K), 1 survivors (1024K)
 Metaspace       used 137595K, capacity 141623K, committed 141644K, reserved 1173504K
  class space    used 16827K, capacity 18303K, committed 18304K, reserved 1048576K
}
Event: 9614.752 GC heap before
{Heap before GC invocations=166 (full 0):
 garbage-first heap   total 243712K, used 128850K [0x0000000080000000, 0x0000000100000000)
  region size 1024K, 11 young (11264K), 1 survivors (1024K)
 Metaspace       used 137649K, capacity 141688K, committed 141900K, reserved 1173504K
  class space    used 16828K, capacity 18303K, committed 18304K, reserved 1048576K
}
Event: 9614.762 GC heap after
{Heap after GC invocations=167 (full 0):
 garbage-first heap   total 243712K, used 112276K [0x0000000080000000, 0x0000000100000000)
  region size 1024K, 1 young (1024K), 1 survivors (1024K)
 Metaspace       used 137649K, capacity 141688K, committed 141900K, reserved 1173504K
  class space    used 16828K, capacity 18303K, committed 18304K, reserved 1048576K
}
Event: 9615.958 GC heap before
{Heap before GC invocations=167 (full 0):
 garbage-first heap   total 243712K, used 179860K [0x0000000080000000, 0x0000000100000000)
  region size 1024K, 68 young (69632K), 1 survivors (1024K)
 Metaspace       used 138336K, capacity 142509K, committed 142540K, reserved 1173504K
  class space    used 16905K, capacity 18420K, committed 18432K, reserved 1048576K
}
Event: 9615.968 GC heap after
{Heap after GC invocations=168 (full 0):
 garbage-first heap   total 243712K, used 114040K [0x0000000080000000, 0x0000000100000000)
  region size 1024K, 3 young (3072K), 3 survivors (3072K)
 Metaspace       used 138336K, capacity 142509K, committed 142540K, reserved 1173504K
  class space    used 16905K, capacity 18420K, committed 18432K, reserved 1048576K
}
Event: 9617.006 GC heap before
{Heap before GC invocations=169 (full 0):
 garbage-first heap   total 243712K, used 185720K [0x0000000080000000, 0x0000000100000000)
  region size 1024K, 73 young (74752K), 3 survivors (3072K)
 Metaspace       used 138345K, capacity 142509K, committed 142540K, reserved 1173504K
  class space    used 16905K, capacity 18420K, committed 18432K, reserved 1048576K
}
Event: 9617.021 GC heap after
{Heap after GC invocations=170 (full 0):
 garbage-first heap   total 243712K, used 114048K [0x0000000080000000, 0x0000000100000000)
  region size 1024K, 3 young (3072K), 3 survivors (3072K)
 Metaspace       used 138345K, capacity 142509K, committed 142540K, reserved 1173504K
  class space    used 16905K, capacity 18420K, committed 18432K, reserved 1048576K
}
Event: 9617.091 GC heap before
{Heap before GC invocations=170 (full 0):
 garbage-first heap   total 243712K, used 122240K [0x0000000080000000, 0x0000000100000000)
  region size 1024K, 11 young (11264K), 3 survivors (3072K)
 Metaspace       used 138346K, capacity 142509K, committed 142540K, reserved 1173504K
  class space    used 16905K, capacity 18420K, committed 18432K, reserved 1048576K
}
Event: 9617.105 GC heap after
{Heap after GC invocations=171 (full 0):
 garbage-first heap   total 292864K, used 109816K [0x0000000080000000, 0x0000000100000000)
  region size 1024K, 1 young (1024K), 1 survivors (1024K)
 Metaspace       used 138346K, capacity 142509K, committed 142540K, reserved 1173504K
  class space    used 16905K, capacity 18420K, committed 18432K, reserved 1048576K
}
Event: 9617.711 GC heap before
{Heap before GC invocations=171 (full 0):
 garbage-first heap   total 292864K, used 169208K [0x0000000080000000, 0x0000000100000000)
  region size 1024K, 60 young (61440K), 1 survivors (1024K)
 Metaspace       used 138409K, capacity 142626K, committed 142924K, reserved 1173504K
  class space    used 16916K, capacity 18459K, committed 18560K, reserved 1048576K
}
Event: 9617.719 GC heap after
{Heap after GC invocations=172 (full 0):
 garbage-first heap   total 292864K, used 111377K [0x0000000080000000, 0x0000000100000000)
  region size 1024K, 2 young (2048K), 2 survivors (2048K)
 Metaspace       used 138409K, capacity 142626K, committed 142924K, reserved 1173504K
  class space    used 16916K, capacity 18459K, committed 18560K, reserved 1048576K
}
Event: 9618.560 GC heap before
{Heap before GC invocations=173 (full 0):
 garbage-first heap   total 292864K, used 214801K [0x0000000080000000, 0x0000000100000000)
  region size 1024K, 102 young (104448K), 2 survivors (2048K)
 Metaspace       used 138997K, capacity 143252K, committed 143564K, reserved 1173504K
  class space    used 17014K, capacity 18604K, committed 18688K, reserved 1048576K
}
Event: 9618.576 GC heap after
{Heap after GC invocations=174 (full 0):
 garbage-first heap   total 292864K, used 121250K [0x0000000080000000, 0x0000000100000000)
  region size 1024K, 10 young (10240K), 10 survivors (10240K)
 Metaspace       used 138997K, capacity 143252K, committed 143564K, reserved 1173504K
  class space    used 17014K, capacity 18604K, committed 18688K, reserved 1048576K
}
Event: 9618.602 GC heap before
{Heap before GC invocations=174 (full 0):
 garbage-first heap   total 292864K, used 125346K [0x0000000080000000, 0x0000000100000000)
  region size 1024K, 14 young (14336K), 10 survivors (10240K)
 Metaspace       used 138998K, capacity 143252K, committed 143564K, reserved 1173504K
  class space    used 17014K, capacity 18604K, committed 18688K, reserved 1048576K
}
Event: 9618.613 GC heap after
{Heap after GC invocations=175 (full 0):
 garbage-first heap   total 292864K, used 118674K [0x0000000080000000, 0x0000000100000000)
  region size 1024K, 2 young (2048K), 2 survivors (2048K)
 Metaspace       used 138998K, capacity 143252K, committed 143564K, reserved 1173504K
  class space    used 17014K, capacity 18604K, committed 18688K, reserved 1048576K
}
Event: 9619.099 GC heap before
{Heap before GC invocations=175 (full 0):
 garbage-first heap   total 292864K, used 219026K [0x0000000080000000, 0x0000000100000000)
  region size 1024K, 101 young (103424K), 2 survivors (2048K)
 Metaspace       used 139128K, capacity 143391K, committed 143564K, reserved 1173504K
  class space    used 17021K, capacity 18606K, committed 18688K, reserved 1048576K
}
Event: 9619.140 GC heap after
{Heap after GC invocations=176 (full 0):
 garbage-first heap   total 292864K, used 130271K [0x0000000080000000, 0x0000000100000000)
  region size 1024K, 13 young (13312K), 13 survivors (13312K)
 Metaspace       used 139128K, capacity 143391K, committed 143564K, reserved 1173504K
  class space    used 17021K, capacity 18606K, committed 18688K, reserved 1048576K
}
Event: 9619.942 GC heap before
{Heap before GC invocations=177 (full 0):
 garbage-first heap   total 292864K, used 223455K [0x0000000080000000, 0x0000000100000000)
  region size 1024K, 105 young (107520K), 13 survivors (13312K)
 Metaspace       used 139196K, capacity 143453K, committed 143564K, reserved 1173504K
  class space    used 17020K, capacity 18601K, committed 18688K, reserved 1048576K
}
Event: 9619.967 GC heap after
{Heap after GC invocations=178 (full 0):
 garbage-first heap   total 292864K, used 134483K [0x0000000080000000, 0x0000000100000000)
  region size 1024K, 6 young (6144K), 6 survivors (6144K)
 Metaspace       used 139196K, capacity 143453K, committed 143564K, reserved 1173504K
  class space    used 17020K, capacity 18601K, committed 18688K, reserved 1048576K
}
Event: 9620.518 GC heap before
{Heap before GC invocations=178 (full 0):
 garbage-first heap   total 292864K, used 229715K [0x0000000080000000, 0x0000000100000000)
  region size 1024K, 99 young (101376K), 6 survivors (6144K)
 Metaspace       used 139247K, capacity 143520K, committed 143820K, reserved 1175552K
  class space    used 17020K, capacity 18601K, committed 18688K, reserved 1048576K
}

Deoptimization events (20 events):
Event: 9619.968 Thread 0x00000172071f7000 DEOPT PACKING pc=0x00000172704ebe38 sp=0x0000002ce58f9820
Event: 9619.968 Thread 0x00000172071f7000 DEOPT UNPACKING pc=0x00000172689d78af sp=0x0000002ce58f97f8 mode 2
Event: 9620.088 Thread 0x00000172071f7000 DEOPT PACKING pc=0x000001726aea05ea sp=0x0000002ce58f9750
Event: 9620.088 Thread 0x00000172071f7000 DEOPT UNPACKING pc=0x00000172689d76ce sp=0x0000002ce58f8c08 mode 0
Event: 9620.089 Thread 0x00000172071f7000 DEOPT PACKING pc=0x000001726b5a5233 sp=0x0000002ce58f9d10
Event: 9620.089 Thread 0x00000172071f7000 DEOPT UNPACKING pc=0x00000172689d76ce sp=0x0000002ce58f93f0 mode 0
Event: 9620.141 Thread 0x00000172071f9800 DEOPT PACKING pc=0x000001726be6dfef sp=0x0000002ce5af9a30
Event: 9620.141 Thread 0x00000172071f9800 DEOPT UNPACKING pc=0x00000172689d76ce sp=0x0000002ce5af9000 mode 0
Event: 9620.155 Thread 0x00000172071f9800 DEOPT PACKING pc=0x000001726af128ea sp=0x0000002ce5af9770
Event: 9620.155 Thread 0x00000172071f9800 DEOPT UNPACKING pc=0x00000172689d76ce sp=0x0000002ce5af8c88 mode 0
Event: 9620.262 Thread 0x00000172071f9800 DEOPT PACKING pc=0x0000017269caeebc sp=0x0000002ce5af7c50
Event: 9620.262 Thread 0x00000172071f9800 DEOPT UNPACKING pc=0x00000172689d76ce sp=0x0000002ce5af70d8 mode 0
Event: 9620.313 Thread 0x00000172071fc800 DEOPT PACKING pc=0x000001726af256b7 sp=0x0000002ce56f9ba0
Event: 9620.313 Thread 0x00000172071fc800 DEOPT UNPACKING pc=0x00000172689d76ce sp=0x0000002ce56f91b0 mode 0
Event: 9620.390 Thread 0x00000172071f9800 Uncommon trap: trap_request=0xffffff4d fr.pc=0x0000017271534e74 relative=0x0000000000000734
Event: 9620.390 Thread 0x00000172071f9800 Uncommon trap: reason=unstable_if action=reinterpret pc=0x0000017271534e74 method=com.android.tools.r8.ir.regalloc.b.g(I)Lcom/android/tools/r8/ir/regalloc/b; @ 109 c2
Event: 9620.390 Thread 0x00000172071f9800 DEOPT PACKING pc=0x0000017271534e74 sp=0x0000002ce5af9870
Event: 9620.390 Thread 0x00000172071f9800 DEOPT UNPACKING pc=0x00000172689d78af sp=0x0000002ce5af9790 mode 2
Event: 9620.408 Thread 0x00000172071f9800 DEOPT PACKING pc=0x000001726b5a51d9 sp=0x0000002ce5af9d70
Event: 9620.408 Thread 0x00000172071f9800 DEOPT UNPACKING pc=0x00000172689d76ce sp=0x0000002ce5af9448 mode 0

Classes redefined (0 events):
No events

Internal exceptions (20 events):
Event: 9615.351 Thread 0x0000017200b3a000 Exception <a 'sun/nio/fs/WindowsException'{0x000000008de8b5f8}> (0x000000008de8b5f8) thrown at [./src/hotspot/share/prims/jni.cpp, line 615]
Event: 9615.408 Thread 0x0000017203099800 Exception <a 'sun/nio/fs/WindowsException'{0x000000008d24ed38}> (0x000000008d24ed38) thrown at [./src/hotspot/share/prims/jni.cpp, line 615]
Event: 9615.408 Thread 0x0000017203099800 Exception <a 'sun/nio/fs/WindowsException'{0x000000008d24fc18}> (0x000000008d24fc18) thrown at [./src/hotspot/share/prims/jni.cpp, line 615]
Event: 9615.409 Thread 0x0000017203099800 Exception <a 'sun/nio/fs/WindowsException'{0x000000008d250070}> (0x000000008d250070) thrown at [./src/hotspot/share/prims/jni.cpp, line 615]
Event: 9615.409 Thread 0x0000017203099800 Exception <a 'sun/nio/fs/WindowsException'{0x000000008d250f48}> (0x000000008d250f48) thrown at [./src/hotspot/share/prims/jni.cpp, line 615]
Event: 9615.409 Thread 0x0000017203099800 Exception <a 'sun/nio/fs/WindowsException'{0x000000008d251260}> (0x000000008d251260) thrown at [./src/hotspot/share/prims/jni.cpp, line 615]
Event: 9615.410 Thread 0x0000017203099800 Exception <a 'sun/nio/fs/WindowsException'{0x000000008d252108}> (0x000000008d252108) thrown at [./src/hotspot/share/prims/jni.cpp, line 615]
Event: 9617.954 Thread 0x00000172071f9800 Exception <a 'sun/nio/fs/WindowsException'{0x00000000907788e8}> (0x00000000907788e8) thrown at [./src/hotspot/share/prims/jni.cpp, line 615]
Event: 9617.970 Thread 0x00000172071fc800 Exception <a 'sun/nio/fs/WindowsException'{0x000000009056ea70}> (0x000000009056ea70) thrown at [./src/hotspot/share/prims/jni.cpp, line 615]
Event: 9618.027 Thread 0x00000172071f7000 Exception <a 'sun/nio/fs/WindowsException'{0x000000008fff6010}> (0x000000008fff6010) thrown at [./src/hotspot/share/prims/jni.cpp, line 615]
Event: 9618.234 Thread 0x00000172071f9800 Exception <a 'java/lang/IncompatibleClassChangeError'{0x000000008eb6a520}: Found class java.lang.Object, but interface was expected> (0x000000008eb6a520) thrown at [./src/hotspot/share/interpreter/linkResolver.cpp, line 839]
Event: 9618.310 Thread 0x00000172071f7000 Exception <a 'java/lang/NoSuchMethodError'{0x000000008de60418}: 'java.lang.Object java.lang.invoke.DirectMethodHandle$Holder.invokeStatic(java.lang.Object, int, java.lang.Object, java.lang.Object)'> (0x000000008de60418) thrown at [./src/hotspot/share/interpreter/linkResolver.cpp, line 773]
Event: 9618.325 Thread 0x00000172071f9800 Exception <a 'java/lang/NoSuchMethodError'{0x000000008dd039d0}: 'int java.lang.invoke.DirectMethodHandle$Holder.invokeSpecial(java.lang.Object, java.lang.Object, java.lang.Object, java.lang.Object, java.lang.Object, java.lang.Object, java.lang.Object, java.lang.Object, java.lang.Object)'> (0x000000008dd039d0) thrown at [./src/hotspot/share/interpreter/linkResolver.cpp, line 773]
Event: 9618.326 Thread 0x00000172071f9800 Exception <a 'java/lang/NoSuchMethodError'{0x000000008ddb7c88}: 'java.lang.Object java.lang.invoke.Invokers$Holder.linkToTargetMethod(java.lang.Object, java.lang.Object, java.lang.Object, java.lang.Object, java.lang.Object, java.lang.Object, java.lang.Object, java.lang.Object)'> (0x000000008ddb7c88) thrown at [./src/hotspot/share/interpreter/linkResolver.cpp, line 773]
Event: 9618.430 Thread 0x00000172071f7000 Exception <a 'java/lang/IncompatibleClassChangeError'{0x000000008ce85ea8}: Found class java.lang.Object, but interface was expected> (0x000000008ce85ea8) thrown at [./src/hotspot/share/interpreter/linkResolver.cpp, line 839]
Event: 9618.437 Thread 0x00000172071f7000 Exception <a 'sun/nio/fs/WindowsException'{0x000000008ceedee0}> (0x000000008ceedee0) thrown at [./src/hotspot/share/prims/jni.cpp, line 615]
Event: 9618.492 Thread 0x00000172071f9800 Exception <a 'sun/nio/fs/WindowsException'{0x000000008c355db8}> (0x000000008c355db8) thrown at [./src/hotspot/share/prims/jni.cpp, line 615]
Event: 9618.494 Thread 0x00000172071f9800 Implicit null exception at 0x0000017270b536a0 to 0x0000017270b53e0c
Event: 9618.872 Thread 0x00000172071f7000 Exception <a 'sun/nio/fs/WindowsException'{0x000000008e983258}> (0x000000008e983258) thrown at [./src/hotspot/share/prims/jni.cpp, line 615]
Event: 9618.895 Thread 0x00000172071f9800 Exception <a 'sun/nio/fs/WindowsException'{0x000000008e4d45d8}> (0x000000008e4d45d8) thrown at [./src/hotspot/share/prims/jni.cpp, line 615]

Events (20 events):
Event: 9619.602 Executing VM operation: ICBufferFull done
Event: 9619.674 Executing VM operation: ICBufferFull
Event: 9619.675 Executing VM operation: ICBufferFull done
Event: 9619.676 loading class com/android/tools/r8/internal/yh
Event: 9619.676 loading class com/android/tools/r8/internal/yh done
Event: 9619.764 Executing VM operation: CGC_Operation
Event: 9619.766 Executing VM operation: CGC_Operation done
Event: 9619.820 Executing VM operation: RevokeBias
Event: 9619.823 Executing VM operation: RevokeBias done
Event: 9619.852 loading class com/android/tools/r8/internal/l4
Event: 9619.852 loading class com/android/tools/r8/internal/l4 done
Event: 9619.916 Executing VM operation: RevokeBias
Event: 9619.918 Executing VM operation: RevokeBias done
Event: 9619.932 loading class com/android/tools/r8/internal/ha
Event: 9619.932 loading class com/android/tools/r8/internal/ha done
Event: 9619.936 loading class com/android/tools/r8/internal/k4$a
Event: 9619.936 loading class com/android/tools/r8/internal/k4$a done
Event: 9619.942 Executing VM operation: G1CollectForAllocation
Event: 9619.968 Executing VM operation: G1CollectForAllocation done
Event: 9620.517 Executing VM operation: G1CollectForAllocation


Dynamic libraries:
0x00007ff72c8b0000 - 0x00007ff72c8ba000 	C:\Program Files\Android\Android Studio4\jre\bin\java.exe
0x00007ffe61dd0000 - 0x00007ffe61fc5000 	C:\WINDOWS\SYSTEM32\ntdll.dll
0x00007ffe60c70000 - 0x00007ffe60d2e000 	C:\WINDOWS\System32\KERNEL32.DLL
0x00007ffe5f4e0000 - 0x00007ffe5f7a8000 	C:\WINDOWS\System32\KERNELBASE.dll
0x00007ffe5f870000 - 0x00007ffe5f970000 	C:\WINDOWS\System32\ucrtbase.dll
0x00007ffe4fb30000 - 0x00007ffe4fb49000 	C:\Program Files\Android\Android Studio4\jre\bin\jli.dll
0x00007ffe39b60000 - 0x00007ffe39b77000 	C:\Program Files\Android\Android Studio4\jre\bin\VCRUNTIME140.dll
0x00007ffe608b0000 - 0x00007ffe60a51000 	C:\WINDOWS\System32\USER32.dll
0x00007ffe5f7b0000 - 0x00007ffe5f7d2000 	C:\WINDOWS\System32\win32u.dll
0x00007ffe61180000 - 0x00007ffe611ab000 	C:\WINDOWS\System32\GDI32.dll
0x00007ffe5f970000 - 0x00007ffe5fa7d000 	C:\WINDOWS\System32\gdi32full.dll
0x00007ffe5fc90000 - 0x00007ffe5fd2d000 	C:\WINDOWS\System32\msvcp_win.dll
0x00007ffe4a630000 - 0x00007ffe4a8ca000 	C:\WINDOWS\WinSxS\amd64_microsoft.windows.common-controls_6595b64144ccf1df_6.0.19041.1110_none_60b5254171f9507e\COMCTL32.dll
0x00007ffe5fe40000 - 0x00007ffe5fede000 	C:\WINDOWS\System32\msvcrt.dll
0x00007ffe5fe10000 - 0x00007ffe5fe40000 	C:\WINDOWS\System32\IMM32.DLL
0x00007ffe26af0000 - 0x00007ffe26b8d000 	C:\Program Files\Android\Android Studio4\jre\bin\msvcp140.dll
0x00007ffe15220000 - 0x00007ffe15cef000 	C:\Program Files\Android\Android Studio4\jre\bin\server\jvm.dll
0x00007ffe60800000 - 0x00007ffe608ae000 	C:\WINDOWS\System32\ADVAPI32.dll
0x00007ffe61b60000 - 0x00007ffe61bfc000 	C:\WINDOWS\System32\sechost.dll
0x00007ffe61960000 - 0x00007ffe61a85000 	C:\WINDOWS\System32\RPCRT4.dll
0x00007ffe61170000 - 0x00007ffe61178000 	C:\WINDOWS\System32\PSAPI.DLL
0x00007ffe45c60000 - 0x00007ffe45c87000 	C:\WINDOWS\SYSTEM32\WINMM.dll
0x00007ffe4afb0000 - 0x00007ffe4afb9000 	C:\WINDOWS\SYSTEM32\WSOCK32.dll
0x00007ffe60790000 - 0x00007ffe607fb000 	C:\WINDOWS\System32\WS2_32.dll
0x00007ffe5d360000 - 0x00007ffe5d36a000 	C:\WINDOWS\SYSTEM32\VERSION.dll
0x00007ffe5dd60000 - 0x00007ffe5dd72000 	C:\WINDOWS\SYSTEM32\kernel.appcore.dll
0x00007ffe5a710000 - 0x00007ffe5a721000 	C:\Program Files\Android\Android Studio4\jre\bin\verify.dll
0x00007ffe5c900000 - 0x00007ffe5cae4000 	C:\WINDOWS\SYSTEM32\DBGHELP.DLL
0x00007ffe44d80000 - 0x00007ffe44dac000 	C:\WINDOWS\SYSTEM32\dbgcore.DLL
0x00007ffe5fd80000 - 0x00007ffe5fe02000 	C:\WINDOWS\System32\bcryptPrimitives.dll
0x00007ffe5a6e0000 - 0x00007ffe5a709000 	C:\Program Files\Android\Android Studio4\jre\bin\java.dll
0x00007ffe5a6d0000 - 0x00007ffe5a6db000 	C:\Program Files\Android\Android Studio4\jre\bin\jimage.dll
0x00007ffe49b90000 - 0x00007ffe49ba8000 	C:\Program Files\Android\Android Studio4\jre\bin\zip.dll
0x00007ffe61210000 - 0x00007ffe61954000 	C:\WINDOWS\System32\SHELL32.dll
0x00007ffe5d5b0000 - 0x00007ffe5dd45000 	C:\WINDOWS\SYSTEM32\windows.storage.dll
0x00007ffe60e10000 - 0x00007ffe61165000 	C:\WINDOWS\System32\combase.dll
0x00007ffe5ef30000 - 0x00007ffe5ef5e000 	C:\WINDOWS\SYSTEM32\Wldp.dll
0x00007ffe61c00000 - 0x00007ffe61cad000 	C:\WINDOWS\System32\SHCORE.dll
0x00007ffe60a60000 - 0x00007ffe60ab5000 	C:\WINDOWS\System32\shlwapi.dll
0x00007ffe5f420000 - 0x00007ffe5f43f000 	C:\WINDOWS\SYSTEM32\profapi.dll
0x00007ffe49b50000 - 0x00007ffe49b6a000 	C:\Program Files\Android\Android Studio4\jre\bin\net.dll
0x00007ffe4d230000 - 0x00007ffe4d33c000 	C:\WINDOWS\SYSTEM32\WINHTTP.dll
0x00007ffe5ec90000 - 0x00007ffe5ecfa000 	C:\WINDOWS\system32\mswsock.dll
0x00007ffe3b190000 - 0x00007ffe3b1a4000 	C:\Program Files\Android\Android Studio4\jre\bin\nio.dll
0x00007ffe4fb50000 - 0x00007ffe4fb77000 	C:\Users\leoba\.gradle\native\8bec1ad78214c89d9ad589b4d07fe93259594b29d510b10fafb7a158f7737e5d\windows-amd64\native-platform.dll
0x00007ffe0e130000 - 0x00007ffe0e26d000 	C:\Users\leoba\.gradle\native\53dbd7edfb1c66fb8903c78663c9afc45aea4f116125fa6feffd364cf09443e8\windows-amd64\native-platform-file-events.dll
0x00007ffe5a6c0000 - 0x00007ffe5a6ca000 	C:\Program Files\Android\Android Studio4\jre\bin\management.dll
0x00007ffe4e630000 - 0x00007ffe4e63c000 	C:\Program Files\Android\Android Studio4\jre\bin\management_ext.dll
0x00007ffe5ee80000 - 0x00007ffe5ee98000 	C:\WINDOWS\SYSTEM32\CRYPTSP.dll
0x00007ffe5e5a0000 - 0x00007ffe5e5d4000 	C:\WINDOWS\system32\rsaenh.dll
0x00007ffe5f7e0000 - 0x00007ffe5f807000 	C:\WINDOWS\System32\bcrypt.dll
0x00007ffe5f3e0000 - 0x00007ffe5f40e000 	C:\WINDOWS\SYSTEM32\USERENV.dll
0x00007ffe5eea0000 - 0x00007ffe5eeac000 	C:\WINDOWS\SYSTEM32\CRYPTBASE.dll
0x00007ffe5e930000 - 0x00007ffe5e96b000 	C:\WINDOWS\SYSTEM32\IPHLPAPI.DLL
0x00007ffe61a90000 - 0x00007ffe61a98000 	C:\WINDOWS\System32\NSI.dll
0x00007ffe4e0f0000 - 0x00007ffe4e107000 	C:\WINDOWS\SYSTEM32\dhcpcsvc6.DLL
0x00007ffe53000000 - 0x00007ffe5301d000 	C:\WINDOWS\SYSTEM32\dhcpcsvc.DLL
0x00007ffe5e980000 - 0x00007ffe5ea4b000 	C:\WINDOWS\SYSTEM32\DNSAPI.dll
0x00007ffe39b40000 - 0x00007ffe39b5e000 	C:\Users\leoba\AppData\Local\Temp\native-platform16364646699396827369dir\native-platform.dll
0x00007ffe4e6a0000 - 0x00007ffe4e6a8000 	C:\Program Files\Android\Android Studio4\jre\bin\rmi.dll
0x00007ffe4fa40000 - 0x00007ffe4fa57000 	C:\WINDOWS\system32\napinsp.dll
0x00007ffe56620000 - 0x00007ffe5663b000 	C:\WINDOWS\system32\pnrpnsp.dll
0x00007ffe59670000 - 0x00007ffe59685000 	C:\WINDOWS\system32\wshbth.dll
0x00007ffe5c030000 - 0x00007ffe5c04d000 	C:\WINDOWS\system32\NLAapi.dll
0x00007ffe5a030000 - 0x00007ffe5a042000 	C:\WINDOWS\System32\winrnr.dll
0x00007ffe55720000 - 0x00007ffe5572a000 	C:\Windows\System32\rasadhlp.dll
0x00007ffe4c660000 - 0x00007ffe4c6df000 	C:\WINDOWS\System32\fwpuclnt.dll
0x00007ffe5e2f0000 - 0x00007ffe5e323000 	C:\WINDOWS\SYSTEM32\ntmarta.dll

dbghelp: loaded successfully - version: 4.0.5 - missing functions: none
symbol engine: initialized successfully - sym options: 0x614 - pdb path: .;C:\Program Files\Android\Android Studio4\jre\bin;C:\WINDOWS\SYSTEM32;C:\WINDOWS\WinSxS\amd64_microsoft.windows.common-controls_6595b64144ccf1df_6.0.19041.1110_none_60b5254171f9507e;C:\Program Files\Android\Android Studio4\jre\bin\server;C:\Users\leoba\.gradle\native\8bec1ad78214c89d9ad589b4d07fe93259594b29d510b10fafb7a158f7737e5d\windows-amd64;C:\Users\leoba\.gradle\native\53dbd7edfb1c66fb8903c78663c9afc45aea4f116125fa6feffd364cf09443e8\windows-amd64;C:\Users\leoba\AppData\Local\Temp\native-platform16364646699396827369dir

VM Arguments:
jvm_args: --add-opens=java.base/java.util=ALL-UNNAMED --add-opens=java.base/java.lang=ALL-UNNAMED --add-opens=java.base/java.lang.invoke=ALL-UNNAMED --add-opens=java.base/java.util=ALL-UNNAMED --add-opens=java.prefs/java.util.prefs=ALL-UNNAMED --add-opens=java.prefs/java.util.prefs=ALL-UNNAMED --add-opens=java.base/java.nio.charset=ALL-UNNAMED --add-opens=java.base/java.net=ALL-UNNAMED --add-opens=java.base/java.util.concurrent.atomic=ALL-UNNAMED -Xmx2048m -Dfile.encoding=UTF-8 -Duser.country=ES -Duser.language=es -Duser.variant 
java_command: org.gradle.launcher.daemon.bootstrap.GradleDaemon 7.0.2
java_class_path (initial): C:\Users\leoba\.gradle\wrapper\dists\gradle-7.0.2-bin\857tjihv64xamwrf0h14cai3r\gradle-7.0.2\lib\gradle-launcher-7.0.2.jar
Launcher Type: SUN_STANDARD

[Global flags]
     intx CICompilerCount                          = 3                                         {product} {ergonomic}
     uint ConcGCThreads                            = 1                                         {product} {ergonomic}
     uint G1ConcRefinementThreads                  = 4                                         {product} {ergonomic}
   size_t G1HeapRegionSize                         = 1048576                                   {product} {ergonomic}
    uintx GCDrainStackTargetSize                   = 64                                        {product} {ergonomic}
   size_t InitialHeapSize                          = 201326592                                 {product} {ergonomic}
   size_t MarkStackSize                            = 4194304                                   {product} {ergonomic}
   size_t MaxHeapSize                              = 2147483648                                {product} {command line}
   size_t MaxNewSize                               = 1287651328                                {product} {ergonomic}
   size_t MinHeapDeltaBytes                        = 1048576                                   {product} {ergonomic}
    uintx NonNMethodCodeHeapSize                   = 5830732                                {pd product} {ergonomic}
    uintx NonProfiledCodeHeapSize                  = 122913754                              {pd product} {ergonomic}
    uintx ProfiledCodeHeapSize                     = 122913754                              {pd product} {ergonomic}
    uintx ReservedCodeCacheSize                    = 251658240                              {pd product} {ergonomic}
     bool SegmentedCodeCache                       = true                                      {product} {ergonomic}
     bool UseCompressedClassPointers               = true                                 {lp64_product} {ergonomic}
     bool UseCompressedOops                        = true                                 {lp64_product} {ergonomic}
     bool UseG1GC                                  = true                                      {product} {ergonomic}
     bool UseLargePagesIndividualAllocation        = false                                  {pd product} {ergonomic}

Logging:
Log output configuration:
 #0: stdout all=warning uptime,level,tags
 #1: stderr all=off uptime,level,tags

Environment Variables:
PATH=C:\Program Files (x86)\Intel\Intel(R) Management Engine Components\iCLS\;C:\Program Files\Intel\Intel(R) Management Engine Components\iCLS\;C:\WINDOWS\system32;C:\WINDOWS;C:\WINDOWS\System32\Wbem;C:\WINDOWS\System32\WindowsPowerShell\v1.0\;C:\Program Files (x86)\Intel\Intel(R) Management Engine Components\DAL;C:\Program Files\Intel\Intel(R) Management Engine Components\DAL;C:\Program Files (x86)\Intel\Intel(R) Management Engine Components\IPT;C:\Program Files\Intel\Intel(R) Management Engine Components\IPT;c:\Program Files (x86)\Microsoft SQL Server\100\Tools\Binn\;c:\Program Files\Microsoft SQL Server\100\Tools\Binn\;c:\Program Files\Microsoft SQL Server\100\DTS\Binn\;c:\Program Files (x86)\Microsoft SQL Server\100\Tools\Binn\VSShell\Common7\IDE\;c:\Program Files (x86)\Microsoft SQL Server\100\DTS\Binn\;C:\WINDOWS\system32\config\systemprofile\.dnx\bin;C:\Program Files\Microsoft DNX\Dnvm\;C:\Program Files\Microsoft SQL Server\130\Tools\Binn\;C:\WINDOWS\System32\OpenSSH\;C:\Program Files\Git\cmd;C:\Users\leoba\AppData\Local\Microsoft\WindowsApps;C:\Users\leoba\AppData\Local\GitHubDesktop\bin;%USERPROFILE%\AppData\Local\Microsoft\WindowsApps;
USERNAME=leoba
OS=Windows_NT
PROCESSOR_IDENTIFIER=Intel64 Family 6 Model 142 Stepping 10, GenuineIntel



---------------  S Y S T E M  ---------------

OS: Windows 10 , 64 bit Build 19041 (10.0.19041.1466)
OS uptime: 1 days 18:23 hours

CPU:total 4 (initial active 4) (2 cores per cpu, 2 threads per core) family 6 model 142 stepping 10 microcode 0xb4, cmov, cx8, fxsr, mmx, sse, sse2, sse3, ssse3, sse4.1, sse4.2, popcnt, avx, avx2, aes, clmul, erms, 3dnowpref, lzcnt, ht, tsc, tscinvbit, bmi1, bmi2, adx, fma

Memory: 4k page, system-wide physical 12197M (1044M free)
TotalPageFile size 12197M (AvailPageFile size 4M)
current process WorkingSet (physical memory assigned to process): 655M, peak: 656M
current process commit charge ("private bytes"): 813M, peak: 813M

vm_info: OpenJDK 64-Bit Server VM (11.0.10+0-b96-7249189) for windows-amd64 JRE (11.0.10+0-b96-7249189), built on Mar 31 2021 21:44:00 by "builder" with MS VC++ 14.0 (VS2015)

END.
